::1 - - [16/Sep/2020:18:38:13 +0000] "DELETE /api/v1/posts/5e7ca1b669fdbb3868686cf5 HTTP/1.1" 401 - "-" "PostmanRuntime/7.26.1"
::1 - - [16/Sep/2020:18:39:36 +0000] "POST /api/v1/user/create-session HTTP/1.1" 422 42 "-" "PostmanRuntime/7.26.1"
::1 - - [16/Sep/2020:18:42:45 +0000] "GET /users/signup HTTP/1.1" 200 2124 "http://localhost:7000/" "Mozilla/5.0 (Windows NT 10.0; Win64; x64) AppleWebKit/537.36 (KHTML, like Gecko) Chrome/85.0.4183.102 Safari/537.36"
::1 - - [16/Sep/2020:18:42:45 +0000] "GET /users/signin HTTP/1.1" 200 1984 "http://localhost:7000/" "Mozilla/5.0 (Windows NT 10.0; Win64; x64) AppleWebKit/537.36 (KHTML, like Gecko) Chrome/85.0.4183.102 Safari/537.36"
::1 - - [16/Sep/2020:18:43:32 +0000] "POST /users/create-session HTTP/1.1" 302 68 "http://localhost:7000/users/signin" "Mozilla/5.0 (Windows NT 10.0; Win64; x64) AppleWebKit/537.36 (KHTML, like Gecko) Chrome/85.0.4183.102 Safari/537.36"
::1 - - [16/Sep/2020:18:43:33 +0000] "GET /user/signin HTTP/1.1" 404 150 "http://localhost:7000/users/signin" "Mozilla/5.0 (Windows NT 10.0; Win64; x64) AppleWebKit/537.36 (KHTML, like Gecko) Chrome/85.0.4183.102 Safari/537.36"
::1 - - [16/Sep/2020:18:44:49 +0000] "GET /user/signin HTTP/1.1" 404 150 "http://localhost:7000/users/signin" "Mozilla/5.0 (Windows NT 10.0; Win64; x64) AppleWebKit/537.36 (KHTML, like Gecko) Chrome/85.0.4183.102 Safari/537.36"
::1 - - [16/Sep/2020:18:47:28 +0000] "GET / HTTP/1.1" 304 - "-" "Mozilla/5.0 (Windows NT 10.0; Win64; x64) AppleWebKit/537.36 (KHTML, like Gecko) Chrome/85.0.4183.102 Safari/537.36"
::1 - - [16/Sep/2020:18:50:03 +0000] "POST /api/v1/user/create-session HTTP/1.1" 422 42 "http://localhost:3000/" "Mozilla/5.0 (Windows NT 10.0; Win64; x64) AppleWebKit/537.36 (KHTML, like Gecko) Chrome/85.0.4183.102 Safari/537.36"
::1 - - [16/Sep/2020:18:59:02 +0000] "POST /api/v1/user/create-session HTTP/1.1" 422 42 "http://localhost:3000/" "Mozilla/5.0 (Windows NT 10.0; Win64; x64) AppleWebKit/537.36 (KHTML, like Gecko) Chrome/85.0.4183.102 Safari/537.36"
::1 - - [16/Sep/2020:19:00:09 +0000] "POST /api/v1/user/create-session HTTP/1.1" 422 42 "http://localhost:3000/" "Mozilla/5.0 (Windows NT 10.0; Win64; x64) AppleWebKit/537.36 (KHTML, like Gecko) Chrome/85.0.4183.102 Safari/537.36"
::1 - - [16/Sep/2020:19:03:14 +0000] "POST /api/v1/user/create-session HTTP/1.1" 422 42 "http://localhost:3000/" "Mozilla/5.0 (Windows NT 10.0; Win64; x64) AppleWebKit/537.36 (KHTML, like Gecko) Chrome/85.0.4183.102 Safari/537.36"
::1 - - [16/Sep/2020:19:05:34 +0000] "GET /users/signin HTTP/1.1" 404 151 "http://localhost:7000/" "Mozilla/5.0 (Windows NT 10.0; Win64; x64) AppleWebKit/537.36 (KHTML, like Gecko) Chrome/85.0.4183.102 Safari/537.36"
::1 - - [16/Sep/2020:19:06:17 +0000] "GET /users/signin HTTP/1.1" 200 1984 "http://localhost:7000/" "Mozilla/5.0 (Windows NT 10.0; Win64; x64) AppleWebKit/537.36 (KHTML, like Gecko) Chrome/85.0.4183.102 Safari/537.36"
::1 - - [16/Sep/2020:19:06:28 +0000] "POST /users/create-session HTTP/1.1" 302 68 "http://localhost:7000/users/signin" "Mozilla/5.0 (Windows NT 10.0; Win64; x64) AppleWebKit/537.36 (KHTML, like Gecko) Chrome/85.0.4183.102 Safari/537.36"
::1 - - [16/Sep/2020:19:06:28 +0000] "GET /user/signin HTTP/1.1" 404 150 "http://localhost:7000/users/signin" "Mozilla/5.0 (Windows NT 10.0; Win64; x64) AppleWebKit/537.36 (KHTML, like Gecko) Chrome/85.0.4183.102 Safari/537.36"
::1 - - [16/Sep/2020:19:09:30 +0000] "GET /user/signin HTTP/1.1" 404 150 "http://localhost:7000/users/signin" "Mozilla/5.0 (Windows NT 10.0; Win64; x64) AppleWebKit/537.36 (KHTML, like Gecko) Chrome/85.0.4183.102 Safari/537.36"
::1 - - [16/Sep/2020:19:09:39 +0000] "POST /users/create-session HTTP/1.1" 302 70 "http://localhost:7000/users/signin" "Mozilla/5.0 (Windows NT 10.0; Win64; x64) AppleWebKit/537.36 (KHTML, like Gecko) Chrome/85.0.4183.102 Safari/537.36"
::1 - - [16/Sep/2020:19:09:39 +0000] "GET /users/signin HTTP/1.1" 200 2249 "http://localhost:7000/users/signin" "Mozilla/5.0 (Windows NT 10.0; Win64; x64) AppleWebKit/537.36 (KHTML, like Gecko) Chrome/85.0.4183.102 Safari/537.36"
::1 - - [16/Sep/2020:19:09:45 +0000] "GET /users/signup HTTP/1.1" 200 2124 "http://localhost:7000/users/signin" "Mozilla/5.0 (Windows NT 10.0; Win64; x64) AppleWebKit/537.36 (KHTML, like Gecko) Chrome/85.0.4183.102 Safari/537.36"
::1 - - [16/Sep/2020:19:09:58 +0000] "POST /users/create HTTP/1.1" 302 112 "http://localhost:7000/users/signup" "Mozilla/5.0 (Windows NT 10.0; Win64; x64) AppleWebKit/537.36 (KHTML, like Gecko) Chrome/85.0.4183.102 Safari/537.36"
::1 - - [16/Sep/2020:19:09:58 +0000] "GET /users/signup HTTP/1.1" 200 2402 "http://localhost:7000/users/signup" "Mozilla/5.0 (Windows NT 10.0; Win64; x64) AppleWebKit/537.36 (KHTML, like Gecko) Chrome/85.0.4183.102 Safari/537.36"
::1 - - [16/Sep/2020:19:10:07 +0000] "POST /api/v1/user/create-session HTTP/1.1" 422 42 "http://localhost:3000/" "Mozilla/5.0 (Windows NT 10.0; Win64; x64) AppleWebKit/537.36 (KHTML, like Gecko) Chrome/85.0.4183.102 Safari/537.36"
::1 - - [16/Sep/2020:19:10:32 +0000] "POST /api/v1/user/create-session HTTP/1.1" 422 42 "http://localhost:3000/" "Mozilla/5.0 (Windows NT 10.0; Win64; x64) AppleWebKit/537.36 (KHTML, like Gecko) Chrome/85.0.4183.102 Safari/537.36"
::1 - - [16/Sep/2020:19:10:52 +0000] "POST /api/v1/user/create-session HTTP/1.1" 422 42 "-" "PostmanRuntime/7.26.1"
::1 - - [16/Sep/2020:19:11:05 +0000] "POST /api/v1/user/create-session HTTP/1.1" 422 42 "-" "PostmanRuntime/7.26.1"
::1 - - [16/Sep/2020:19:13:24 +0000] "POST /api/v1/user/create-session HTTP/1.1" 422 42 "-" "PostmanRuntime/7.26.1"
::1 - - [16/Sep/2020:19:15:35 +0000] "GET /users/signin HTTP/1.1" 200 1984 "http://localhost:7000/users/signup" "Mozilla/5.0 (Windows NT 10.0; Win64; x64) AppleWebKit/537.36 (KHTML, like Gecko) Chrome/85.0.4183.102 Safari/537.36"
::1 - - [16/Sep/2020:19:15:44 +0000] "POST /users/create-session HTTP/1.1" 302 70 "http://localhost:7000/users/signin" "Mozilla/5.0 (Windows NT 10.0; Win64; x64) AppleWebKit/537.36 (KHTML, like Gecko) Chrome/85.0.4183.102 Safari/537.36"
::1 - - [16/Sep/2020:19:15:44 +0000] "GET /users/signin HTTP/1.1" 200 2249 "http://localhost:7000/users/signin" "Mozilla/5.0 (Windows NT 10.0; Win64; x64) AppleWebKit/537.36 (KHTML, like Gecko) Chrome/85.0.4183.102 Safari/537.36"
::1 - - [16/Sep/2020:19:15:52 +0000] "GET /users/auth/google HTTP/1.1" 302 0 "http://localhost:7000/users/signin" "Mozilla/5.0 (Windows NT 10.0; Win64; x64) AppleWebKit/537.36 (KHTML, like Gecko) Chrome/85.0.4183.102 Safari/537.36"
::1 - - [16/Sep/2020:19:16:09 +0000] "GET /users/auth/google/callback?code=4%2F4AEm3G-vcaKt1wq8LVoYSaWevhtjh4VN0exkUoTS8qO1yOuk88CODGvLwkGkuqA9GaeFmz3yJrJVRbhfYACSu0E&scope=email+profile+https%3A%2F%2Fwww.googleapis.com%2Fauth%2Fuserinfo.profile+https%3A%2F%2Fwww.googleapis.com%2Fauth%2Fuserinfo.email+openid&authuser=0&prompt=consent HTTP/1.1" 302 46 "-" "Mozilla/5.0 (Windows NT 10.0; Win64; x64) AppleWebKit/537.36 (KHTML, like Gecko) Chrome/85.0.4183.102 Safari/537.36"
::1 - - [16/Sep/2020:19:16:09 +0000] "GET / HTTP/1.1" 200 5132 "-" "Mozilla/5.0 (Windows NT 10.0; Win64; x64) AppleWebKit/537.36 (KHTML, like Gecko) Chrome/85.0.4183.102 Safari/537.36"
::1 - - [16/Sep/2020:19:17:34 +0000] "GET /users/sign-out HTTP/1.1" 302 46 "http://localhost:7000/" "Mozilla/5.0 (Windows NT 10.0; Win64; x64) AppleWebKit/537.36 (KHTML, like Gecko) Chrome/85.0.4183.102 Safari/537.36"
::1 - - [16/Sep/2020:19:17:35 +0000] "GET / HTTP/1.1" 200 3649 "http://localhost:7000/" "Mozilla/5.0 (Windows NT 10.0; Win64; x64) AppleWebKit/537.36 (KHTML, like Gecko) Chrome/85.0.4183.102 Safari/537.36"
::1 - - [16/Sep/2020:19:17:39 +0000] "GET /users/signin HTTP/1.1" 200 1984 "http://localhost:7000/" "Mozilla/5.0 (Windows NT 10.0; Win64; x64) AppleWebKit/537.36 (KHTML, like Gecko) Chrome/85.0.4183.102 Safari/537.36"
::1 - - [16/Sep/2020:19:17:44 +0000] "GET /users/signup HTTP/1.1" 200 2124 "http://localhost:7000/users/signin" "Mozilla/5.0 (Windows NT 10.0; Win64; x64) AppleWebKit/537.36 (KHTML, like Gecko) Chrome/85.0.4183.102 Safari/537.36"
::1 - - [16/Sep/2020:19:17:56 +0000] "POST /users/create HTTP/1.1" 302 112 "http://localhost:7000/users/signup" "Mozilla/5.0 (Windows NT 10.0; Win64; x64) AppleWebKit/537.36 (KHTML, like Gecko) Chrome/85.0.4183.102 Safari/537.36"
::1 - - [16/Sep/2020:19:17:56 +0000] "GET /users/signup HTTP/1.1" 200 2402 "http://localhost:7000/users/signup" "Mozilla/5.0 (Windows NT 10.0; Win64; x64) AppleWebKit/537.36 (KHTML, like Gecko) Chrome/85.0.4183.102 Safari/537.36"
::1 - - [16/Sep/2020:19:18:01 +0000] "GET /users/signin HTTP/1.1" 304 - "http://localhost:7000/users/signup" "Mozilla/5.0 (Windows NT 10.0; Win64; x64) AppleWebKit/537.36 (KHTML, like Gecko) Chrome/85.0.4183.102 Safari/537.36"
::1 - - [16/Sep/2020:19:18:09 +0000] "POST /users/create-session HTTP/1.1" 302 70 "http://localhost:7000/users/signin" "Mozilla/5.0 (Windows NT 10.0; Win64; x64) AppleWebKit/537.36 (KHTML, like Gecko) Chrome/85.0.4183.102 Safari/537.36"
::1 - - [16/Sep/2020:19:18:09 +0000] "GET /users/signin HTTP/1.1" 200 2249 "http://localhost:7000/users/signin" "Mozilla/5.0 (Windows NT 10.0; Win64; x64) AppleWebKit/537.36 (KHTML, like Gecko) Chrome/85.0.4183.102 Safari/537.36"
::1 - - [16/Sep/2020:19:23:19 +0000] "GET /users/signup HTTP/1.1" 200 2124 "http://localhost:7000/users/signin" "Mozilla/5.0 (Windows NT 10.0; Win64; x64) AppleWebKit/537.36 (KHTML, like Gecko) Chrome/85.0.4183.102 Safari/537.36"
::1 - - [16/Sep/2020:19:23:34 +0000] "POST /users/create HTTP/1.1" 302 70 "http://localhost:7000/users/signup" "Mozilla/5.0 (Windows NT 10.0; Win64; x64) AppleWebKit/537.36 (KHTML, like Gecko) Chrome/85.0.4183.102 Safari/537.36"
::1 - - [16/Sep/2020:19:23:34 +0000] "GET /users/signin HTTP/1.1" 200 2251 "http://localhost:7000/users/signup" "Mozilla/5.0 (Windows NT 10.0; Win64; x64) AppleWebKit/537.36 (KHTML, like Gecko) Chrome/85.0.4183.102 Safari/537.36"
::1 - - [16/Sep/2020:19:24:05 +0000] "POST /users/create-session HTTP/1.1" 302 46 "http://localhost:7000/users/signin" "Mozilla/5.0 (Windows NT 10.0; Win64; x64) AppleWebKit/537.36 (KHTML, like Gecko) Chrome/85.0.4183.102 Safari/537.36"
::1 - - [16/Sep/2020:19:24:06 +0000] "GET / HTTP/1.1" 500 2514 "http://localhost:7000/users/signin" "Mozilla/5.0 (Windows NT 10.0; Win64; x64) AppleWebKit/537.36 (KHTML, like Gecko) Chrome/85.0.4183.102 Safari/537.36"
::1 - - [16/Sep/2020:19:27:21 +0000] "GET / HTTP/1.1" 500 2508 "http://localhost:7000/users/signin" "Mozilla/5.0 (Windows NT 10.0; Win64; x64) AppleWebKit/537.36 (KHTML, like Gecko) Chrome/85.0.4183.102 Safari/537.36"
::1 - - [16/Sep/2020:19:27:24 +0000] "GET / HTTP/1.1" 500 2508 "http://localhost:7000/users/signin" "Mozilla/5.0 (Windows NT 10.0; Win64; x64) AppleWebKit/537.36 (KHTML, like Gecko) Chrome/85.0.4183.102 Safari/537.36"
::1 - - [16/Sep/2020:19:28:24 +0000] "GET / HTTP/1.1" 500 2454 "http://localhost:7000/users/signin" "Mozilla/5.0 (Windows NT 10.0; Win64; x64) AppleWebKit/537.36 (KHTML, like Gecko) Chrome/85.0.4183.102 Safari/537.36"
::1 - - [16/Sep/2020:19:28:34 +0000] "POST /users/create-session HTTP/1.1" 302 70 "http://localhost:7000/users/signin" "Mozilla/5.0 (Windows NT 10.0; Win64; x64) AppleWebKit/537.36 (KHTML, like Gecko) Chrome/85.0.4183.102 Safari/537.36"
::1 - - [16/Sep/2020:19:28:34 +0000] "GET /users/signin HTTP/1.1" 302 72 "http://localhost:7000/users/signin" "Mozilla/5.0 (Windows NT 10.0; Win64; x64) AppleWebKit/537.36 (KHTML, like Gecko) Chrome/85.0.4183.102 Safari/537.36"
::1 - - [16/Sep/2020:19:28:34 +0000] "GET /users/profile HTTP/1.1" 404 152 "http://localhost:7000/users/signin" "Mozilla/5.0 (Windows NT 10.0; Win64; x64) AppleWebKit/537.36 (KHTML, like Gecko) Chrome/85.0.4183.102 Safari/537.36"
::1 - - [16/Sep/2020:19:29:41 +0000] "POST /api/v1/user/create-session HTTP/1.1" 422 42 "http://localhost:3000/" "Mozilla/5.0 (Windows NT 10.0; Win64; x64) AppleWebKit/537.36 (KHTML, like Gecko) Chrome/85.0.4183.102 Safari/537.36"
::1 - - [16/Sep/2020:19:33:42 +0000] "POST /api/v1/user/create-session HTTP/1.1" 422 42 "http://localhost:3000/" "Mozilla/5.0 (Windows NT 10.0; Win64; x64) AppleWebKit/537.36 (KHTML, like Gecko) Chrome/85.0.4183.102 Safari/537.36"
::1 - - [16/Sep/2020:19:34:01 +0000] "POST /api/v1/user/create-session HTTP/1.1" 422 42 "http://localhost:3000/" "Mozilla/5.0 (Windows NT 10.0; Win64; x64) AppleWebKit/537.36 (KHTML, like Gecko) Chrome/85.0.4183.102 Safari/537.36"
::1 - - [16/Sep/2020:19:34:32 +0000] "POST /api/v1/user/create-session HTTP/1.1" 422 42 "-" "PostmanRuntime/7.26.1"
::1 - - [16/Sep/2020:19:34:34 +0000] "POST /api/v1/user/create-session HTTP/1.1" 422 42 "-" "PostmanRuntime/7.26.1"
::1 - - [16/Sep/2020:19:35:05 +0000] "POST /api/v1/user/create-session HTTP/1.1" 422 42 "-" "PostmanRuntime/7.26.1"
::1 - - [16/Sep/2020:19:35:09 +0000] "POST /api/v1/user/create-session HTTP/1.1" 422 42 "-" "PostmanRuntime/7.26.1"
::1 - - [16/Sep/2020:19:35:25 +0000] "POST /api/v1/user/create-session HTTP/1.1" 422 42 "-" "PostmanRuntime/7.26.1"
::1 - - [16/Sep/2020:19:36:14 +0000] "POST /api/v1/user/create-session?email=luckyron1279@gmail.com&password=12345678 HTTP/1.1" 422 42 "-" "PostmanRuntime/7.26.1"
::1 - - [16/Sep/2020:19:52:48 +0000] "POST /api/v1/user/create-session?email=luckyron1279@gmail.com&password=12345678 HTTP/1.1" 422 42 "-" "PostmanRuntime/7.26.1"
::1 - - [16/Sep/2020:19:53:37 +0000] "POST /api/v1/user/create-session HTTP/1.1" 422 42 "-" "PostmanRuntime/7.26.1"
::1 - - [16/Sep/2020:19:54:10 +0000] "POST /api/v1/user/create-session HTTP/1.1" 422 42 "-" "PostmanRuntime/7.26.1"
::1 - - [16/Sep/2020:19:55:01 +0000] "POST /api/v1/user/create-session HTTP/1.1" 200 495 "-" "PostmanRuntime/7.26.1"
::1 - - [16/Sep/2020:19:57:31 +0000] "POST /api/v1/user/create-session HTTP/1.1" 200 495 "http://localhost:3000/" "Mozilla/5.0 (Windows NT 10.0; Win64; x64) AppleWebKit/537.36 (KHTML, like Gecko) Chrome/85.0.4183.102 Safari/537.36"
::1 - - [16/Sep/2020:20:01:41 +0000] "POST /api/v1/user/create-session HTTP/1.1" 200 495 "http://localhost:3000/" "Mozilla/5.0 (Windows NT 10.0; Win64; x64) AppleWebKit/537.36 (KHTML, like Gecko) Chrome/85.0.4183.102 Safari/537.36"
::1 - - [16/Sep/2020:20:15:09 +0000] "POST /user/create-session HTTP/1.1" 404 159 "http://localhost:3000/" "Mozilla/5.0 (Windows NT 10.0; Win64; x64) AppleWebKit/537.36 (KHTML, like Gecko) Chrome/85.0.4183.102 Safari/537.36"
::1 - - [16/Sep/2020:20:17:26 +0000] "POST /api/v1/user/create-session HTTP/1.1" 200 510 "http://localhost:3000/" "Mozilla/5.0 (Windows NT 10.0; Win64; x64) AppleWebKit/537.36 (KHTML, like Gecko) Chrome/85.0.4183.102 Safari/537.36"
::1 - - [16/Sep/2020:20:18:09 +0000] "POST /api/v1/user/create-session HTTP/1.1" 200 510 "http://localhost:3000/" "Mozilla/5.0 (Windows NT 10.0; Win64; x64) AppleWebKit/537.36 (KHTML, like Gecko) Chrome/85.0.4183.102 Safari/537.36"
::1 - - [17/Sep/2020:16:10:28 +0000] "POST /api/v1/user/create-session HTTP/1.1" 422 42 "http://localhost:3000/" "Mozilla/5.0 (Windows NT 10.0; Win64; x64) AppleWebKit/537.36 (KHTML, like Gecko) Chrome/85.0.4183.102 Safari/537.36"
::1 - - [17/Sep/2020:16:10:49 +0000] "POST /api/v1/user/create-session HTTP/1.1" 422 42 "http://localhost:3000/" "Mozilla/5.0 (Windows NT 10.0; Win64; x64) AppleWebKit/537.36 (KHTML, like Gecko) Chrome/85.0.4183.102 Safari/537.36"
::1 - - [17/Sep/2020:16:11:34 +0000] "POST /api/v1/user/create-session HTTP/1.1" 422 42 "http://localhost:3000/" "Mozilla/5.0 (Windows NT 10.0; Win64; x64) AppleWebKit/537.36 (KHTML, like Gecko) Chrome/85.0.4183.102 Safari/537.36"
::1 - - [17/Sep/2020:16:24:08 +0000] "POST /api/v1/user/create-session HTTP/1.1" 200 608 "http://localhost:3000/" "Mozilla/5.0 (Windows NT 10.0; Win64; x64) AppleWebKit/537.36 (KHTML, like Gecko) Chrome/85.0.4183.102 Safari/537.36"
::1 - - [17/Sep/2020:16:27:55 +0000] "POST /api/v1/user/create-session HTTP/1.1" 200 608 "http://localhost:3000/" "Mozilla/5.0 (Windows NT 10.0; Win64; x64) AppleWebKit/537.36 (KHTML, like Gecko) Chrome/85.0.4183.102 Safari/537.36"
::1 - - [17/Sep/2020:17:49:31 +0000] "GET /api/v1/posts?page=1&limit=5 HTTP/1.1" - - "http://localhost:3000/" "Mozilla/5.0 (Windows NT 10.0; Win64; x64) AppleWebKit/537.36 (KHTML, like Gecko) Chrome/85.0.4183.102 Safari/537.36"
::1 - - [17/Sep/2020:17:50:20 +0000] "GET /api/v1/posts?page=1&limit=5 HTTP/1.1" 200 465 "http://localhost:3000/" "Mozilla/5.0 (Windows NT 10.0; Win64; x64) AppleWebKit/537.36 (KHTML, like Gecko) Chrome/85.0.4183.102 Safari/537.36"
::1 - - [17/Sep/2020:17:51:12 +0000] "GET /api/v1/posts?page=1&limit=5 HTTP/1.1" 304 - "http://localhost:3000/" "Mozilla/5.0 (Windows NT 10.0; Win64; x64) AppleWebKit/537.36 (KHTML, like Gecko) Chrome/85.0.4183.102 Safari/537.36"
::1 - - [17/Sep/2020:17:52:19 +0000] "GET /api/v1/posts?page=1&limit=1 HTTP/1.1" 200 465 "http://localhost:3000/" "Mozilla/5.0 (Windows NT 10.0; Win64; x64) AppleWebKit/537.36 (KHTML, like Gecko) Chrome/85.0.4183.102 Safari/537.36"
::1 - - [17/Sep/2020:17:57:48 +0000] "GET /api/v1/posts?page=1&limit=1 HTTP/1.1" - - "http://localhost:3000/" "Mozilla/5.0 (Windows NT 10.0; Win64; x64) AppleWebKit/537.36 (KHTML, like Gecko) Chrome/85.0.4183.102 Safari/537.36"
::1 - - [17/Sep/2020:17:58:01 +0000] "GET /api/v1/posts?page=1&limit=1 HTTP/1.1" 304 - "http://localhost:3000/" "Mozilla/5.0 (Windows NT 10.0; Win64; x64) AppleWebKit/537.36 (KHTML, like Gecko) Chrome/85.0.4183.102 Safari/537.36"
::1 - - [17/Sep/2020:17:58:35 +0000] "GET /api/v1/posts?page=1&limit=5 HTTP/1.1" 304 - "http://localhost:3000/" "Mozilla/5.0 (Windows NT 10.0; Win64; x64) AppleWebKit/537.36 (KHTML, like Gecko) Chrome/85.0.4183.102 Safari/537.36"
::1 - - [17/Sep/2020:17:59:24 +0000] "GET /api/v1/posts?page=1&limit=5 HTTP/1.1" 304 - "http://localhost:3000/" "Mozilla/5.0 (Windows NT 10.0; Win64; x64) AppleWebKit/537.36 (KHTML, like Gecko) Chrome/85.0.4183.102 Safari/537.36"
::1 - - [17/Sep/2020:18:01:14 +0000] "GET /api/v1/posts?page=1&limit=5 HTTP/1.1" 304 - "http://localhost:3000/" "Mozilla/5.0 (Windows NT 10.0; Win64; x64) AppleWebKit/537.36 (KHTML, like Gecko) Chrome/85.0.4183.102 Safari/537.36"
::1 - - [17/Sep/2020:18:01:53 +0000] "GET /api/v1/posts?page=1&limit=5 HTTP/1.1" 304 - "http://localhost:3000/" "Mozilla/5.0 (Windows NT 10.0; Win64; x64) AppleWebKit/537.36 (KHTML, like Gecko) Chrome/85.0.4183.102 Safari/537.36"
::1 - - [17/Sep/2020:18:08:51 +0000] "GET /api/v1/posts?page=1&limit=5 HTTP/1.1" 304 - "http://localhost:3000/" "Mozilla/5.0 (Windows NT 10.0; Win64; x64) AppleWebKit/537.36 (KHTML, like Gecko) Chrome/85.0.4183.102 Safari/537.36"
::1 - - [17/Sep/2020:18:23:25 +0000] "GET /api/v1/posts?page=1&limit=5 HTTP/1.1" 200 94 "http://localhost:3000/" "Mozilla/5.0 (Windows NT 10.0; Win64; x64) AppleWebKit/537.36 (KHTML, like Gecko) Chrome/85.0.4183.102 Safari/537.36"
::1 - - [17/Sep/2020:18:23:33 +0000] "GET /api/v1/posts?page=1&limit=5 HTTP/1.1" 304 - "http://localhost:3000/" "Mozilla/5.0 (Windows NT 10.0; Win64; x64) AppleWebKit/537.36 (KHTML, like Gecko) Chrome/85.0.4183.102 Safari/537.36"
::1 - - [17/Sep/2020:18:23:40 +0000] "OPTIONS /api/v1/posts/create HTTP/1.1" 200 11 "http://localhost:3000/" "Mozilla/5.0 (Windows NT 10.0; Win64; x64) AppleWebKit/537.36 (KHTML, like Gecko) Chrome/85.0.4183.102 Safari/537.36"
::1 - - [17/Sep/2020:18:25:39 +0000] "GET /api/v1/posts?page=1&limit=5 HTTP/1.1" 304 - "http://localhost:3000/" "Mozilla/5.0 (Windows NT 10.0; Win64; x64) AppleWebKit/537.36 (KHTML, like Gecko) Chrome/85.0.4183.102 Safari/537.36"
::1 - - [17/Sep/2020:18:27:51 +0000] "GET /api/v1/posts?page=1&limit=5 HTTP/1.1" 304 - "http://localhost:3000/" "Mozilla/5.0 (Windows NT 10.0; Win64; x64) AppleWebKit/537.36 (KHTML, like Gecko) Chrome/85.0.4183.102 Safari/537.36"
::1 - - [17/Sep/2020:18:27:57 +0000] "OPTIONS /api/v1/posts/create HTTP/1.1" 200 11 "http://localhost:3000/" "Mozilla/5.0 (Windows NT 10.0; Win64; x64) AppleWebKit/537.36 (KHTML, like Gecko) Chrome/85.0.4183.102 Safari/537.36"
::1 - - [17/Sep/2020:18:28:48 +0000] "GET /api/v1/posts?page=1&limit=5 HTTP/1.1" 304 - "http://localhost:3000/" "Mozilla/5.0 (Windows NT 10.0; Win64; x64) AppleWebKit/537.36 (KHTML, like Gecko) Chrome/85.0.4183.102 Safari/537.36"
::1 - - [17/Sep/2020:18:28:54 +0000] "OPTIONS /api/v1/posts/create HTTP/1.1" 200 11 "http://localhost:3000/" "Mozilla/5.0 (Windows NT 10.0; Win64; x64) AppleWebKit/537.36 (KHTML, like Gecko) Chrome/85.0.4183.102 Safari/537.36"
::1 - - [17/Sep/2020:18:29:46 +0000] "GET /api/v1/posts?page=1&limit=5 HTTP/1.1" 304 - "http://localhost:3000/" "Mozilla/5.0 (Windows NT 10.0; Win64; x64) AppleWebKit/537.36 (KHTML, like Gecko) Chrome/85.0.4183.102 Safari/537.36"
::1 - - [17/Sep/2020:18:29:54 +0000] "POST /api/v1/posts/create HTTP/1.1" 500 35 "http://localhost:3000/" "Mozilla/5.0 (Windows NT 10.0; Win64; x64) AppleWebKit/537.36 (KHTML, like Gecko) Chrome/85.0.4183.102 Safari/537.36"
