::1 - - [26/Sep/2020:18:39:41 +0000] "POST /api/v1/user/search?text=an HTTP/1.1" 200 95 "-" "PostmanRuntime/7.26.5"
::1 - - [26/Sep/2020:18:46:56 +0000] "GET /api/v1/friendship/fetch_user_friends HTTP/1.1" 304 - "http://localhost:3000/" "Mozilla/5.0 (Windows NT 10.0; Win64; x64) AppleWebKit/537.36 (KHTML, like Gecko) Chrome/85.0.4183.121 Safari/537.36"
::1 - - [26/Sep/2020:18:46:56 +0000] "GET /api/v1/posts?page=1&limit=5 HTTP/1.1" 304 - "http://localhost:3000/" "Mozilla/5.0 (Windows NT 10.0; Win64; x64) AppleWebKit/537.36 (KHTML, like Gecko) Chrome/85.0.4183.121 Safari/537.36"
::1 - - [26/Sep/2020:18:47:08 +0000] "GET /api/v1/posts?page=1&limit=5 HTTP/1.1" 304 - "http://localhost:3000/" "Mozilla/5.0 (Windows NT 10.0; Win64; x64) AppleWebKit/537.36 (KHTML, like Gecko) Chrome/85.0.4183.121 Safari/537.36"
::1 - - [26/Sep/2020:18:47:08 +0000] "GET /api/v1/friendship/fetch_user_friends HTTP/1.1" 304 - "http://localhost:3000/" "Mozilla/5.0 (Windows NT 10.0; Win64; x64) AppleWebKit/537.36 (KHTML, like Gecko) Chrome/85.0.4183.121 Safari/537.36"
::1 - - [26/Sep/2020:18:47:35 +0000] "GET /api/v1/user/search?text=a HTTP/1.1" 404 157 "http://localhost:3000/" "Mozilla/5.0 (Windows NT 10.0; Win64; x64) AppleWebKit/537.36 (KHTML, like Gecko) Chrome/85.0.4183.121 Safari/537.36"
::1 - - [26/Sep/2020:18:47:37 +0000] "GET /api/v1/user/search?text=an HTTP/1.1" 404 157 "http://localhost:3000/" "Mozilla/5.0 (Windows NT 10.0; Win64; x64) AppleWebKit/537.36 (KHTML, like Gecko) Chrome/85.0.4183.121 Safari/537.36"
::1 - - [26/Sep/2020:18:55:09 +0000] "GET /api/v1/posts?page=1&limit=5 HTTP/1.1" 304 - "http://localhost:3000/" "Mozilla/5.0 (Windows NT 10.0; Win64; x64) AppleWebKit/537.36 (KHTML, like Gecko) Chrome/85.0.4183.121 Safari/537.36"
::1 - - [26/Sep/2020:18:55:09 +0000] "GET /api/v1/friendship/fetch_user_friends HTTP/1.1" 304 - "http://localhost:3000/" "Mozilla/5.0 (Windows NT 10.0; Win64; x64) AppleWebKit/537.36 (KHTML, like Gecko) Chrome/85.0.4183.121 Safari/537.36"
::1 - - [26/Sep/2020:18:56:18 +0000] "GET /api/v1/user/search?text=a HTTP/1.1" 404 157 "http://localhost:3000/" "Mozilla/5.0 (Windows NT 10.0; Win64; x64) AppleWebKit/537.36 (KHTML, like Gecko) Chrome/85.0.4183.121 Safari/537.36"
::1 - - [26/Sep/2020:18:59:05 +0000] "GET /api/v1/posts?page=1&limit=5 HTTP/1.1" 304 - "http://localhost:3000/" "Mozilla/5.0 (Windows NT 10.0; Win64; x64) AppleWebKit/537.36 (KHTML, like Gecko) Chrome/85.0.4183.121 Safari/537.36"
::1 - - [26/Sep/2020:18:59:05 +0000] "GET /api/v1/friendship/fetch_user_friends HTTP/1.1" 304 - "http://localhost:3000/" "Mozilla/5.0 (Windows NT 10.0; Win64; x64) AppleWebKit/537.36 (KHTML, like Gecko) Chrome/85.0.4183.121 Safari/537.36"
::1 - - [26/Sep/2020:18:59:10 +0000] "GET /api/v1/user/search?text=a HTTP/1.1" 404 157 "http://localhost:3000/" "Mozilla/5.0 (Windows NT 10.0; Win64; x64) AppleWebKit/537.36 (KHTML, like Gecko) Chrome/85.0.4183.121 Safari/537.36"
::1 - - [26/Sep/2020:19:00:07 +0000] "GET / HTTP/1.1" 200 4871 "-" "Mozilla/5.0 (Windows NT 10.0; Win64; x64) AppleWebKit/537.36 (KHTML, like Gecko) Chrome/85.0.4183.121 Safari/537.36"
::1 - - [26/Sep/2020:19:00:15 +0000] "GET /favicon.ico HTTP/1.1" 404 150 "http://localhost:7000/" "Mozilla/5.0 (Windows NT 10.0; Win64; x64) AppleWebKit/537.36 (KHTML, like Gecko) Chrome/85.0.4183.121 Safari/537.36"
::1 - - [26/Sep/2020:19:00:25 +0000] "POST /api/v1/user/search?text=an HTTP/1.1" 401 - "-" "PostmanRuntime/7.26.5"
::1 - - [26/Sep/2020:19:01:30 +0000] "GET /api/v1/user/search?text=a%20404%20(Not%20Found) HTTP/1.1" 404 157 "-" "Mozilla/5.0 (Windows NT 10.0; Win64; x64) AppleWebKit/537.36 (KHTML, like Gecko) Chrome/85.0.4183.121 Safari/537.36"
::ffff:127.0.0.1 - - [26/Sep/2020:19:02:32 +0000] "GET /api/v1/user/search?text=a%20404%20(Not%20Found) HTTP/1.1" 404 157 "-" "Mozilla/5.0 (Windows NT 10.0; Win64; x64) AppleWebKit/537.36 (KHTML, like Gecko) Chrome/85.0.4183.121 Safari/537.36"
::1 - - [26/Sep/2020:19:03:53 +0000] "GET /api/v1/user/search?text=a%20404%20(Not%20Found) HTTP/1.1" 404 157 "-" "Mozilla/5.0 (Windows NT 10.0; Win64; x64) AppleWebKit/537.36 (KHTML, like Gecko) Chrome/85.0.4183.121 Safari/537.36"
::1 - - [26/Sep/2020:19:03:57 +0000] "GET /api/v1/user/search?text=a%20404%20(Not%20Found) HTTP/1.1" 404 157 "-" "Mozilla/5.0 (Windows NT 10.0; Win64; x64) AppleWebKit/537.36 (KHTML, like Gecko) Chrome/85.0.4183.121 Safari/537.36"
::1 - - [26/Sep/2020:19:04:18 +0000] "GET /api/v1/user/search?text=an HTTP/1.1" 404 157 "-" "Mozilla/5.0 (Windows NT 10.0; Win64; x64) AppleWebKit/537.36 (KHTML, like Gecko) Chrome/85.0.4183.121 Safari/537.36"
::1 - - [26/Sep/2020:19:04:21 +0000] "GET /api/v1/user/search?text=an HTTP/1.1" 404 157 "-" "Mozilla/5.0 (Windows NT 10.0; Win64; x64) AppleWebKit/537.36 (KHTML, like Gecko) Chrome/85.0.4183.121 Safari/537.36"
::1 - - [26/Sep/2020:19:07:27 +0000] "GET /api/v1/posts?page=1&limit=5 HTTP/1.1" 304 - "http://localhost:3000/" "Mozilla/5.0 (Windows NT 10.0; Win64; x64) AppleWebKit/537.36 (KHTML, like Gecko) Chrome/85.0.4183.121 Safari/537.36"
::1 - - [26/Sep/2020:19:07:27 +0000] "GET /api/v1/friendship/fetch_user_friends HTTP/1.1" 304 - "http://localhost:3000/" "Mozilla/5.0 (Windows NT 10.0; Win64; x64) AppleWebKit/537.36 (KHTML, like Gecko) Chrome/85.0.4183.121 Safari/537.36"
::1 - - [26/Sep/2020:19:07:31 +0000] "GET /api/v1/user/search?text=a HTTP/1.1" 404 157 "http://localhost:3000/" "Mozilla/5.0 (Windows NT 10.0; Win64; x64) AppleWebKit/537.36 (KHTML, like Gecko) Chrome/85.0.4183.121 Safari/537.36"
::1 - - [26/Sep/2020:19:07:33 +0000] "GET /api/v1/user/search?text=an HTTP/1.1" 404 157 "http://localhost:3000/" "Mozilla/5.0 (Windows NT 10.0; Win64; x64) AppleWebKit/537.36 (KHTML, like Gecko) Chrome/85.0.4183.121 Safari/537.36"
::1 - - [26/Sep/2020:19:07:38 +0000] "GET /api/v1/user/search?text=a HTTP/1.1" 404 157 "http://localhost:3000/" "Mozilla/5.0 (Windows NT 10.0; Win64; x64) AppleWebKit/537.36 (KHTML, like Gecko) Chrome/85.0.4183.121 Safari/537.36"
::1 - - [26/Sep/2020:19:07:38 +0000] "GET /api/v1/user/search?text= HTTP/1.1" 404 157 "http://localhost:3000/" "Mozilla/5.0 (Windows NT 10.0; Win64; x64) AppleWebKit/537.36 (KHTML, like Gecko) Chrome/85.0.4183.121 Safari/537.36"
::1 - - [26/Sep/2020:19:10:21 +0000] "POST /api/v1/user/search?text=an HTTP/1.1" 404 158 "-" "PostmanRuntime/7.26.5"
::1 - - [26/Sep/2020:19:10:52 +0000] "GET /api/v1/user/search?text=a HTTP/1.1" 404 157 "http://localhost:3000/" "Mozilla/5.0 (Windows NT 10.0; Win64; x64) AppleWebKit/537.36 (KHTML, like Gecko) Chrome/85.0.4183.121 Safari/537.36"
::1 - - [26/Sep/2020:19:10:54 +0000] "GET /api/v1/user/search?text=aa HTTP/1.1" 404 157 "http://localhost:3000/" "Mozilla/5.0 (Windows NT 10.0; Win64; x64) AppleWebKit/537.36 (KHTML, like Gecko) Chrome/85.0.4183.121 Safari/537.36"
::1 - - [26/Sep/2020:19:10:59 +0000] "GET /api/v1/posts?page=1&limit=5 HTTP/1.1" 304 - "http://localhost:3000/" "Mozilla/5.0 (Windows NT 10.0; Win64; x64) AppleWebKit/537.36 (KHTML, like Gecko) Chrome/85.0.4183.121 Safari/537.36"
::1 - - [26/Sep/2020:19:10:59 +0000] "GET /api/v1/friendship/fetch_user_friends HTTP/1.1" 304 - "http://localhost:3000/" "Mozilla/5.0 (Windows NT 10.0; Win64; x64) AppleWebKit/537.36 (KHTML, like Gecko) Chrome/85.0.4183.121 Safari/537.36"
::1 - - [26/Sep/2020:19:11:03 +0000] "GET /api/v1/user/search?text=a HTTP/1.1" 404 157 "http://localhost:3000/" "Mozilla/5.0 (Windows NT 10.0; Win64; x64) AppleWebKit/537.36 (KHTML, like Gecko) Chrome/85.0.4183.121 Safari/537.36"
::1 - - [26/Sep/2020:19:13:15 +0000] "GET /api/v1/posts?page=1&limit=5 HTTP/1.1" 304 - "http://localhost:3000/" "Mozilla/5.0 (Windows NT 10.0; Win64; x64) AppleWebKit/537.36 (KHTML, like Gecko) Chrome/85.0.4183.121 Safari/537.36"
::1 - - [26/Sep/2020:19:13:15 +0000] "GET /api/v1/friendship/fetch_user_friends HTTP/1.1" 304 - "http://localhost:3000/" "Mozilla/5.0 (Windows NT 10.0; Win64; x64) AppleWebKit/537.36 (KHTML, like Gecko) Chrome/85.0.4183.121 Safari/537.36"
::1 - - [26/Sep/2020:19:13:26 +0000] "GET /api/v1/user/search?text=a HTTP/1.1" 404 157 "http://localhost:3000/" "Mozilla/5.0 (Windows NT 10.0; Win64; x64) AppleWebKit/537.36 (KHTML, like Gecko) Chrome/85.0.4183.121 Safari/537.36"
::1 - - [26/Sep/2020:19:13:32 +0000] "GET /api/v1/user/search?text=an HTTP/1.1" 404 157 "http://localhost:3000/" "Mozilla/5.0 (Windows NT 10.0; Win64; x64) AppleWebKit/537.36 (KHTML, like Gecko) Chrome/85.0.4183.121 Safari/537.36"
::1 - - [26/Sep/2020:19:14:30 +0000] "GET /api/v1/posts?page=1&limit=5 HTTP/1.1" 304 - "http://localhost:3000/" "Mozilla/5.0 (Windows NT 10.0; Win64; x64) AppleWebKit/537.36 (KHTML, like Gecko) Chrome/85.0.4183.121 Safari/537.36"
::1 - - [26/Sep/2020:19:14:30 +0000] "GET /api/v1/friendship/fetch_user_friends HTTP/1.1" 304 - "http://localhost:3000/" "Mozilla/5.0 (Windows NT 10.0; Win64; x64) AppleWebKit/537.36 (KHTML, like Gecko) Chrome/85.0.4183.121 Safari/537.36"
::1 - - [26/Sep/2020:19:14:37 +0000] "GET /api/v1/posts?page=1&limit=5 HTTP/1.1" 304 - "http://localhost:3000/" "Mozilla/5.0 (Windows NT 10.0; Win64; x64) AppleWebKit/537.36 (KHTML, like Gecko) Chrome/85.0.4183.121 Safari/537.36"
::1 - - [26/Sep/2020:19:14:37 +0000] "GET /api/v1/friendship/fetch_user_friends HTTP/1.1" 304 - "http://localhost:3000/" "Mozilla/5.0 (Windows NT 10.0; Win64; x64) AppleWebKit/537.36 (KHTML, like Gecko) Chrome/85.0.4183.121 Safari/537.36"
::1 - - [26/Sep/2020:19:15:13 +0000] "GET /api/v1/posts?page=1&limit=5 HTTP/1.1" 304 - "http://localhost:3000/" "Mozilla/5.0 (Windows NT 10.0; Win64; x64) AppleWebKit/537.36 (KHTML, like Gecko) Chrome/85.0.4183.121 Safari/537.36"
::1 - - [26/Sep/2020:19:15:13 +0000] "GET /api/v1/friendship/fetch_user_friends HTTP/1.1" 304 - "http://localhost:3000/" "Mozilla/5.0 (Windows NT 10.0; Win64; x64) AppleWebKit/537.36 (KHTML, like Gecko) Chrome/85.0.4183.121 Safari/537.36"
::1 - - [26/Sep/2020:19:16:32 +0000] "GET /api/v1/user/search/$%7Ban%7D HTTP/1.1" 200 36 "-" "PostmanRuntime/7.26.5"
::1 - - [26/Sep/2020:19:16:54 +0000] "GET /api/v1/user/search/an HTTP/1.1" 200 95 "-" "PostmanRuntime/7.26.5"
::1 - - [26/Sep/2020:19:17:00 +0000] "GET /api/v1/posts?page=1&limit=5 HTTP/1.1" 304 - "http://localhost:3000/" "Mozilla/5.0 (Windows NT 10.0; Win64; x64) AppleWebKit/537.36 (KHTML, like Gecko) Chrome/85.0.4183.121 Safari/537.36"
::1 - - [26/Sep/2020:19:17:01 +0000] "GET /api/v1/friendship/fetch_user_friends HTTP/1.1" 304 - "http://localhost:3000/" "Mozilla/5.0 (Windows NT 10.0; Win64; x64) AppleWebKit/537.36 (KHTML, like Gecko) Chrome/85.0.4183.121 Safari/537.36"
::1 - - [26/Sep/2020:19:17:04 +0000] "GET /api/v1/user/search/a HTTP/1.1" 200 146 "http://localhost:3000/" "Mozilla/5.0 (Windows NT 10.0; Win64; x64) AppleWebKit/537.36 (KHTML, like Gecko) Chrome/85.0.4183.121 Safari/537.36"
::1 - - [26/Sep/2020:19:17:06 +0000] "GET /api/v1/user/search/an HTTP/1.1" 200 95 "http://localhost:3000/" "Mozilla/5.0 (Windows NT 10.0; Win64; x64) AppleWebKit/537.36 (KHTML, like Gecko) Chrome/85.0.4183.121 Safari/537.36"
::1 - - [28/Sep/2020:19:31:28 +0000] "GET /api/v1/friendship/fetch_user_friends HTTP/1.1" 304 - "http://localhost:3000/" "Mozilla/5.0 (Windows NT 10.0; Win64; x64) AppleWebKit/537.36 (KHTML, like Gecko) Chrome/85.0.4183.121 Safari/537.36"
::1 - - [28/Sep/2020:19:31:28 +0000] "GET /api/v1/posts?page=1&limit=5 HTTP/1.1" 304 - "http://localhost:3000/" "Mozilla/5.0 (Windows NT 10.0; Win64; x64) AppleWebKit/537.36 (KHTML, like Gecko) Chrome/85.0.4183.121 Safari/537.36"
::1 - - [28/Sep/2020:19:32:23 +0000] "GET /api/v1/posts?page=1&limit=5 HTTP/1.1" 304 - "http://localhost:3000/" "Mozilla/5.0 (Windows NT 10.0; Win64; x64) AppleWebKit/537.36 (KHTML, like Gecko) Chrome/85.0.4183.121 Safari/537.36"
::1 - - [28/Sep/2020:19:32:23 +0000] "GET /api/v1/friendship/fetch_user_friends HTTP/1.1" 304 - "http://localhost:3000/" "Mozilla/5.0 (Windows NT 10.0; Win64; x64) AppleWebKit/537.36 (KHTML, like Gecko) Chrome/85.0.4183.121 Safari/537.36"
::1 - - [28/Sep/2020:19:34:44 +0000] "GET /api/v1/posts?page=1&limit=5 HTTP/1.1" 304 - "http://localhost:3000/" "Mozilla/5.0 (Windows NT 10.0; Win64; x64) AppleWebKit/537.36 (KHTML, like Gecko) Chrome/85.0.4183.121 Safari/537.36"
::1 - - [28/Sep/2020:19:34:44 +0000] "GET /api/v1/friendship/fetch_user_friends HTTP/1.1" 304 - "http://localhost:3000/" "Mozilla/5.0 (Windows NT 10.0; Win64; x64) AppleWebKit/537.36 (KHTML, like Gecko) Chrome/85.0.4183.121 Safari/537.36"
::1 - - [28/Sep/2020:19:37:37 +0000] "GET /api/v1/posts?page=1&limit=5 HTTP/1.1" 304 - "http://localhost:3000/" "Mozilla/5.0 (Windows NT 10.0; Win64; x64) AppleWebKit/537.36 (KHTML, like Gecko) Chrome/85.0.4183.121 Safari/537.36"
::1 - - [28/Sep/2020:19:37:37 +0000] "GET /api/v1/friendship/fetch_user_friends HTTP/1.1" 304 - "http://localhost:3000/" "Mozilla/5.0 (Windows NT 10.0; Win64; x64) AppleWebKit/537.36 (KHTML, like Gecko) Chrome/85.0.4183.121 Safari/537.36"
::1 - - [28/Sep/2020:19:38:56 +0000] "GET /api/v1/user/search?text=s HTTP/1.1" 404 157 "http://localhost:3000/" "Mozilla/5.0 (Windows NT 10.0; Win64; x64) AppleWebKit/537.36 (KHTML, like Gecko) Chrome/85.0.4183.121 Safari/537.36"
::ffff:127.0.0.1 - - [28/Sep/2020:19:49:31 +0000] "GET /api/v1/posts?page=1&limit=5 HTTP/1.1" 304 - "http://localhost:3000/" "Mozilla/5.0 (Windows NT 10.0; Win64; x64) AppleWebKit/537.36 (KHTML, like Gecko) Chrome/85.0.4183.121 Safari/537.36"
::1 - - [28/Sep/2020:19:49:31 +0000] "GET /api/v1/friendship/fetch_user_friends HTTP/1.1" 304 - "http://localhost:3000/" "Mozilla/5.0 (Windows NT 10.0; Win64; x64) AppleWebKit/537.36 (KHTML, like Gecko) Chrome/85.0.4183.121 Safari/537.36"
::1 - - [28/Sep/2020:19:49:35 +0000] "GET /api/v1/user/search?text=s HTTP/1.1" 200 146 "http://localhost:3000/" "Mozilla/5.0 (Windows NT 10.0; Win64; x64) AppleWebKit/537.36 (KHTML, like Gecko) Chrome/85.0.4183.121 Safari/537.36"
::1 - - [28/Sep/2020:19:49:41 +0000] "GET /api/v1/user/search?text= HTTP/1.1" 200 195 "http://localhost:3000/" "Mozilla/5.0 (Windows NT 10.0; Win64; x64) AppleWebKit/537.36 (KHTML, like Gecko) Chrome/85.0.4183.121 Safari/537.36"
::1 - - [28/Sep/2020:19:49:42 +0000] "GET /api/v1/user/search?text=a HTTP/1.1" 200 146 "http://localhost:3000/" "Mozilla/5.0 (Windows NT 10.0; Win64; x64) AppleWebKit/537.36 (KHTML, like Gecko) Chrome/85.0.4183.121 Safari/537.36"
::1 - - [28/Sep/2020:19:49:44 +0000] "GET /api/v1/user/search?text=an HTTP/1.1" 200 95 "http://localhost:3000/" "Mozilla/5.0 (Windows NT 10.0; Win64; x64) AppleWebKit/537.36 (KHTML, like Gecko) Chrome/85.0.4183.121 Safari/537.36"
::1 - - [28/Sep/2020:19:50:37 +0000] "GET /api/v1/posts?page=1&limit=5 HTTP/1.1" 304 - "http://localhost:3000/" "Mozilla/5.0 (Windows NT 10.0; Win64; x64) AppleWebKit/537.36 (KHTML, like Gecko) Chrome/85.0.4183.121 Safari/537.36"
::1 - - [28/Sep/2020:19:50:37 +0000] "GET /api/v1/friendship/fetch_user_friends HTTP/1.1" 304 - "http://localhost:3000/" "Mozilla/5.0 (Windows NT 10.0; Win64; x64) AppleWebKit/537.36 (KHTML, like Gecko) Chrome/85.0.4183.121 Safari/537.36"
::1 - - [28/Sep/2020:19:50:41 +0000] "GET /api/v1/user/search?text=a HTTP/1.1" 304 - "http://localhost:3000/" "Mozilla/5.0 (Windows NT 10.0; Win64; x64) AppleWebKit/537.36 (KHTML, like Gecko) Chrome/85.0.4183.121 Safari/537.36"
::1 - - [28/Sep/2020:19:50:44 +0000] "GET /api/v1/user/search?text=an HTTP/1.1" 304 - "http://localhost:3000/" "Mozilla/5.0 (Windows NT 10.0; Win64; x64) AppleWebKit/537.36 (KHTML, like Gecko) Chrome/85.0.4183.121 Safari/537.36"
::1 - - [02/Oct/2020:19:22:46 +0000] "GET /api/v1/posts?page=1&limit=5 HTTP/1.1" 200 94 "http://localhost:3000/" "Mozilla/5.0 (Windows NT 10.0; Win64; x64) AppleWebKit/537.36 (KHTML, like Gecko) Chrome/85.0.4183.121 Safari/537.36"
::1 - - [02/Oct/2020:19:23:02 +0000] "GET /api/v1/posts?page=1&limit=5 HTTP/1.1" 304 - "http://localhost:3000/" "Mozilla/5.0 (Windows NT 10.0; Win64; x64) AppleWebKit/537.36 (KHTML, like Gecko) Chrome/85.0.4183.121 Safari/537.36"
::1 - - [02/Oct/2020:19:23:46 +0000] "POST /api/v1/user/signup HTTP/1.1" 200 556 "http://localhost:3000/" "Mozilla/5.0 (Windows NT 10.0; Win64; x64) AppleWebKit/537.36 (KHTML, like Gecko) Chrome/85.0.4183.121 Safari/537.36"
::1 - - [03/Oct/2020:17:04:24 +0000] "GET /api/v1/posts?page=1&limit=5 HTTP/1.1" 200 94 "-" "Mozilla/5.0 (Windows NT 10.0; Win64; x64) AppleWebKit/537.36 (KHTML, like Gecko) Chrome/85.0.4183.121 Safari/537.36"
::1 - - [03/Oct/2020:17:04:26 +0000] "GET /api/v1/posts?page=1&limit=5 HTTP/1.1" 304 - "-" "Mozilla/5.0 (Windows NT 10.0; Win64; x64) AppleWebKit/537.36 (KHTML, like Gecko) Chrome/85.0.4183.121 Safari/537.36"
::1 - - [03/Oct/2020:17:05:11 +0000] "POST /api/v1/user/signup HTTP/1.1" 200 540 "-" "Mozilla/5.0 (Windows NT 10.0; Win64; x64) AppleWebKit/537.36 (KHTML, like Gecko) Chrome/85.0.4183.121 Safari/537.36"
::1 - - [03/Oct/2020:17:05:25 +0000] "POST /api/v1/posts/create HTTP/1.1" 200 294 "-" "Mozilla/5.0 (Windows NT 10.0; Win64; x64) AppleWebKit/537.36 (KHTML, like Gecko) Chrome/85.0.4183.121 Safari/537.36"
::1 - - [03/Oct/2020:17:05:36 +0000] "POST /api/v1/posts/create HTTP/1.1" 200 298 "-" "Mozilla/5.0 (Windows NT 10.0; Win64; x64) AppleWebKit/537.36 (KHTML, like Gecko) Chrome/85.0.4183.121 Safari/537.36"
::1 - - [03/Oct/2020:17:06:10 +0000] "GET /api/v1/posts?page=1&limit=5 HTTP/1.1" 200 861 "-" "Mozilla/5.0 (Windows NT 10.0; Win64; x64) AppleWebKit/537.36 (KHTML, like Gecko) Chrome/85.0.4183.121 Safari/537.36"
::1 - - [03/Oct/2020:17:06:10 +0000] "GET /api/v1/friendship/fetch_user_friends HTTP/1.1" 200 66 "-" "Mozilla/5.0 (Windows NT 10.0; Win64; x64) AppleWebKit/537.36 (KHTML, like Gecko) Chrome/85.0.4183.121 Safari/537.36"
::1 - - [03/Oct/2020:17:06:57 +0000] "GET /api/v1/user/search?text=b HTTP/1.1" 200 36 "-" "Mozilla/5.0 (Windows NT 10.0; Win64; x64) AppleWebKit/537.36 (KHTML, like Gecko) Chrome/85.0.4183.121 Safari/537.36"
::1 - - [03/Oct/2020:17:06:57 +0000] "GET /api/v1/user/search?text=bk HTTP/1.1" 200 36 "-" "Mozilla/5.0 (Windows NT 10.0; Win64; x64) AppleWebKit/537.36 (KHTML, like Gecko) Chrome/85.0.4183.121 Safari/537.36"
::1 - - [03/Oct/2020:17:06:57 +0000] "GET /api/v1/user/search?text=bkj HTTP/1.1" 200 36 "-" "Mozilla/5.0 (Windows NT 10.0; Win64; x64) AppleWebKit/537.36 (KHTML, like Gecko) Chrome/85.0.4183.121 Safari/537.36"
::1 - - [03/Oct/2020:17:06:57 +0000] "GET /api/v1/user/search?text=bkjb HTTP/1.1" 200 36 "-" "Mozilla/5.0 (Windows NT 10.0; Win64; x64) AppleWebKit/537.36 (KHTML, like Gecko) Chrome/85.0.4183.121 Safari/537.36"
::1 - - [03/Oct/2020:17:06:57 +0000] "GET /api/v1/user/search?text=bkjbk HTTP/1.1" 200 36 "-" "Mozilla/5.0 (Windows NT 10.0; Win64; x64) AppleWebKit/537.36 (KHTML, like Gecko) Chrome/85.0.4183.121 Safari/537.36"
::1 - - [03/Oct/2020:17:06:57 +0000] "GET /api/v1/user/search?text=bkjbkj HTTP/1.1" 200 36 "-" "Mozilla/5.0 (Windows NT 10.0; Win64; x64) AppleWebKit/537.36 (KHTML, like Gecko) Chrome/85.0.4183.121 Safari/537.36"
::1 - - [03/Oct/2020:17:06:57 +0000] "GET /api/v1/user/search?text=bkjbkjb HTTP/1.1" 200 36 "-" "Mozilla/5.0 (Windows NT 10.0; Win64; x64) AppleWebKit/537.36 (KHTML, like Gecko) Chrome/85.0.4183.121 Safari/537.36"
::1 - - [03/Oct/2020:17:06:58 +0000] "GET /api/v1/user/search?text=bkjbkjbk HTTP/1.1" 200 36 "-" "Mozilla/5.0 (Windows NT 10.0; Win64; x64) AppleWebKit/537.36 (KHTML, like Gecko) Chrome/85.0.4183.121 Safari/537.36"
::1 - - [03/Oct/2020:17:06:58 +0000] "GET /api/v1/user/search?text=bkjbkjb HTTP/1.1" 304 - "-" "Mozilla/5.0 (Windows NT 10.0; Win64; x64) AppleWebKit/537.36 (KHTML, like Gecko) Chrome/85.0.4183.121 Safari/537.36"
::1 - - [03/Oct/2020:17:06:59 +0000] "GET /api/v1/user/search?text=bkjbkj HTTP/1.1" 304 - "-" "Mozilla/5.0 (Windows NT 10.0; Win64; x64) AppleWebKit/537.36 (KHTML, like Gecko) Chrome/85.0.4183.121 Safari/537.36"
::1 - - [03/Oct/2020:17:06:59 +0000] "GET /api/v1/user/search?text=bkjbk HTTP/1.1" 304 - "-" "Mozilla/5.0 (Windows NT 10.0; Win64; x64) AppleWebKit/537.36 (KHTML, like Gecko) Chrome/85.0.4183.121 Safari/537.36"
::1 - - [03/Oct/2020:17:06:59 +0000] "GET /api/v1/user/search?text=bkjb HTTP/1.1" 304 - "-" "Mozilla/5.0 (Windows NT 10.0; Win64; x64) AppleWebKit/537.36 (KHTML, like Gecko) Chrome/85.0.4183.121 Safari/537.36"
::1 - - [03/Oct/2020:17:06:59 +0000] "GET /api/v1/user/search?text=bkj HTTP/1.1" 304 - "-" "Mozilla/5.0 (Windows NT 10.0; Win64; x64) AppleWebKit/537.36 (KHTML, like Gecko) Chrome/85.0.4183.121 Safari/537.36"
::1 - - [03/Oct/2020:17:06:59 +0000] "GET /api/v1/user/search?text=bk HTTP/1.1" 304 - "-" "Mozilla/5.0 (Windows NT 10.0; Win64; x64) AppleWebKit/537.36 (KHTML, like Gecko) Chrome/85.0.4183.121 Safari/537.36"
::1 - - [03/Oct/2020:17:06:59 +0000] "GET /api/v1/user/search?text=b HTTP/1.1" 304 - "-" "Mozilla/5.0 (Windows NT 10.0; Win64; x64) AppleWebKit/537.36 (KHTML, like Gecko) Chrome/85.0.4183.121 Safari/537.36"
::1 - - [03/Oct/2020:17:06:59 +0000] "GET /api/v1/user/search?text= HTTP/1.1" 200 147 "-" "Mozilla/5.0 (Windows NT 10.0; Win64; x64) AppleWebKit/537.36 (KHTML, like Gecko) Chrome/85.0.4183.121 Safari/537.36"
::1 - - [03/Oct/2020:17:07:19 +0000] "GET /api/v1/posts?page=1&limit=5 HTTP/1.1" 304 - "-" "Mozilla/5.0 (Windows NT 10.0; Win64; x64) AppleWebKit/537.36 (KHTML, like Gecko) Chrome/85.0.4183.121 Safari/537.36"
::1 - - [03/Oct/2020:17:07:19 +0000] "GET /api/v1/friendship/fetch_user_friends HTTP/1.1" 304 - "-" "Mozilla/5.0 (Windows NT 10.0; Win64; x64) AppleWebKit/537.36 (KHTML, like Gecko) Chrome/85.0.4183.121 Safari/537.36"
::1 - - [03/Oct/2020:17:07:27 +0000] "GET /api/v1/user/search?text=h HTTP/1.1" 200 147 "-" "Mozilla/5.0 (Windows NT 10.0; Win64; x64) AppleWebKit/537.36 (KHTML, like Gecko) Chrome/85.0.4183.121 Safari/537.36"
::1 - - [03/Oct/2020:17:07:29 +0000] "GET /api/v1/user/search?text= HTTP/1.1" 304 - "-" "Mozilla/5.0 (Windows NT 10.0; Win64; x64) AppleWebKit/537.36 (KHTML, like Gecko) Chrome/85.0.4183.121 Safari/537.36"
::1 - - [03/Oct/2020:17:08:42 +0000] "GET /api/v1/user/fetch/5f777e42cd10c56bc08d4cf5 HTTP/1.1" 200 124 "-" "Mozilla/5.0 (Windows NT 10.0; Win64; x64) AppleWebKit/537.36 (KHTML, like Gecko) Chrome/85.0.4183.121 Safari/537.36"
::1 - - [03/Oct/2020:17:08:44 +0000] "GET /api/v1/user/fetch/5f78af474800db336023fea9 HTTP/1.1" 200 117 "-" "Mozilla/5.0 (Windows NT 10.0; Win64; x64) AppleWebKit/537.36 (KHTML, like Gecko) Chrome/85.0.4183.121 Safari/537.36"
