::1 - - [22/Sep/2020:19:05:15 +0000] "GET /api/v1/user/fetch/5f6a4111eff5af20d863addd HTTP/1.1" 304 - "http://localhost:3000/" "Mozilla/5.0 (Windows NT 10.0; Win64; x64) AppleWebKit/537.36 (KHTML, like Gecko) Chrome/85.0.4183.121 Safari/537.36"
::1 - - [22/Sep/2020:19:29:00 +0000] "GET /api/v1/posts?page=1&limit=5 HTTP/1.1" 304 - "http://localhost:3000/" "Mozilla/5.0 (Windows NT 10.0; Win64; x64) AppleWebKit/537.36 (KHTML, like Gecko) Chrome/85.0.4183.121 Safari/537.36"
::1 - - [22/Sep/2020:19:29:01 +0000] "GET /api/v1/friendship/fetch_user_friends HTTP/1.1" 304 - "http://localhost:3000/" "Mozilla/5.0 (Windows NT 10.0; Win64; x64) AppleWebKit/537.36 (KHTML, like Gecko) Chrome/85.0.4183.121 Safari/537.36"
::1 - - [22/Sep/2020:19:29:04 +0000] "GET /api/v1/user/fetch/5f6a4111eff5af20d863addd HTTP/1.1" 304 - "http://localhost:3000/" "Mozilla/5.0 (Windows NT 10.0; Win64; x64) AppleWebKit/537.36 (KHTML, like Gecko) Chrome/85.0.4183.121 Safari/537.36"
::1 - - [22/Sep/2020:19:29:52 +0000] "GET /api/v1/posts?page=1&limit=5 HTTP/1.1" 304 - "http://localhost:3000/" "Mozilla/5.0 (Windows NT 10.0; Win64; x64) AppleWebKit/537.36 (KHTML, like Gecko) Chrome/85.0.4183.121 Safari/537.36"
::1 - - [22/Sep/2020:19:29:52 +0000] "GET /api/v1/friendship/fetch_user_friends HTTP/1.1" 304 - "http://localhost:3000/" "Mozilla/5.0 (Windows NT 10.0; Win64; x64) AppleWebKit/537.36 (KHTML, like Gecko) Chrome/85.0.4183.121 Safari/537.36"
::1 - - [22/Sep/2020:19:29:52 +0000] "GET /api/v1/user/fetch/5f6a4111eff5af20d863addd HTTP/1.1" 304 - "http://localhost:3000/" "Mozilla/5.0 (Windows NT 10.0; Win64; x64) AppleWebKit/537.36 (KHTML, like Gecko) Chrome/85.0.4183.121 Safari/537.36"
::1 - - [22/Sep/2020:19:31:06 +0000] "GET /api/v1/posts?page=1&limit=5 HTTP/1.1" 304 - "http://localhost:3000/" "Mozilla/5.0 (Windows NT 10.0; Win64; x64) AppleWebKit/537.36 (KHTML, like Gecko) Chrome/85.0.4183.121 Safari/537.36"
::1 - - [22/Sep/2020:19:31:06 +0000] "GET /api/v1/user/fetch/5f6a4111eff5af20d863addd HTTP/1.1" 304 - "http://localhost:3000/" "Mozilla/5.0 (Windows NT 10.0; Win64; x64) AppleWebKit/537.36 (KHTML, like Gecko) Chrome/85.0.4183.121 Safari/537.36"
::1 - - [22/Sep/2020:19:31:06 +0000] "GET /api/v1/friendship/fetch_user_friends HTTP/1.1" 304 - "http://localhost:3000/" "Mozilla/5.0 (Windows NT 10.0; Win64; x64) AppleWebKit/537.36 (KHTML, like Gecko) Chrome/85.0.4183.121 Safari/537.36"
::1 - - [22/Sep/2020:19:31:11 +0000] "POST /api/v1/friendship/remove_friendship?user_id=5f6a4111eff5af20d863addd HTTP/1.1" 500 35 "http://localhost:3000/" "Mozilla/5.0 (Windows NT 10.0; Win64; x64) AppleWebKit/537.36 (KHTML, like Gecko) Chrome/85.0.4183.121 Safari/537.36"
::1 - - [22/Sep/2020:19:32:08 +0000] "GET /api/v1/posts?page=1&limit=5 HTTP/1.1" 304 - "http://localhost:3000/" "Mozilla/5.0 (Windows NT 10.0; Win64; x64) AppleWebKit/537.36 (KHTML, like Gecko) Chrome/85.0.4183.121 Safari/537.36"
::1 - - [22/Sep/2020:19:32:08 +0000] "GET /api/v1/user/fetch/5f6a4111eff5af20d863addd HTTP/1.1" 304 - "http://localhost:3000/" "Mozilla/5.0 (Windows NT 10.0; Win64; x64) AppleWebKit/537.36 (KHTML, like Gecko) Chrome/85.0.4183.121 Safari/537.36"
::1 - - [22/Sep/2020:19:32:08 +0000] "GET /api/v1/friendship/fetch_user_friends HTTP/1.1" 304 - "http://localhost:3000/" "Mozilla/5.0 (Windows NT 10.0; Win64; x64) AppleWebKit/537.36 (KHTML, like Gecko) Chrome/85.0.4183.121 Safari/537.36"
::1 - - [22/Sep/2020:19:32:11 +0000] "POST /api/v1/friendship/remove_friendship?user_id=5f6a4111eff5af20d863addd HTTP/1.1" 500 35 "http://localhost:3000/" "Mozilla/5.0 (Windows NT 10.0; Win64; x64) AppleWebKit/537.36 (KHTML, like Gecko) Chrome/85.0.4183.121 Safari/537.36"
::1 - - [22/Sep/2020:19:33:11 +0000] "GET /api/v1/posts?page=1&limit=5 HTTP/1.1" 304 - "http://localhost:3000/" "Mozilla/5.0 (Windows NT 10.0; Win64; x64) AppleWebKit/537.36 (KHTML, like Gecko) Chrome/85.0.4183.121 Safari/537.36"
::1 - - [22/Sep/2020:19:33:12 +0000] "GET /api/v1/user/fetch/5f6a4111eff5af20d863addd HTTP/1.1" 304 - "http://localhost:3000/" "Mozilla/5.0 (Windows NT 10.0; Win64; x64) AppleWebKit/537.36 (KHTML, like Gecko) Chrome/85.0.4183.121 Safari/537.36"
::1 - - [22/Sep/2020:19:33:12 +0000] "GET /api/v1/friendship/fetch_user_friends HTTP/1.1" 304 - "http://localhost:3000/" "Mozilla/5.0 (Windows NT 10.0; Win64; x64) AppleWebKit/537.36 (KHTML, like Gecko) Chrome/85.0.4183.121 Safari/537.36"
::1 - - [22/Sep/2020:19:33:14 +0000] "POST /api/v1/friendship/remove_friendship?user_id=5f6a4111eff5af20d863addd HTTP/1.1" 500 35 "http://localhost:3000/" "Mozilla/5.0 (Windows NT 10.0; Win64; x64) AppleWebKit/537.36 (KHTML, like Gecko) Chrome/85.0.4183.121 Safari/537.36"
::1 - - [22/Sep/2020:19:35:55 +0000] "GET /api/v1/posts?page=1&limit=5 HTTP/1.1" 304 - "http://localhost:3000/" "Mozilla/5.0 (Windows NT 10.0; Win64; x64) AppleWebKit/537.36 (KHTML, like Gecko) Chrome/85.0.4183.121 Safari/537.36"
::1 - - [22/Sep/2020:19:35:55 +0000] "GET /api/v1/friendship/fetch_user_friends HTTP/1.1" 304 - "http://localhost:3000/" "Mozilla/5.0 (Windows NT 10.0; Win64; x64) AppleWebKit/537.36 (KHTML, like Gecko) Chrome/85.0.4183.121 Safari/537.36"
::1 - - [22/Sep/2020:19:35:55 +0000] "GET /api/v1/user/fetch/5f6a4111eff5af20d863addd HTTP/1.1" 304 - "http://localhost:3000/" "Mozilla/5.0 (Windows NT 10.0; Win64; x64) AppleWebKit/537.36 (KHTML, like Gecko) Chrome/85.0.4183.121 Safari/537.36"
::1 - - [22/Sep/2020:19:36:03 +0000] "POST /api/v1/friendship/remove_friendship?user_id=5f6a4111eff5af20d863addd HTTP/1.1" - - "http://localhost:3000/" "Mozilla/5.0 (Windows NT 10.0; Win64; x64) AppleWebKit/537.36 (KHTML, like Gecko) Chrome/85.0.4183.121 Safari/537.36"
::1 - - [22/Sep/2020:19:36:04 +0000] "GET /api/v1/posts?page=1&limit=5 HTTP/1.1" 304 - "http://localhost:3000/" "Mozilla/5.0 (Windows NT 10.0; Win64; x64) AppleWebKit/537.36 (KHTML, like Gecko) Chrome/85.0.4183.121 Safari/537.36"
::1 - - [22/Sep/2020:19:36:04 +0000] "GET /api/v1/friendship/fetch_user_friends HTTP/1.1" 304 - "http://localhost:3000/" "Mozilla/5.0 (Windows NT 10.0; Win64; x64) AppleWebKit/537.36 (KHTML, like Gecko) Chrome/85.0.4183.121 Safari/537.36"
::1 - - [22/Sep/2020:19:36:04 +0000] "GET /api/v1/user/fetch/5f6a4111eff5af20d863addd HTTP/1.1" 304 - "http://localhost:3000/" "Mozilla/5.0 (Windows NT 10.0; Win64; x64) AppleWebKit/537.36 (KHTML, like Gecko) Chrome/85.0.4183.121 Safari/537.36"
::1 - - [22/Sep/2020:19:37:06 +0000] "GET /api/v1/posts?page=1&limit=5 HTTP/1.1" 304 - "http://localhost:3000/" "Mozilla/5.0 (Windows NT 10.0; Win64; x64) AppleWebKit/537.36 (KHTML, like Gecko) Chrome/85.0.4183.121 Safari/537.36"
::1 - - [22/Sep/2020:19:37:06 +0000] "GET /api/v1/user/fetch/5f6a4111eff5af20d863addd HTTP/1.1" 304 - "http://localhost:3000/" "Mozilla/5.0 (Windows NT 10.0; Win64; x64) AppleWebKit/537.36 (KHTML, like Gecko) Chrome/85.0.4183.121 Safari/537.36"
::1 - - [22/Sep/2020:19:37:06 +0000] "GET /api/v1/friendship/fetch_user_friends HTTP/1.1" 304 - "http://localhost:3000/" "Mozilla/5.0 (Windows NT 10.0; Win64; x64) AppleWebKit/537.36 (KHTML, like Gecko) Chrome/85.0.4183.121 Safari/537.36"
::1 - - [22/Sep/2020:19:38:07 +0000] "POST /api/v1/friendship/remove_friendship?user_id=5f6a4111eff5af20d863addd HTTP/1.1" 500 35 "http://localhost:3000/" "Mozilla/5.0 (Windows NT 10.0; Win64; x64) AppleWebKit/537.36 (KHTML, like Gecko) Chrome/85.0.4183.121 Safari/537.36"
::1 - - [22/Sep/2020:19:38:11 +0000] "GET /api/v1/posts?page=1&limit=5 HTTP/1.1" 304 - "http://localhost:3000/" "Mozilla/5.0 (Windows NT 10.0; Win64; x64) AppleWebKit/537.36 (KHTML, like Gecko) Chrome/85.0.4183.121 Safari/537.36"
::ffff:127.0.0.1 - - [22/Sep/2020:19:38:11 +0000] "GET /api/v1/friendship/fetch_user_friends HTTP/1.1" 304 - "http://localhost:3000/" "Mozilla/5.0 (Windows NT 10.0; Win64; x64) AppleWebKit/537.36 (KHTML, like Gecko) Chrome/85.0.4183.121 Safari/537.36"
::1 - - [22/Sep/2020:19:38:11 +0000] "GET /api/v1/user/fetch/5f6a4111eff5af20d863addd HTTP/1.1" 304 - "http://localhost:3000/" "Mozilla/5.0 (Windows NT 10.0; Win64; x64) AppleWebKit/537.36 (KHTML, like Gecko) Chrome/85.0.4183.121 Safari/537.36"
::1 - - [22/Sep/2020:19:38:13 +0000] "POST /api/v1/friendship/remove_friendship?user_id=5f6a4111eff5af20d863addd HTTP/1.1" 500 35 "http://localhost:3000/" "Mozilla/5.0 (Windows NT 10.0; Win64; x64) AppleWebKit/537.36 (KHTML, like Gecko) Chrome/85.0.4183.121 Safari/537.36"
::1 - - [22/Sep/2020:19:47:12 +0000] "GET /api/v1/posts?page=1&limit=5 HTTP/1.1" 304 - "http://localhost:3000/" "Mozilla/5.0 (Windows NT 10.0; Win64; x64) AppleWebKit/537.36 (KHTML, like Gecko) Chrome/85.0.4183.121 Safari/537.36"
::1 - - [22/Sep/2020:19:47:12 +0000] "GET /api/v1/user/fetch/5f6a4111eff5af20d863addd HTTP/1.1" 304 - "http://localhost:3000/" "Mozilla/5.0 (Windows NT 10.0; Win64; x64) AppleWebKit/537.36 (KHTML, like Gecko) Chrome/85.0.4183.121 Safari/537.36"
::1 - - [22/Sep/2020:19:47:12 +0000] "GET /api/v1/friendship/fetch_user_friends HTTP/1.1" 304 - "http://localhost:3000/" "Mozilla/5.0 (Windows NT 10.0; Win64; x64) AppleWebKit/537.36 (KHTML, like Gecko) Chrome/85.0.4183.121 Safari/537.36"
::1 - - [22/Sep/2020:19:53:21 +0000] "GET /api/v1/posts?page=1&limit=5 HTTP/1.1" 304 - "http://localhost:3000/" "Mozilla/5.0 (Windows NT 10.0; Win64; x64) AppleWebKit/537.36 (KHTML, like Gecko) Chrome/85.0.4183.121 Safari/537.36"
::1 - - [22/Sep/2020:19:53:21 +0000] "GET /api/v1/user/fetch/5f6a4111eff5af20d863addd HTTP/1.1" 304 - "http://localhost:3000/" "Mozilla/5.0 (Windows NT 10.0; Win64; x64) AppleWebKit/537.36 (KHTML, like Gecko) Chrome/85.0.4183.121 Safari/537.36"
::1 - - [22/Sep/2020:19:53:21 +0000] "GET /api/v1/friendship/fetch_user_friends HTTP/1.1" 304 - "http://localhost:3000/" "Mozilla/5.0 (Windows NT 10.0; Win64; x64) AppleWebKit/537.36 (KHTML, like Gecko) Chrome/85.0.4183.121 Safari/537.36"
::1 - - [22/Sep/2020:19:53:24 +0000] "POST /api/v1/friendship/remove_friendship?user_id=5f6a4111eff5af20d863addd HTTP/1.1" 200 44 "http://localhost:3000/" "Mozilla/5.0 (Windows NT 10.0; Win64; x64) AppleWebKit/537.36 (KHTML, like Gecko) Chrome/85.0.4183.121 Safari/537.36"
::1 - - [22/Sep/2020:19:53:36 +0000] "GET /api/v1/posts?page=1&limit=5 HTTP/1.1" 304 - "http://localhost:3000/" "Mozilla/5.0 (Windows NT 10.0; Win64; x64) AppleWebKit/537.36 (KHTML, like Gecko) Chrome/85.0.4183.121 Safari/537.36"
::1 - - [22/Sep/2020:19:53:36 +0000] "GET /api/v1/friendship/fetch_user_friends HTTP/1.1" 304 - "http://localhost:3000/" "Mozilla/5.0 (Windows NT 10.0; Win64; x64) AppleWebKit/537.36 (KHTML, like Gecko) Chrome/85.0.4183.121 Safari/537.36"
::1 - - [22/Sep/2020:19:53:46 +0000] "GET /api/v1/posts?page=1&limit=5 HTTP/1.1" 304 - "http://localhost:3000/" "Mozilla/5.0 (Windows NT 10.0; Win64; x64) AppleWebKit/537.36 (KHTML, like Gecko) Chrome/85.0.4183.121 Safari/537.36"
::1 - - [22/Sep/2020:19:53:46 +0000] "GET /api/v1/friendship/fetch_user_friends HTTP/1.1" 304 - "http://localhost:3000/" "Mozilla/5.0 (Windows NT 10.0; Win64; x64) AppleWebKit/537.36 (KHTML, like Gecko) Chrome/85.0.4183.121 Safari/537.36"
::1 - - [22/Sep/2020:19:55:27 +0000] "GET /api/v1/posts?page=1&limit=5 HTTP/1.1" 304 - "http://localhost:3000/" "Mozilla/5.0 (Windows NT 10.0; Win64; x64) AppleWebKit/537.36 (KHTML, like Gecko) Chrome/85.0.4183.121 Safari/537.36"
::1 - - [22/Sep/2020:19:55:27 +0000] "GET /api/v1/user/fetch/5f6a4111eff5af20d863addd HTTP/1.1" 304 - "http://localhost:3000/" "Mozilla/5.0 (Windows NT 10.0; Win64; x64) AppleWebKit/537.36 (KHTML, like Gecko) Chrome/85.0.4183.121 Safari/537.36"
::1 - - [22/Sep/2020:19:55:27 +0000] "GET /api/v1/friendship/fetch_user_friends HTTP/1.1" 304 - "http://localhost:3000/" "Mozilla/5.0 (Windows NT 10.0; Win64; x64) AppleWebKit/537.36 (KHTML, like Gecko) Chrome/85.0.4183.121 Safari/537.36"
::1 - - [22/Sep/2020:19:55:32 +0000] "POST /api/v1/friendship/remove_friendship?user_id=5f6a4111eff5af20d863addd HTTP/1.1" 500 35 "http://localhost:3000/" "Mozilla/5.0 (Windows NT 10.0; Win64; x64) AppleWebKit/537.36 (KHTML, like Gecko) Chrome/85.0.4183.121 Safari/537.36"
::1 - - [22/Sep/2020:19:56:40 +0000] "GET /api/v1/posts?page=1&limit=5 HTTP/1.1" 304 - "http://localhost:3000/" "Mozilla/5.0 (Windows NT 10.0; Win64; x64) AppleWebKit/537.36 (KHTML, like Gecko) Chrome/85.0.4183.121 Safari/537.36"
::1 - - [22/Sep/2020:19:56:40 +0000] "GET /api/v1/friendship/fetch_user_friends HTTP/1.1" 304 - "http://localhost:3000/" "Mozilla/5.0 (Windows NT 10.0; Win64; x64) AppleWebKit/537.36 (KHTML, like Gecko) Chrome/85.0.4183.121 Safari/537.36"
::1 - - [22/Sep/2020:19:56:40 +0000] "GET /api/v1/user/fetch/5f6a4111eff5af20d863addd HTTP/1.1" 304 - "http://localhost:3000/" "Mozilla/5.0 (Windows NT 10.0; Win64; x64) AppleWebKit/537.36 (KHTML, like Gecko) Chrome/85.0.4183.121 Safari/537.36"
::ffff:127.0.0.1 - - [22/Sep/2020:19:57:34 +0000] "POST /api/v1/friendship/remove_friendship?user_id=5f6a4111eff5af20d863addd HTTP/1.1" - - "http://localhost:3000/" "Mozilla/5.0 (Windows NT 10.0; Win64; x64) AppleWebKit/537.36 (KHTML, like Gecko) Chrome/85.0.4183.121 Safari/537.36"
::1 - - [22/Sep/2020:19:57:34 +0000] "GET /api/v1/posts?page=1&limit=5 HTTP/1.1" 304 - "http://localhost:3000/" "Mozilla/5.0 (Windows NT 10.0; Win64; x64) AppleWebKit/537.36 (KHTML, like Gecko) Chrome/85.0.4183.121 Safari/537.36"
::1 - - [22/Sep/2020:19:57:34 +0000] "GET /api/v1/friendship/fetch_user_friends HTTP/1.1" 304 - "http://localhost:3000/" "Mozilla/5.0 (Windows NT 10.0; Win64; x64) AppleWebKit/537.36 (KHTML, like Gecko) Chrome/85.0.4183.121 Safari/537.36"
::1 - - [22/Sep/2020:19:57:34 +0000] "GET /api/v1/user/fetch/5f6a4111eff5af20d863addd HTTP/1.1" 304 - "http://localhost:3000/" "Mozilla/5.0 (Windows NT 10.0; Win64; x64) AppleWebKit/537.36 (KHTML, like Gecko) Chrome/85.0.4183.121 Safari/537.36"
::1 - - [22/Sep/2020:19:59:58 +0000] "GET /api/v1/posts?page=1&limit=5 HTTP/1.1" 304 - "http://localhost:3000/" "Mozilla/5.0 (Windows NT 10.0; Win64; x64) AppleWebKit/537.36 (KHTML, like Gecko) Chrome/85.0.4183.121 Safari/537.36"
::1 - - [22/Sep/2020:19:59:58 +0000] "GET /api/v1/user/fetch/5f6a4111eff5af20d863addd HTTP/1.1" 304 - "http://localhost:3000/" "Mozilla/5.0 (Windows NT 10.0; Win64; x64) AppleWebKit/537.36 (KHTML, like Gecko) Chrome/85.0.4183.121 Safari/537.36"
::1 - - [22/Sep/2020:19:59:58 +0000] "GET /api/v1/friendship/fetch_user_friends HTTP/1.1" 304 - "http://localhost:3000/" "Mozilla/5.0 (Windows NT 10.0; Win64; x64) AppleWebKit/537.36 (KHTML, like Gecko) Chrome/85.0.4183.121 Safari/537.36"
::1 - - [22/Sep/2020:20:00:11 +0000] "GET /api/v1/posts?page=1&limit=5 HTTP/1.1" 304 - "http://localhost:3000/" "Mozilla/5.0 (Windows NT 10.0; Win64; x64) AppleWebKit/537.36 (KHTML, like Gecko) Chrome/85.0.4183.121 Safari/537.36"
::1 - - [22/Sep/2020:20:00:11 +0000] "GET /api/v1/user/fetch/5f6a4111eff5af20d863addd HTTP/1.1" 304 - "http://localhost:3000/" "Mozilla/5.0 (Windows NT 10.0; Win64; x64) AppleWebKit/537.36 (KHTML, like Gecko) Chrome/85.0.4183.121 Safari/537.36"
::1 - - [22/Sep/2020:20:00:11 +0000] "GET /api/v1/friendship/fetch_user_friends HTTP/1.1" 304 - "http://localhost:3000/" "Mozilla/5.0 (Windows NT 10.0; Win64; x64) AppleWebKit/537.36 (KHTML, like Gecko) Chrome/85.0.4183.121 Safari/537.36"
::1 - - [22/Sep/2020:20:00:13 +0000] "POST /api/v1/friendship/remove_friendship?user_id=5f6a4111eff5af20d863addd HTTP/1.1" 500 35 "http://localhost:3000/" "Mozilla/5.0 (Windows NT 10.0; Win64; x64) AppleWebKit/537.36 (KHTML, like Gecko) Chrome/85.0.4183.121 Safari/537.36"
::1 - - [22/Sep/2020:20:01:14 +0000] "GET /api/v1/posts?page=1&limit=5 HTTP/1.1" 304 - "http://localhost:3000/" "Mozilla/5.0 (Windows NT 10.0; Win64; x64) AppleWebKit/537.36 (KHTML, like Gecko) Chrome/85.0.4183.121 Safari/537.36"
::1 - - [22/Sep/2020:20:01:14 +0000] "GET /api/v1/user/fetch/5f6a4111eff5af20d863addd HTTP/1.1" 304 - "http://localhost:3000/" "Mozilla/5.0 (Windows NT 10.0; Win64; x64) AppleWebKit/537.36 (KHTML, like Gecko) Chrome/85.0.4183.121 Safari/537.36"
::1 - - [22/Sep/2020:20:01:14 +0000] "GET /api/v1/friendship/fetch_user_friends HTTP/1.1" 304 - "http://localhost:3000/" "Mozilla/5.0 (Windows NT 10.0; Win64; x64) AppleWebKit/537.36 (KHTML, like Gecko) Chrome/85.0.4183.121 Safari/537.36"
::1 - - [22/Sep/2020:20:01:17 +0000] "POST /api/v1/friendship/remove_friendship?user_id=5f6a4111eff5af20d863addd HTTP/1.1" 200 44 "http://localhost:3000/" "Mozilla/5.0 (Windows NT 10.0; Win64; x64) AppleWebKit/537.36 (KHTML, like Gecko) Chrome/85.0.4183.121 Safari/537.36"
::1 - - [22/Sep/2020:20:01:44 +0000] "GET /api/v1/posts?page=1&limit=5 HTTP/1.1" 304 - "http://localhost:3000/" "Mozilla/5.0 (Windows NT 10.0; Win64; x64) AppleWebKit/537.36 (KHTML, like Gecko) Chrome/85.0.4183.121 Safari/537.36"
::1 - - [22/Sep/2020:20:01:44 +0000] "GET /api/v1/friendship/fetch_user_friends HTTP/1.1" 304 - "http://localhost:3000/" "Mozilla/5.0 (Windows NT 10.0; Win64; x64) AppleWebKit/537.36 (KHTML, like Gecko) Chrome/85.0.4183.121 Safari/537.36"
::1 - - [22/Sep/2020:20:01:49 +0000] "GET /api/v1/user/fetch/5f6a4111eff5af20d863addd HTTP/1.1" 304 - "http://localhost:3000/" "Mozilla/5.0 (Windows NT 10.0; Win64; x64) AppleWebKit/537.36 (KHTML, like Gecko) Chrome/85.0.4183.121 Safari/537.36"
::1 - - [22/Sep/2020:20:10:36 +0000] "GET /api/v1/posts?page=1&limit=5 HTTP/1.1" 304 - "http://localhost:3000/" "Mozilla/5.0 (Windows NT 10.0; Win64; x64) AppleWebKit/537.36 (KHTML, like Gecko) Chrome/85.0.4183.121 Safari/537.36"
::1 - - [22/Sep/2020:20:10:36 +0000] "GET /api/v1/user/fetch/5f6a4111eff5af20d863addd HTTP/1.1" 304 - "http://localhost:3000/" "Mozilla/5.0 (Windows NT 10.0; Win64; x64) AppleWebKit/537.36 (KHTML, like Gecko) Chrome/85.0.4183.121 Safari/537.36"
::1 - - [22/Sep/2020:20:10:36 +0000] "GET /api/v1/friendship/fetch_user_friends HTTP/1.1" 304 - "http://localhost:3000/" "Mozilla/5.0 (Windows NT 10.0; Win64; x64) AppleWebKit/537.36 (KHTML, like Gecko) Chrome/85.0.4183.121 Safari/537.36"
::1 - - [22/Sep/2020:20:10:38 +0000] "POST /api/v1/friendship/remove_friendship?user_id=5f6a4111eff5af20d863addd HTTP/1.1" 200 44 "http://localhost:3000/" "Mozilla/5.0 (Windows NT 10.0; Win64; x64) AppleWebKit/537.36 (KHTML, like Gecko) Chrome/85.0.4183.121 Safari/537.36"
::1 - - [22/Sep/2020:20:11:28 +0000] "GET /api/v1/posts?page=1&limit=5 HTTP/1.1" 200 2175 "http://localhost:3000/" "Mozilla/5.0 (Windows NT 10.0; Win64; x64) AppleWebKit/537.36 (KHTML, like Gecko) Chrome/85.0.4183.121 Safari/537.36"
::1 - - [22/Sep/2020:20:11:28 +0000] "GET /api/v1/friendship/fetch_user_friends HTTP/1.1" 200 66 "http://localhost:3000/" "Mozilla/5.0 (Windows NT 10.0; Win64; x64) AppleWebKit/537.36 (KHTML, like Gecko) Chrome/85.0.4183.121 Safari/537.36"
::1 - - [22/Sep/2020:20:11:58 +0000] "GET /api/v1/user/fetch/5f6a4111eff5af20d863addd HTTP/1.1" 304 - "http://localhost:3000/" "Mozilla/5.0 (Windows NT 10.0; Win64; x64) AppleWebKit/537.36 (KHTML, like Gecko) Chrome/85.0.4183.121 Safari/537.36"
::1 - - [22/Sep/2020:20:11:59 +0000] "POST /api/v1/friendship/create_friendship?user_id=5f6a4111eff5af20d863addd&curr_user=5f6a417aeff5af20d863ade6 HTTP/1.1" 200 258 "http://localhost:3000/" "Mozilla/5.0 (Windows NT 10.0; Win64; x64) AppleWebKit/537.36 (KHTML, like Gecko) Chrome/85.0.4183.121 Safari/537.36"
::1 - - [22/Sep/2020:20:12:04 +0000] "GET /api/v1/posts?page=1&limit=5 HTTP/1.1" 200 2253 "http://localhost:3000/" "Mozilla/5.0 (Windows NT 10.0; Win64; x64) AppleWebKit/537.36 (KHTML, like Gecko) Chrome/85.0.4183.121 Safari/537.36"
::1 - - [22/Sep/2020:20:12:05 +0000] "GET /api/v1/friendship/fetch_user_friends HTTP/1.1" 200 319 "http://localhost:3000/" "Mozilla/5.0 (Windows NT 10.0; Win64; x64) AppleWebKit/537.36 (KHTML, like Gecko) Chrome/85.0.4183.121 Safari/537.36"
::1 - - [22/Sep/2020:20:12:05 +0000] "GET /api/v1/user/fetch/5f6a4111eff5af20d863addd HTTP/1.1" 304 - "http://localhost:3000/" "Mozilla/5.0 (Windows NT 10.0; Win64; x64) AppleWebKit/537.36 (KHTML, like Gecko) Chrome/85.0.4183.121 Safari/537.36"
::1 - - [22/Sep/2020:20:13:06 +0000] "POST /api/v1/friendship/remove_friendship?user_id=5f6a4111eff5af20d863addd HTTP/1.1" 500 35 "http://localhost:3000/" "Mozilla/5.0 (Windows NT 10.0; Win64; x64) AppleWebKit/537.36 (KHTML, like Gecko) Chrome/85.0.4183.121 Safari/537.36"
::1 - - [22/Sep/2020:20:14:46 +0000] "GET /api/v1/posts?page=1&limit=5 HTTP/1.1" 200 2175 "http://localhost:3000/" "Mozilla/5.0 (Windows NT 10.0; Win64; x64) AppleWebKit/537.36 (KHTML, like Gecko) Chrome/85.0.4183.121 Safari/537.36"
::1 - - [22/Sep/2020:20:14:46 +0000] "GET /api/v1/user/fetch/5f6a4111eff5af20d863addd HTTP/1.1" 304 - "http://localhost:3000/" "Mozilla/5.0 (Windows NT 10.0; Win64; x64) AppleWebKit/537.36 (KHTML, like Gecko) Chrome/85.0.4183.121 Safari/537.36"
::1 - - [22/Sep/2020:20:14:46 +0000] "GET /api/v1/friendship/fetch_user_friends HTTP/1.1" 200 66 "http://localhost:3000/" "Mozilla/5.0 (Windows NT 10.0; Win64; x64) AppleWebKit/537.36 (KHTML, like Gecko) Chrome/85.0.4183.121 Safari/537.36"
::1 - - [22/Sep/2020:20:15:15 +0000] "POST /api/v1/friendship/create_friendship?user_id=5f6a4111eff5af20d863addd&curr_user=5f6a417aeff5af20d863ade6 HTTP/1.1" 200 258 "http://localhost:3000/" "Mozilla/5.0 (Windows NT 10.0; Win64; x64) AppleWebKit/537.36 (KHTML, like Gecko) Chrome/85.0.4183.121 Safari/537.36"
::1 - - [22/Sep/2020:20:15:18 +0000] "GET /api/v1/posts?page=1&limit=5 HTTP/1.1" 200 2253 "http://localhost:3000/" "Mozilla/5.0 (Windows NT 10.0; Win64; x64) AppleWebKit/537.36 (KHTML, like Gecko) Chrome/85.0.4183.121 Safari/537.36"
::1 - - [22/Sep/2020:20:15:18 +0000] "GET /api/v1/friendship/fetch_user_friends HTTP/1.1" 200 319 "http://localhost:3000/" "Mozilla/5.0 (Windows NT 10.0; Win64; x64) AppleWebKit/537.36 (KHTML, like Gecko) Chrome/85.0.4183.121 Safari/537.36"
::1 - - [22/Sep/2020:20:15:18 +0000] "GET /api/v1/user/fetch/5f6a4111eff5af20d863addd HTTP/1.1" 304 - "http://localhost:3000/" "Mozilla/5.0 (Windows NT 10.0; Win64; x64) AppleWebKit/537.36 (KHTML, like Gecko) Chrome/85.0.4183.121 Safari/537.36"
::1 - - [22/Sep/2020:20:15:21 +0000] "POST /api/v1/friendship/remove_friendship?user_id=5f6a4111eff5af20d863addd HTTP/1.1" 200 44 "http://localhost:3000/" "Mozilla/5.0 (Windows NT 10.0; Win64; x64) AppleWebKit/537.36 (KHTML, like Gecko) Chrome/85.0.4183.121 Safari/537.36"
::1 - - [22/Sep/2020:20:17:33 +0000] "POST /api/v1/friendship/create_friendship?user_id=5f6a4111eff5af20d863addd&curr_user=5f6a417aeff5af20d863ade6 HTTP/1.1" 200 258 "http://localhost:3000/" "Mozilla/5.0 (Windows NT 10.0; Win64; x64) AppleWebKit/537.36 (KHTML, like Gecko) Chrome/85.0.4183.121 Safari/537.36"
::1 - - [22/Sep/2020:20:17:36 +0000] "GET /api/v1/posts?page=1&limit=5 HTTP/1.1" 200 2253 "http://localhost:3000/" "Mozilla/5.0 (Windows NT 10.0; Win64; x64) AppleWebKit/537.36 (KHTML, like Gecko) Chrome/85.0.4183.121 Safari/537.36"
::1 - - [22/Sep/2020:20:17:36 +0000] "GET /api/v1/friendship/fetch_user_friends HTTP/1.1" 200 319 "http://localhost:3000/" "Mozilla/5.0 (Windows NT 10.0; Win64; x64) AppleWebKit/537.36 (KHTML, like Gecko) Chrome/85.0.4183.121 Safari/537.36"
::1 - - [22/Sep/2020:20:17:36 +0000] "GET /api/v1/user/fetch/5f6a4111eff5af20d863addd HTTP/1.1" 304 - "http://localhost:3000/" "Mozilla/5.0 (Windows NT 10.0; Win64; x64) AppleWebKit/537.36 (KHTML, like Gecko) Chrome/85.0.4183.121 Safari/537.36"
::1 - - [22/Sep/2020:20:17:39 +0000] "POST /api/v1/friendship/remove_friendship?user_id=5f6a4111eff5af20d863addd HTTP/1.1" 500 35 "http://localhost:3000/" "Mozilla/5.0 (Windows NT 10.0; Win64; x64) AppleWebKit/537.36 (KHTML, like Gecko) Chrome/85.0.4183.121 Safari/537.36"
::1 - - [22/Sep/2020:20:19:38 +0000] "GET /api/v1/posts?page=1&limit=5 HTTP/1.1" 304 - "http://localhost:3000/" "Mozilla/5.0 (Windows NT 10.0; Win64; x64) AppleWebKit/537.36 (KHTML, like Gecko) Chrome/85.0.4183.121 Safari/537.36"
::1 - - [22/Sep/2020:20:19:38 +0000] "GET /api/v1/user/fetch/5f6a4111eff5af20d863addd HTTP/1.1" 304 - "http://localhost:3000/" "Mozilla/5.0 (Windows NT 10.0; Win64; x64) AppleWebKit/537.36 (KHTML, like Gecko) Chrome/85.0.4183.121 Safari/537.36"
::1 - - [22/Sep/2020:20:19:38 +0000] "GET /api/v1/friendship/fetch_user_friends HTTP/1.1" 304 - "http://localhost:3000/" "Mozilla/5.0 (Windows NT 10.0; Win64; x64) AppleWebKit/537.36 (KHTML, like Gecko) Chrome/85.0.4183.121 Safari/537.36"
::1 - - [22/Sep/2020:20:19:51 +0000] "POST /api/v1/friendship/remove_friendship?user_id=5f6a4111eff5af20d863addd HTTP/1.1" 200 44 "http://localhost:3000/" "Mozilla/5.0 (Windows NT 10.0; Win64; x64) AppleWebKit/537.36 (KHTML, like Gecko) Chrome/85.0.4183.121 Safari/537.36"
::1 - - [22/Sep/2020:20:20:28 +0000] "GET /api/v1/posts?page=1&limit=5 HTTP/1.1" 200 2175 "http://localhost:3000/" "Mozilla/5.0 (Windows NT 10.0; Win64; x64) AppleWebKit/537.36 (KHTML, like Gecko) Chrome/85.0.4183.121 Safari/537.36"
::1 - - [22/Sep/2020:20:20:28 +0000] "GET /api/v1/friendship/fetch_user_friends HTTP/1.1" 200 66 "http://localhost:3000/" "Mozilla/5.0 (Windows NT 10.0; Win64; x64) AppleWebKit/537.36 (KHTML, like Gecko) Chrome/85.0.4183.121 Safari/537.36"
::1 - - [22/Sep/2020:20:20:28 +0000] "GET /api/v1/user/fetch/5f6a4111eff5af20d863addd HTTP/1.1" 304 - "http://localhost:3000/" "Mozilla/5.0 (Windows NT 10.0; Win64; x64) AppleWebKit/537.36 (KHTML, like Gecko) Chrome/85.0.4183.121 Safari/537.36"
::1 - - [22/Sep/2020:20:20:29 +0000] "POST /api/v1/friendship/create_friendship?user_id=5f6a4111eff5af20d863addd&curr_user=5f6a417aeff5af20d863ade6 HTTP/1.1" 200 258 "http://localhost:3000/" "Mozilla/5.0 (Windows NT 10.0; Win64; x64) AppleWebKit/537.36 (KHTML, like Gecko) Chrome/85.0.4183.121 Safari/537.36"
::1 - - [22/Sep/2020:20:20:32 +0000] "GET /api/v1/posts?page=1&limit=5 HTTP/1.1" 200 2253 "http://localhost:3000/" "Mozilla/5.0 (Windows NT 10.0; Win64; x64) AppleWebKit/537.36 (KHTML, like Gecko) Chrome/85.0.4183.121 Safari/537.36"
::1 - - [22/Sep/2020:20:20:32 +0000] "GET /api/v1/friendship/fetch_user_friends HTTP/1.1" 200 319 "http://localhost:3000/" "Mozilla/5.0 (Windows NT 10.0; Win64; x64) AppleWebKit/537.36 (KHTML, like Gecko) Chrome/85.0.4183.121 Safari/537.36"
::1 - - [22/Sep/2020:20:20:32 +0000] "GET /api/v1/user/fetch/5f6a4111eff5af20d863addd HTTP/1.1" 304 - "http://localhost:3000/" "Mozilla/5.0 (Windows NT 10.0; Win64; x64) AppleWebKit/537.36 (KHTML, like Gecko) Chrome/85.0.4183.121 Safari/537.36"
::1 - - [22/Sep/2020:20:20:33 +0000] "POST /api/v1/friendship/remove_friendship?user_id=5f6a4111eff5af20d863addd HTTP/1.1" 200 44 "http://localhost:3000/" "Mozilla/5.0 (Windows NT 10.0; Win64; x64) AppleWebKit/537.36 (KHTML, like Gecko) Chrome/85.0.4183.121 Safari/537.36"
::1 - - [22/Sep/2020:20:20:59 +0000] "GET /api/v1/posts?page=1&limit=5 HTTP/1.1" 200 2178 "http://localhost:3000/" "Mozilla/5.0 (Windows NT 10.0; Win64; x64) AppleWebKit/537.36 (KHTML, like Gecko) Chrome/85.0.4183.121 Safari/537.36"
::1 - - [22/Sep/2020:20:20:59 +0000] "GET /api/v1/friendship/fetch_user_friends HTTP/1.1" 200 66 "http://localhost:3000/" "Mozilla/5.0 (Windows NT 10.0; Win64; x64) AppleWebKit/537.36 (KHTML, like Gecko) Chrome/85.0.4183.121 Safari/537.36"
::1 - - [22/Sep/2020:20:20:59 +0000] "GET /api/v1/user/fetch/5f6a4111eff5af20d863addd HTTP/1.1" 304 - "http://localhost:3000/" "Mozilla/5.0 (Windows NT 10.0; Win64; x64) AppleWebKit/537.36 (KHTML, like Gecko) Chrome/85.0.4183.121 Safari/537.36"
::1 - - [22/Sep/2020:20:21:01 +0000] "POST /api/v1/friendship/create_friendship?user_id=5f6a4111eff5af20d863addd&curr_user=5f6a417aeff5af20d863ade6 HTTP/1.1" 200 258 "http://localhost:3000/" "Mozilla/5.0 (Windows NT 10.0; Win64; x64) AppleWebKit/537.36 (KHTML, like Gecko) Chrome/85.0.4183.121 Safari/537.36"
::1 - - [22/Sep/2020:20:21:04 +0000] "GET /api/v1/posts?page=1&limit=5 HTTP/1.1" 200 2256 "http://localhost:3000/" "Mozilla/5.0 (Windows NT 10.0; Win64; x64) AppleWebKit/537.36 (KHTML, like Gecko) Chrome/85.0.4183.121 Safari/537.36"
::1 - - [22/Sep/2020:20:21:04 +0000] "GET /api/v1/friendship/fetch_user_friends HTTP/1.1" 200 319 "http://localhost:3000/" "Mozilla/5.0 (Windows NT 10.0; Win64; x64) AppleWebKit/537.36 (KHTML, like Gecko) Chrome/85.0.4183.121 Safari/537.36"
::1 - - [22/Sep/2020:20:21:05 +0000] "GET /api/v1/user/fetch/5f6a4111eff5af20d863addd HTTP/1.1" 304 - "http://localhost:3000/" "Mozilla/5.0 (Windows NT 10.0; Win64; x64) AppleWebKit/537.36 (KHTML, like Gecko) Chrome/85.0.4183.121 Safari/537.36"
::1 - - [22/Sep/2020:20:21:11 +0000] "POST /api/v1/friendship/remove_friendship?user_id=5f6a4111eff5af20d863addd HTTP/1.1" 200 44 "http://localhost:3000/" "Mozilla/5.0 (Windows NT 10.0; Win64; x64) AppleWebKit/537.36 (KHTML, like Gecko) Chrome/85.0.4183.121 Safari/537.36"
::1 - - [23/Sep/2020:17:54:11 +0000] "OPTIONS /api/v1/friendship/fetch_user_friends HTTP/1.1" 200 8 "http://localhost:3000/" "Mozilla/5.0 (Windows NT 10.0; Win64; x64) AppleWebKit/537.36 (KHTML, like Gecko) Chrome/85.0.4183.121 Safari/537.36"
::1 - - [23/Sep/2020:17:54:13 +0000] "GET /api/v1/posts?page=1&limit=5 HTTP/1.1" 200 2178 "http://localhost:3000/" "Mozilla/5.0 (Windows NT 10.0; Win64; x64) AppleWebKit/537.36 (KHTML, like Gecko) Chrome/85.0.4183.121 Safari/537.36"
::1 - - [23/Sep/2020:17:54:19 +0000] "OPTIONS /api/v1/user/fetch/5f6a4111eff5af20d863addd HTTP/1.1" 200 8 "http://localhost:3000/" "Mozilla/5.0 (Windows NT 10.0; Win64; x64) AppleWebKit/537.36 (KHTML, like Gecko) Chrome/85.0.4183.121 Safari/537.36"
::1 - - [23/Sep/2020:17:54:23 +0000] "OPTIONS /api/v1/friendship/fetch_user_friends HTTP/1.1" 200 8 "http://localhost:3000/" "Mozilla/5.0 (Windows NT 10.0; Win64; x64) AppleWebKit/537.36 (KHTML, like Gecko) Chrome/85.0.4183.121 Safari/537.36"
::1 - - [23/Sep/2020:17:54:23 +0000] "GET /api/v1/posts?page=1&limit=5 HTTP/1.1" 304 - "http://localhost:3000/" "Mozilla/5.0 (Windows NT 10.0; Win64; x64) AppleWebKit/537.36 (KHTML, like Gecko) Chrome/85.0.4183.121 Safari/537.36"
::1 - - [23/Sep/2020:17:54:23 +0000] "OPTIONS /api/v1/user/fetch/5f6a4111eff5af20d863addd HTTP/1.1" 200 8 "http://localhost:3000/" "Mozilla/5.0 (Windows NT 10.0; Win64; x64) AppleWebKit/537.36 (KHTML, like Gecko) Chrome/85.0.4183.121 Safari/537.36"
::1 - - [23/Sep/2020:17:54:26 +0000] "OPTIONS /api/v1/friendship/fetch_user_friends HTTP/1.1" 200 8 "http://localhost:3000/" "Mozilla/5.0 (Windows NT 10.0; Win64; x64) AppleWebKit/537.36 (KHTML, like Gecko) Chrome/85.0.4183.121 Safari/537.36"
::1 - - [23/Sep/2020:17:54:26 +0000] "GET /api/v1/posts?page=1&limit=5 HTTP/1.1" 304 - "http://localhost:3000/" "Mozilla/5.0 (Windows NT 10.0; Win64; x64) AppleWebKit/537.36 (KHTML, like Gecko) Chrome/85.0.4183.121 Safari/537.36"
::1 - - [23/Sep/2020:17:54:26 +0000] "OPTIONS /api/v1/user/fetch/5f6a4111eff5af20d863addd HTTP/1.1" 200 8 "http://localhost:3000/" "Mozilla/5.0 (Windows NT 10.0; Win64; x64) AppleWebKit/537.36 (KHTML, like Gecko) Chrome/85.0.4183.121 Safari/537.36"
::1 - - [23/Sep/2020:17:54:44 +0000] "OPTIONS /api/v1/friendship/create_friendship?user_id=5f6a4111eff5af20d863addd&curr_user=5f6a417aeff5af20d863ade6 HTTP/1.1" 200 4 "http://localhost:3000/" "Mozilla/5.0 (Windows NT 10.0; Win64; x64) AppleWebKit/537.36 (KHTML, like Gecko) Chrome/85.0.4183.121 Safari/537.36"
::1 - - [23/Sep/2020:17:54:56 +0000] "OPTIONS /api/v1/friendship/fetch_user_friends HTTP/1.1" 200 8 "http://localhost:3000/" "Mozilla/5.0 (Windows NT 10.0; Win64; x64) AppleWebKit/537.36 (KHTML, like Gecko) Chrome/85.0.4183.121 Safari/537.36"
::1 - - [23/Sep/2020:17:54:56 +0000] "GET /api/v1/posts?page=1&limit=5 HTTP/1.1" 304 - "http://localhost:3000/" "Mozilla/5.0 (Windows NT 10.0; Win64; x64) AppleWebKit/537.36 (KHTML, like Gecko) Chrome/85.0.4183.121 Safari/537.36"
::1 - - [23/Sep/2020:17:55:05 +0000] "OPTIONS /api/v1/user/fetch/5f6a417aeff5af20d863ade6 HTTP/1.1" 200 8 "http://localhost:3000/" "Mozilla/5.0 (Windows NT 10.0; Win64; x64) AppleWebKit/537.36 (KHTML, like Gecko) Chrome/85.0.4183.121 Safari/537.36"
::1 - - [23/Sep/2020:17:55:11 +0000] "OPTIONS /api/v1/friendship/fetch_user_friends HTTP/1.1" 200 8 "http://localhost:3000/" "Mozilla/5.0 (Windows NT 10.0; Win64; x64) AppleWebKit/537.36 (KHTML, like Gecko) Chrome/85.0.4183.121 Safari/537.36"
::1 - - [23/Sep/2020:17:55:11 +0000] "GET /api/v1/posts?page=1&limit=5 HTTP/1.1" 304 - "http://localhost:3000/" "Mozilla/5.0 (Windows NT 10.0; Win64; x64) AppleWebKit/537.36 (KHTML, like Gecko) Chrome/85.0.4183.121 Safari/537.36"
::1 - - [23/Sep/2020:17:55:11 +0000] "OPTIONS /api/v1/user/fetch/5f6a417aeff5af20d863ade6 HTTP/1.1" 200 8 "http://localhost:3000/" "Mozilla/5.0 (Windows NT 10.0; Win64; x64) AppleWebKit/537.36 (KHTML, like Gecko) Chrome/85.0.4183.121 Safari/537.36"
::1 - - [23/Sep/2020:17:55:14 +0000] "OPTIONS /api/v1/friendship/fetch_user_friends HTTP/1.1" 200 8 "http://localhost:3000/" "Mozilla/5.0 (Windows NT 10.0; Win64; x64) AppleWebKit/537.36 (KHTML, like Gecko) Chrome/85.0.4183.121 Safari/537.36"
::1 - - [23/Sep/2020:17:55:14 +0000] "GET /api/v1/posts?page=1&limit=5 HTTP/1.1" 304 - "http://localhost:3000/" "Mozilla/5.0 (Windows NT 10.0; Win64; x64) AppleWebKit/537.36 (KHTML, like Gecko) Chrome/85.0.4183.121 Safari/537.36"
::1 - - [23/Sep/2020:17:55:14 +0000] "OPTIONS /api/v1/user/fetch/5f6a417aeff5af20d863ade6 HTTP/1.1" 200 8 "http://localhost:3000/" "Mozilla/5.0 (Windows NT 10.0; Win64; x64) AppleWebKit/537.36 (KHTML, like Gecko) Chrome/85.0.4183.121 Safari/537.36"
::1 - - [23/Sep/2020:17:57:31 +0000] "POST /api/v1/user/create-session HTTP/1.1" 200 561 "http://localhost:3000/" "Mozilla/5.0 (Windows NT 10.0; Win64; x64) AppleWebKit/537.36 (KHTML, like Gecko) Chrome/85.0.4183.121 Safari/537.36"
::1 - - [23/Sep/2020:17:57:32 +0000] "OPTIONS /api/v1/user/fetch/5f6a417aeff5af20d863ade6 HTTP/1.1" 200 8 "http://localhost:3000/" "Mozilla/5.0 (Windows NT 10.0; Win64; x64) AppleWebKit/537.36 (KHTML, like Gecko) Chrome/85.0.4183.121 Safari/537.36"
::1 - - [23/Sep/2020:17:57:38 +0000] "OPTIONS /api/v1/friendship/fetch_user_friends HTTP/1.1" 200 8 "http://localhost:3000/" "Mozilla/5.0 (Windows NT 10.0; Win64; x64) AppleWebKit/537.36 (KHTML, like Gecko) Chrome/85.0.4183.121 Safari/537.36"
::1 - - [23/Sep/2020:17:57:38 +0000] "GET /api/v1/posts?page=1&limit=5 HTTP/1.1" 304 - "http://localhost:3000/" "Mozilla/5.0 (Windows NT 10.0; Win64; x64) AppleWebKit/537.36 (KHTML, like Gecko) Chrome/85.0.4183.121 Safari/537.36"
::1 - - [23/Sep/2020:17:57:38 +0000] "OPTIONS /api/v1/user/fetch/5f6a417aeff5af20d863ade6 HTTP/1.1" 200 8 "http://localhost:3000/" "Mozilla/5.0 (Windows NT 10.0; Win64; x64) AppleWebKit/537.36 (KHTML, like Gecko) Chrome/85.0.4183.121 Safari/537.36"
::1 - - [23/Sep/2020:17:57:42 +0000] "OPTIONS /api/v1/friendship/fetch_user_friends HTTP/1.1" 200 8 "http://localhost:3000/" "Mozilla/5.0 (Windows NT 10.0; Win64; x64) AppleWebKit/537.36 (KHTML, like Gecko) Chrome/85.0.4183.121 Safari/537.36"
::1 - - [23/Sep/2020:17:57:42 +0000] "GET /api/v1/posts?page=1&limit=5 HTTP/1.1" 304 - "http://localhost:3000/" "Mozilla/5.0 (Windows NT 10.0; Win64; x64) AppleWebKit/537.36 (KHTML, like Gecko) Chrome/85.0.4183.121 Safari/537.36"
::1 - - [23/Sep/2020:17:57:49 +0000] "OPTIONS /api/v1/user/fetch/5f6a417aeff5af20d863ade6 HTTP/1.1" 200 8 "http://localhost:3000/" "Mozilla/5.0 (Windows NT 10.0; Win64; x64) AppleWebKit/537.36 (KHTML, like Gecko) Chrome/85.0.4183.121 Safari/537.36"
::1 - - [23/Sep/2020:17:57:52 +0000] "OPTIONS /api/v1/friendship/fetch_user_friends HTTP/1.1" 200 8 "http://localhost:3000/" "Mozilla/5.0 (Windows NT 10.0; Win64; x64) AppleWebKit/537.36 (KHTML, like Gecko) Chrome/85.0.4183.121 Safari/537.36"
::1 - - [23/Sep/2020:17:57:52 +0000] "GET /api/v1/posts?page=1&limit=5 HTTP/1.1" 304 - "http://localhost:3000/" "Mozilla/5.0 (Windows NT 10.0; Win64; x64) AppleWebKit/537.36 (KHTML, like Gecko) Chrome/85.0.4183.121 Safari/537.36"
::1 - - [23/Sep/2020:17:57:52 +0000] "OPTIONS /api/v1/user/fetch/5f6a417aeff5af20d863ade6 HTTP/1.1" 200 8 "http://localhost:3000/" "Mozilla/5.0 (Windows NT 10.0; Win64; x64) AppleWebKit/537.36 (KHTML, like Gecko) Chrome/85.0.4183.121 Safari/537.36"
::1 - - [23/Sep/2020:18:06:08 +0000] "GET /api/v1/posts?page=1&limit=5 HTTP/1.1" 304 - "http://localhost:3000/" "Mozilla/5.0 (Windows NT 10.0; Win64; x64) AppleWebKit/537.36 (KHTML, like Gecko) Chrome/85.0.4183.121 Safari/537.36"
::1 - - [23/Sep/2020:18:06:08 +0000] "GET /api/v1/user/fetch/5f6a417aeff5af20d863ade6 HTTP/1.1" 200 124 "http://localhost:3000/" "Mozilla/5.0 (Windows NT 10.0; Win64; x64) AppleWebKit/537.36 (KHTML, like Gecko) Chrome/85.0.4183.121 Safari/537.36"
::1 - - [23/Sep/2020:18:06:08 +0000] "GET /api/v1/friendship/fetch_user_friends HTTP/1.1" 200 66 "http://localhost:3000/" "Mozilla/5.0 (Windows NT 10.0; Win64; x64) AppleWebKit/537.36 (KHTML, like Gecko) Chrome/85.0.4183.121 Safari/537.36"
::1 - - [23/Sep/2020:18:06:13 +0000] "GET /api/v1/user/fetch/5f6a4111eff5af20d863addd HTTP/1.1" 304 - "http://localhost:3000/" "Mozilla/5.0 (Windows NT 10.0; Win64; x64) AppleWebKit/537.36 (KHTML, like Gecko) Chrome/85.0.4183.121 Safari/537.36"
::1 - - [23/Sep/2020:18:06:15 +0000] "POST /api/v1/friendship/create_friendship?user_id=5f6a4111eff5af20d863addd&curr_user=5f6a4111eff5af20d863addd HTTP/1.1" 200 250 "http://localhost:3000/" "Mozilla/5.0 (Windows NT 10.0; Win64; x64) AppleWebKit/537.36 (KHTML, like Gecko) Chrome/85.0.4183.121 Safari/537.36"
::1 - - [23/Sep/2020:18:06:18 +0000] "GET /api/v1/posts?page=1&limit=5 HTTP/1.1" 200 2284 "http://localhost:3000/" "Mozilla/5.0 (Windows NT 10.0; Win64; x64) AppleWebKit/537.36 (KHTML, like Gecko) Chrome/85.0.4183.121 Safari/537.36"
::1 - - [23/Sep/2020:18:06:18 +0000] "GET /api/v1/user/fetch/5f6a4111eff5af20d863addd HTTP/1.1" 304 - "http://localhost:3000/" "Mozilla/5.0 (Windows NT 10.0; Win64; x64) AppleWebKit/537.36 (KHTML, like Gecko) Chrome/85.0.4183.121 Safari/537.36"
::1 - - [23/Sep/2020:18:06:18 +0000] "GET /api/v1/friendship/fetch_user_friends HTTP/1.1" 200 573 "http://localhost:3000/" "Mozilla/5.0 (Windows NT 10.0; Win64; x64) AppleWebKit/537.36 (KHTML, like Gecko) Chrome/85.0.4183.121 Safari/537.36"
::1 - - [23/Sep/2020:18:06:25 +0000] "GET /api/v1/posts?page=1&limit=5 HTTP/1.1" 304 - "http://localhost:3000/" "Mozilla/5.0 (Windows NT 10.0; Win64; x64) AppleWebKit/537.36 (KHTML, like Gecko) Chrome/85.0.4183.121 Safari/537.36"
::1 - - [23/Sep/2020:18:06:25 +0000] "GET /api/v1/friendship/fetch_user_friends HTTP/1.1" 304 - "http://localhost:3000/" "Mozilla/5.0 (Windows NT 10.0; Win64; x64) AppleWebKit/537.36 (KHTML, like Gecko) Chrome/85.0.4183.121 Safari/537.36"
::1 - - [23/Sep/2020:18:06:36 +0000] "GET /api/v1/user/fetch/5f6a4111eff5af20d863addd HTTP/1.1" 304 - "http://localhost:3000/" "Mozilla/5.0 (Windows NT 10.0; Win64; x64) AppleWebKit/537.36 (KHTML, like Gecko) Chrome/85.0.4183.121 Safari/537.36"
::1 - - [23/Sep/2020:18:06:37 +0000] "POST /api/v1/friendship/remove_friendship?user_id=5f6a4111eff5af20d863addd HTTP/1.1" 200 44 "http://localhost:3000/" "Mozilla/5.0 (Windows NT 10.0; Win64; x64) AppleWebKit/537.36 (KHTML, like Gecko) Chrome/85.0.4183.121 Safari/537.36"
::1 - - [23/Sep/2020:18:06:43 +0000] "GET /api/v1/posts?page=1&limit=5 HTTP/1.1" 200 2178 "http://localhost:3000/" "Mozilla/5.0 (Windows NT 10.0; Win64; x64) AppleWebKit/537.36 (KHTML, like Gecko) Chrome/85.0.4183.121 Safari/537.36"
::1 - - [23/Sep/2020:18:06:43 +0000] "GET /api/v1/friendship/fetch_user_friends HTTP/1.1" 200 66 "http://localhost:3000/" "Mozilla/5.0 (Windows NT 10.0; Win64; x64) AppleWebKit/537.36 (KHTML, like Gecko) Chrome/85.0.4183.121 Safari/537.36"
::1 - - [23/Sep/2020:18:06:46 +0000] "GET /api/v1/user/fetch/5f6a417aeff5af20d863ade6 HTTP/1.1" 304 - "http://localhost:3000/" "Mozilla/5.0 (Windows NT 10.0; Win64; x64) AppleWebKit/537.36 (KHTML, like Gecko) Chrome/85.0.4183.121 Safari/537.36"
::1 - - [23/Sep/2020:18:06:48 +0000] "POST /api/v1/friendship/create_friendship?user_id=5f6a417aeff5af20d863ade6&curr_user=5f6a4111eff5af20d863addd HTTP/1.1" 200 258 "http://localhost:3000/" "Mozilla/5.0 (Windows NT 10.0; Win64; x64) AppleWebKit/537.36 (KHTML, like Gecko) Chrome/85.0.4183.121 Safari/537.36"
::1 - - [23/Sep/2020:18:06:50 +0000] "GET /api/v1/posts?page=1&limit=5 HTTP/1.1" 200 2256 "http://localhost:3000/" "Mozilla/5.0 (Windows NT 10.0; Win64; x64) AppleWebKit/537.36 (KHTML, like Gecko) Chrome/85.0.4183.121 Safari/537.36"
::1 - - [23/Sep/2020:18:06:50 +0000] "GET /api/v1/friendship/fetch_user_friends HTTP/1.1" 200 327 "http://localhost:3000/" "Mozilla/5.0 (Windows NT 10.0; Win64; x64) AppleWebKit/537.36 (KHTML, like Gecko) Chrome/85.0.4183.121 Safari/537.36"
::1 - - [23/Sep/2020:18:06:50 +0000] "GET /api/v1/user/fetch/5f6a417aeff5af20d863ade6 HTTP/1.1" 304 - "http://localhost:3000/" "Mozilla/5.0 (Windows NT 10.0; Win64; x64) AppleWebKit/537.36 (KHTML, like Gecko) Chrome/85.0.4183.121 Safari/537.36"
::1 - - [23/Sep/2020:18:06:55 +0000] "GET /api/v1/posts?page=1&limit=5 HTTP/1.1" 304 - "http://localhost:3000/" "Mozilla/5.0 (Windows NT 10.0; Win64; x64) AppleWebKit/537.36 (KHTML, like Gecko) Chrome/85.0.4183.121 Safari/537.36"
::1 - - [23/Sep/2020:18:06:55 +0000] "GET /api/v1/friendship/fetch_user_friends HTTP/1.1" 304 - "http://localhost:3000/" "Mozilla/5.0 (Windows NT 10.0; Win64; x64) AppleWebKit/537.36 (KHTML, like Gecko) Chrome/85.0.4183.121 Safari/537.36"
::1 - - [23/Sep/2020:18:12:58 +0000] "GET /api/v1/posts?page=1&limit=5 HTTP/1.1" 304 - "http://localhost:3000/" "Mozilla/5.0 (Windows NT 10.0; Win64; x64) AppleWebKit/537.36 (KHTML, like Gecko) Chrome/85.0.4183.121 Safari/537.36"
::1 - - [23/Sep/2020:18:12:58 +0000] "GET /api/v1/friendship/fetch_user_friends HTTP/1.1" 304 - "http://localhost:3000/" "Mozilla/5.0 (Windows NT 10.0; Win64; x64) AppleWebKit/537.36 (KHTML, like Gecko) Chrome/85.0.4183.121 Safari/537.36"
::1 - - [23/Sep/2020:18:13:19 +0000] "GET /api/v1/posts?page=1&limit=5 HTTP/1.1" 304 - "http://localhost:3000/" "Mozilla/5.0 (Windows NT 10.0; Win64; x64) AppleWebKit/537.36 (KHTML, like Gecko) Chrome/85.0.4183.121 Safari/537.36"
::1 - - [23/Sep/2020:18:13:19 +0000] "GET /api/v1/friendship/fetch_user_friends HTTP/1.1" 304 - "http://localhost:3000/" "Mozilla/5.0 (Windows NT 10.0; Win64; x64) AppleWebKit/537.36 (KHTML, like Gecko) Chrome/85.0.4183.121 Safari/537.36"
::1 - - [23/Sep/2020:18:13:31 +0000] "POST /api/v1/likes/toggle?id=5f6a418beff5af20d863ade7&type=Post HTTP/1.1" 404 159 "http://localhost:3000/" "Mozilla/5.0 (Windows NT 10.0; Win64; x64) AppleWebKit/537.36 (KHTML, like Gecko) Chrome/85.0.4183.121 Safari/537.36"
::1 - - [23/Sep/2020:18:16:53 +0000] "GET /api/v1/posts?page=1&limit=5 HTTP/1.1" 304 - "http://localhost:3000/" "Mozilla/5.0 (Windows NT 10.0; Win64; x64) AppleWebKit/537.36 (KHTML, like Gecko) Chrome/85.0.4183.121 Safari/537.36"
::1 - - [23/Sep/2020:18:16:53 +0000] "GET /api/v1/friendship/fetch_user_friends HTTP/1.1" 304 - "http://localhost:3000/" "Mozilla/5.0 (Windows NT 10.0; Win64; x64) AppleWebKit/537.36 (KHTML, like Gecko) Chrome/85.0.4183.121 Safari/537.36"
::1 - - [23/Sep/2020:18:16:58 +0000] "POST /api/v1/likes/toggle?id=5f6a418beff5af20d863ade7&type=Post HTTP/1.1" 200 302 "http://localhost:3000/" "Mozilla/5.0 (Windows NT 10.0; Win64; x64) AppleWebKit/537.36 (KHTML, like Gecko) Chrome/85.0.4183.121 Safari/537.36"
::1 - - [23/Sep/2020:18:18:59 +0000] "GET /api/v1/posts?page=1&limit=5 HTTP/1.1" 200 2465 "http://localhost:3000/" "Mozilla/5.0 (Windows NT 10.0; Win64; x64) AppleWebKit/537.36 (KHTML, like Gecko) Chrome/85.0.4183.121 Safari/537.36"
::1 - - [23/Sep/2020:18:18:59 +0000] "GET /api/v1/friendship/fetch_user_friends HTTP/1.1" 304 - "http://localhost:3000/" "Mozilla/5.0 (Windows NT 10.0; Win64; x64) AppleWebKit/537.36 (KHTML, like Gecko) Chrome/85.0.4183.121 Safari/537.36"
::1 - - [23/Sep/2020:18:19:11 +0000] "POST /api/v1/likes/toggle?id=5f6a415beff5af20d863ade3&type=Post HTTP/1.1" 200 54 "http://localhost:3000/" "Mozilla/5.0 (Windows NT 10.0; Win64; x64) AppleWebKit/537.36 (KHTML, like Gecko) Chrome/85.0.4183.121 Safari/537.36"
::1 - - [23/Sep/2020:18:19:39 +0000] "GET /api/v1/posts?page=1&limit=5 HTTP/1.1" 200 2674 "http://localhost:3000/" "Mozilla/5.0 (Windows NT 10.0; Win64; x64) AppleWebKit/537.36 (KHTML, like Gecko) Chrome/85.0.4183.121 Safari/537.36"
::1 - - [23/Sep/2020:18:19:39 +0000] "GET /api/v1/friendship/fetch_user_friends HTTP/1.1" 304 - "http://localhost:3000/" "Mozilla/5.0 (Windows NT 10.0; Win64; x64) AppleWebKit/537.36 (KHTML, like Gecko) Chrome/85.0.4183.121 Safari/537.36"
::1 - - [23/Sep/2020:18:19:52 +0000] "POST /api/v1/likes/toggle?id=5f6a418beff5af20d863ade7&type=Post HTTP/1.1" 200 259 "http://localhost:3000/" "Mozilla/5.0 (Windows NT 10.0; Win64; x64) AppleWebKit/537.36 (KHTML, like Gecko) Chrome/85.0.4183.121 Safari/537.36"
::1 - - [23/Sep/2020:18:20:12 +0000] "GET /api/v1/posts?page=1&limit=5 HTTP/1.1" 200 2465 "http://localhost:3000/" "Mozilla/5.0 (Windows NT 10.0; Win64; x64) AppleWebKit/537.36 (KHTML, like Gecko) Chrome/85.0.4183.121 Safari/537.36"
::1 - - [23/Sep/2020:18:20:12 +0000] "GET /api/v1/friendship/fetch_user_friends HTTP/1.1" 304 - "http://localhost:3000/" "Mozilla/5.0 (Windows NT 10.0; Win64; x64) AppleWebKit/537.36 (KHTML, like Gecko) Chrome/85.0.4183.121 Safari/537.36"
::1 - - [23/Sep/2020:18:20:27 +0000] "POST /api/v1/likes/toggle?id=5f6a415beff5af20d863ade3&type=Post HTTP/1.1" 200 259 "http://localhost:3000/" "Mozilla/5.0 (Windows NT 10.0; Win64; x64) AppleWebKit/537.36 (KHTML, like Gecko) Chrome/85.0.4183.121 Safari/537.36"
::1 - - [23/Sep/2020:18:21:39 +0000] "GET /api/v1/posts?page=1&limit=5 HTTP/1.1" 200 2256 "http://localhost:3000/" "Mozilla/5.0 (Windows NT 10.0; Win64; x64) AppleWebKit/537.36 (KHTML, like Gecko) Chrome/85.0.4183.121 Safari/537.36"
::1 - - [23/Sep/2020:18:21:39 +0000] "GET /api/v1/friendship/fetch_user_friends HTTP/1.1" 304 - "http://localhost:3000/" "Mozilla/5.0 (Windows NT 10.0; Win64; x64) AppleWebKit/537.36 (KHTML, like Gecko) Chrome/85.0.4183.121 Safari/537.36"
::1 - - [23/Sep/2020:18:21:56 +0000] "POST /api/v1/likes/toggle?id=5f6a418beff5af20d863ade7&type=Post HTTP/1.1" 200 54 "http://localhost:3000/" "Mozilla/5.0 (Windows NT 10.0; Win64; x64) AppleWebKit/537.36 (KHTML, like Gecko) Chrome/85.0.4183.121 Safari/537.36"
::1 - - [23/Sep/2020:18:22:08 +0000] "POST /api/v1/likes/toggle?id=5f6a418beff5af20d863ade7&type=Post HTTP/1.1" 200 259 "http://localhost:3000/" "Mozilla/5.0 (Windows NT 10.0; Win64; x64) AppleWebKit/537.36 (KHTML, like Gecko) Chrome/85.0.4183.121 Safari/537.36"
::1 - - [23/Sep/2020:18:22:09 +0000] "POST /api/v1/likes/toggle?id=5f6a418beff5af20d863ade7&type=Post HTTP/1.1" 200 54 "http://localhost:3000/" "Mozilla/5.0 (Windows NT 10.0; Win64; x64) AppleWebKit/537.36 (KHTML, like Gecko) Chrome/85.0.4183.121 Safari/537.36"
::1 - - [23/Sep/2020:18:22:09 +0000] "POST /api/v1/likes/toggle?id=5f6a418beff5af20d863ade7&type=Post HTTP/1.1" 200 259 "http://localhost:3000/" "Mozilla/5.0 (Windows NT 10.0; Win64; x64) AppleWebKit/537.36 (KHTML, like Gecko) Chrome/85.0.4183.121 Safari/537.36"
::1 - - [23/Sep/2020:18:23:15 +0000] "GET /api/v1/posts?page=1&limit=5 HTTP/1.1" 200 2256 "http://localhost:3000/" "Mozilla/5.0 (Windows NT 10.0; Win64; x64) AppleWebKit/537.36 (KHTML, like Gecko) Chrome/85.0.4183.121 Safari/537.36"
::1 - - [23/Sep/2020:18:23:15 +0000] "GET /api/v1/friendship/fetch_user_friends HTTP/1.1" 304 - "http://localhost:3000/" "Mozilla/5.0 (Windows NT 10.0; Win64; x64) AppleWebKit/537.36 (KHTML, like Gecko) Chrome/85.0.4183.121 Safari/537.36"
::1 - - [23/Sep/2020:18:23:25 +0000] "POST /api/v1/likes/toggle?id=5f6a418beff5af20d863ade7&type=Post HTTP/1.1" 200 54 "http://localhost:3000/" "Mozilla/5.0 (Windows NT 10.0; Win64; x64) AppleWebKit/537.36 (KHTML, like Gecko) Chrome/85.0.4183.121 Safari/537.36"
::1 - - [23/Sep/2020:18:23:26 +0000] "POST /api/v1/likes/toggle?id=5f6a418beff5af20d863ade7&type=Post HTTP/1.1" 200 259 "http://localhost:3000/" "Mozilla/5.0 (Windows NT 10.0; Win64; x64) AppleWebKit/537.36 (KHTML, like Gecko) Chrome/85.0.4183.121 Safari/537.36"
::1 - - [23/Sep/2020:18:23:32 +0000] "GET /api/v1/posts?page=1&limit=5 HTTP/1.1" 200 2256 "http://localhost:3000/" "Mozilla/5.0 (Windows NT 10.0; Win64; x64) AppleWebKit/537.36 (KHTML, like Gecko) Chrome/85.0.4183.121 Safari/537.36"
::1 - - [23/Sep/2020:18:23:32 +0000] "GET /api/v1/friendship/fetch_user_friends HTTP/1.1" 304 - "http://localhost:3000/" "Mozilla/5.0 (Windows NT 10.0; Win64; x64) AppleWebKit/537.36 (KHTML, like Gecko) Chrome/85.0.4183.121 Safari/537.36"
::1 - - [23/Sep/2020:18:24:46 +0000] "GET /api/v1/posts?page=1&limit=5 HTTP/1.1" 304 - "http://localhost:3000/" "Mozilla/5.0 (Windows NT 10.0; Win64; x64) AppleWebKit/537.36 (KHTML, like Gecko) Chrome/85.0.4183.121 Safari/537.36"
::1 - - [23/Sep/2020:18:24:46 +0000] "GET /api/v1/friendship/fetch_user_friends HTTP/1.1" 304 - "http://localhost:3000/" "Mozilla/5.0 (Windows NT 10.0; Win64; x64) AppleWebKit/537.36 (KHTML, like Gecko) Chrome/85.0.4183.121 Safari/537.36"
::1 - - [23/Sep/2020:18:24:50 +0000] "POST /api/v1/likes/toggle?id=5f6a415beff5af20d863ade3&type=Post HTTP/1.1" 200 67 "http://localhost:3000/" "Mozilla/5.0 (Windows NT 10.0; Win64; x64) AppleWebKit/537.36 (KHTML, like Gecko) Chrome/85.0.4183.121 Safari/537.36"
::1 - - [23/Sep/2020:18:24:52 +0000] "POST /api/v1/likes/toggle?id=5f6a415beff5af20d863ade3&type=Post HTTP/1.1" 200 271 "http://localhost:3000/" "Mozilla/5.0 (Windows NT 10.0; Win64; x64) AppleWebKit/537.36 (KHTML, like Gecko) Chrome/85.0.4183.121 Safari/537.36"
::1 - - [23/Sep/2020:18:24:56 +0000] "POST /api/v1/likes/toggle?id=5f6a415beff5af20d863ade3&type=Post HTTP/1.1" 200 67 "http://localhost:3000/" "Mozilla/5.0 (Windows NT 10.0; Win64; x64) AppleWebKit/537.36 (KHTML, like Gecko) Chrome/85.0.4183.121 Safari/537.36"
::1 - - [23/Sep/2020:18:24:57 +0000] "POST /api/v1/likes/toggle?id=5f6a415beff5af20d863ade3&type=Post HTTP/1.1" 200 271 "http://localhost:3000/" "Mozilla/5.0 (Windows NT 10.0; Win64; x64) AppleWebKit/537.36 (KHTML, like Gecko) Chrome/85.0.4183.121 Safari/537.36"
::1 - - [23/Sep/2020:18:24:58 +0000] "POST /api/v1/likes/toggle?id=5f6a415beff5af20d863ade3&type=Post HTTP/1.1" 200 67 "http://localhost:3000/" "Mozilla/5.0 (Windows NT 10.0; Win64; x64) AppleWebKit/537.36 (KHTML, like Gecko) Chrome/85.0.4183.121 Safari/537.36"
::1 - - [23/Sep/2020:18:24:58 +0000] "POST /api/v1/likes/toggle?id=5f6a415beff5af20d863ade3&type=Post HTTP/1.1" 200 271 "http://localhost:3000/" "Mozilla/5.0 (Windows NT 10.0; Win64; x64) AppleWebKit/537.36 (KHTML, like Gecko) Chrome/85.0.4183.121 Safari/537.36"
::1 - - [23/Sep/2020:18:24:58 +0000] "POST /api/v1/likes/toggle?id=5f6a415beff5af20d863ade3&type=Post HTTP/1.1" 200 67 "http://localhost:3000/" "Mozilla/5.0 (Windows NT 10.0; Win64; x64) AppleWebKit/537.36 (KHTML, like Gecko) Chrome/85.0.4183.121 Safari/537.36"
::1 - - [23/Sep/2020:18:24:58 +0000] "POST /api/v1/likes/toggle?id=5f6a415beff5af20d863ade3&type=Post HTTP/1.1" 200 271 "http://localhost:3000/" "Mozilla/5.0 (Windows NT 10.0; Win64; x64) AppleWebKit/537.36 (KHTML, like Gecko) Chrome/85.0.4183.121 Safari/537.36"
::1 - - [23/Sep/2020:18:24:59 +0000] "POST /api/v1/likes/toggle?id=5f6a415beff5af20d863ade3&type=Post HTTP/1.1" 200 67 "http://localhost:3000/" "Mozilla/5.0 (Windows NT 10.0; Win64; x64) AppleWebKit/537.36 (KHTML, like Gecko) Chrome/85.0.4183.121 Safari/537.36"
::1 - - [23/Sep/2020:18:24:59 +0000] "POST /api/v1/likes/toggle?id=5f6a415beff5af20d863ade3&type=Post HTTP/1.1" 200 271 "http://localhost:3000/" "Mozilla/5.0 (Windows NT 10.0; Win64; x64) AppleWebKit/537.36 (KHTML, like Gecko) Chrome/85.0.4183.121 Safari/537.36"
::1 - - [23/Sep/2020:18:24:59 +0000] "POST /api/v1/likes/toggle?id=5f6a415beff5af20d863ade3&type=Post HTTP/1.1" 200 67 "http://localhost:3000/" "Mozilla/5.0 (Windows NT 10.0; Win64; x64) AppleWebKit/537.36 (KHTML, like Gecko) Chrome/85.0.4183.121 Safari/537.36"
::1 - - [23/Sep/2020:18:24:59 +0000] "POST /api/v1/likes/toggle?id=5f6a415beff5af20d863ade3&type=Post HTTP/1.1" 200 271 "http://localhost:3000/" "Mozilla/5.0 (Windows NT 10.0; Win64; x64) AppleWebKit/537.36 (KHTML, like Gecko) Chrome/85.0.4183.121 Safari/537.36"
::1 - - [23/Sep/2020:18:25:01 +0000] "GET /api/v1/posts?page=1&limit=5 HTTP/1.1" 200 2257 "http://localhost:3000/" "Mozilla/5.0 (Windows NT 10.0; Win64; x64) AppleWebKit/537.36 (KHTML, like Gecko) Chrome/85.0.4183.121 Safari/537.36"
::1 - - [23/Sep/2020:18:25:01 +0000] "GET /api/v1/friendship/fetch_user_friends HTTP/1.1" 304 - "http://localhost:3000/" "Mozilla/5.0 (Windows NT 10.0; Win64; x64) AppleWebKit/537.36 (KHTML, like Gecko) Chrome/85.0.4183.121 Safari/537.36"
::1 - - [23/Sep/2020:18:25:31 +0000] "POST /api/v1/likes/toggle?id=5f6a418beff5af20d863ade7&type=Post HTTP/1.1" 200 67 "http://localhost:3000/" "Mozilla/5.0 (Windows NT 10.0; Win64; x64) AppleWebKit/537.36 (KHTML, like Gecko) Chrome/85.0.4183.121 Safari/537.36"
::1 - - [23/Sep/2020:18:25:59 +0000] "POST /api/v1/likes/toggle?id=5f6a418beff5af20d863ade7&type=Post HTTP/1.1" 200 271 "http://localhost:3000/" "Mozilla/5.0 (Windows NT 10.0; Win64; x64) AppleWebKit/537.36 (KHTML, like Gecko) Chrome/85.0.4183.121 Safari/537.36"
::1 - - [23/Sep/2020:18:27:03 +0000] "GET /api/v1/posts?page=1&limit=5 HTTP/1.1" 200 2258 "http://localhost:3000/" "Mozilla/5.0 (Windows NT 10.0; Win64; x64) AppleWebKit/537.36 (KHTML, like Gecko) Chrome/85.0.4183.121 Safari/537.36"
::1 - - [23/Sep/2020:18:27:03 +0000] "GET /api/v1/friendship/fetch_user_friends HTTP/1.1" 304 - "http://localhost:3000/" "Mozilla/5.0 (Windows NT 10.0; Win64; x64) AppleWebKit/537.36 (KHTML, like Gecko) Chrome/85.0.4183.121 Safari/537.36"
::1 - - [23/Sep/2020:18:27:05 +0000] "GET /api/v1/posts?page=1&limit=5 HTTP/1.1" 304 - "http://localhost:3000/" "Mozilla/5.0 (Windows NT 10.0; Win64; x64) AppleWebKit/537.36 (KHTML, like Gecko) Chrome/85.0.4183.121 Safari/537.36"
::1 - - [23/Sep/2020:18:27:05 +0000] "GET /api/v1/friendship/fetch_user_friends HTTP/1.1" 304 - "http://localhost:3000/" "Mozilla/5.0 (Windows NT 10.0; Win64; x64) AppleWebKit/537.36 (KHTML, like Gecko) Chrome/85.0.4183.121 Safari/537.36"
::1 - - [23/Sep/2020:18:27:10 +0000] "POST /api/v1/likes/toggle?id=5f6a415beff5af20d863ade3&type=Post HTTP/1.1" 200 67 "http://localhost:3000/" "Mozilla/5.0 (Windows NT 10.0; Win64; x64) AppleWebKit/537.36 (KHTML, like Gecko) Chrome/85.0.4183.121 Safari/537.36"
::1 - - [23/Sep/2020:18:27:54 +0000] "GET /api/v1/posts?page=1&limit=5 HTTP/1.1" 200 2467 "http://localhost:3000/" "Mozilla/5.0 (Windows NT 10.0; Win64; x64) AppleWebKit/537.36 (KHTML, like Gecko) Chrome/85.0.4183.121 Safari/537.36"
::1 - - [23/Sep/2020:18:27:54 +0000] "GET /api/v1/friendship/fetch_user_friends HTTP/1.1" 304 - "http://localhost:3000/" "Mozilla/5.0 (Windows NT 10.0; Win64; x64) AppleWebKit/537.36 (KHTML, like Gecko) Chrome/85.0.4183.121 Safari/537.36"
::1 - - [23/Sep/2020:18:28:22 +0000] "POST /api/v1/likes/toggle?id=5f6a418beff5af20d863ade7&type=Post HTTP/1.1" 200 55 "http://localhost:3000/" "Mozilla/5.0 (Windows NT 10.0; Win64; x64) AppleWebKit/537.36 (KHTML, like Gecko) Chrome/85.0.4183.121 Safari/537.36"
::1 - - [23/Sep/2020:18:28:36 +0000] "GET /api/v1/posts?page=1&limit=5 HTTP/1.1" 200 2467 "http://localhost:3000/" "Mozilla/5.0 (Windows NT 10.0; Win64; x64) AppleWebKit/537.36 (KHTML, like Gecko) Chrome/85.0.4183.121 Safari/537.36"
::1 - - [23/Sep/2020:18:28:36 +0000] "GET /api/v1/friendship/fetch_user_friends HTTP/1.1" 304 - "http://localhost:3000/" "Mozilla/5.0 (Windows NT 10.0; Win64; x64) AppleWebKit/537.36 (KHTML, like Gecko) Chrome/85.0.4183.121 Safari/537.36"
::1 - - [23/Sep/2020:18:28:52 +0000] "GET /api/v1/posts?page=1&limit=5 HTTP/1.1" 304 - "http://localhost:3000/" "Mozilla/5.0 (Windows NT 10.0; Win64; x64) AppleWebKit/537.36 (KHTML, like Gecko) Chrome/85.0.4183.121 Safari/537.36"
::1 - - [23/Sep/2020:18:28:52 +0000] "GET /api/v1/friendship/fetch_user_friends HTTP/1.1" 304 - "http://localhost:3000/" "Mozilla/5.0 (Windows NT 10.0; Win64; x64) AppleWebKit/537.36 (KHTML, like Gecko) Chrome/85.0.4183.121 Safari/537.36"
::1 - - [23/Sep/2020:18:29:05 +0000] "GET /api/v1/posts?page=1&limit=5 HTTP/1.1" 304 - "http://localhost:3000/" "Mozilla/5.0 (Windows NT 10.0; Win64; x64) AppleWebKit/537.36 (KHTML, like Gecko) Chrome/85.0.4183.121 Safari/537.36"
::1 - - [23/Sep/2020:18:29:05 +0000] "GET /api/v1/friendship/fetch_user_friends HTTP/1.1" 304 - "http://localhost:3000/" "Mozilla/5.0 (Windows NT 10.0; Win64; x64) AppleWebKit/537.36 (KHTML, like Gecko) Chrome/85.0.4183.121 Safari/537.36"
::1 - - [23/Sep/2020:18:29:13 +0000] "GET /api/v1/posts?page=1&limit=5 HTTP/1.1" 304 - "http://localhost:3000/" "Mozilla/5.0 (Windows NT 10.0; Win64; x64) AppleWebKit/537.36 (KHTML, like Gecko) Chrome/85.0.4183.121 Safari/537.36"
::1 - - [23/Sep/2020:18:29:13 +0000] "GET /api/v1/friendship/fetch_user_friends HTTP/1.1" 304 - "http://localhost:3000/" "Mozilla/5.0 (Windows NT 10.0; Win64; x64) AppleWebKit/537.36 (KHTML, like Gecko) Chrome/85.0.4183.121 Safari/537.36"
::1 - - [23/Sep/2020:18:29:33 +0000] "GET /api/v1/posts?page=1&limit=5 HTTP/1.1" 200 2258 "http://localhost:3000/" "Mozilla/5.0 (Windows NT 10.0; Win64; x64) AppleWebKit/537.36 (KHTML, like Gecko) Chrome/85.0.4183.121 Safari/537.36"
::1 - - [23/Sep/2020:18:29:33 +0000] "GET /api/v1/friendship/fetch_user_friends HTTP/1.1" 304 - "http://localhost:3000/" "Mozilla/5.0 (Windows NT 10.0; Win64; x64) AppleWebKit/537.36 (KHTML, like Gecko) Chrome/85.0.4183.121 Safari/537.36"
::1 - - [23/Sep/2020:18:29:37 +0000] "POST /api/v1/likes/toggle?id=5f6a418beff5af20d863ade7&type=Post HTTP/1.1" 200 55 "http://localhost:3000/" "Mozilla/5.0 (Windows NT 10.0; Win64; x64) AppleWebKit/537.36 (KHTML, like Gecko) Chrome/85.0.4183.121 Safari/537.36"
::1 - - [23/Sep/2020:18:29:41 +0000] "POST /api/v1/likes/toggle?id=5f6a418beff5af20d863ade7&type=Post HTTP/1.1" 200 259 "http://localhost:3000/" "Mozilla/5.0 (Windows NT 10.0; Win64; x64) AppleWebKit/537.36 (KHTML, like Gecko) Chrome/85.0.4183.121 Safari/537.36"
::1 - - [23/Sep/2020:18:29:48 +0000] "POST /api/v1/likes/toggle?id=5f6a418beff5af20d863ade7&type=Post HTTP/1.1" 200 55 "http://localhost:3000/" "Mozilla/5.0 (Windows NT 10.0; Win64; x64) AppleWebKit/537.36 (KHTML, like Gecko) Chrome/85.0.4183.121 Safari/537.36"
