::1 - - [20/Sep/2020:18:43:08 +0000] "GET /api/v1/posts?page=1&limit=5 HTTP/1.1" 304 - "http://localhost:3000/" "Mozilla/5.0 (Windows NT 10.0; Win64; x64) AppleWebKit/537.36 (KHTML, like Gecko) Chrome/85.0.4183.102 Safari/537.36"
::1 - - [20/Sep/2020:18:43:21 +0000] "GET /api/v1/posts?page=1&limit=5 HTTP/1.1" 304 - "http://localhost:3000/" "Mozilla/5.0 (Windows NT 10.0; Win64; x64) AppleWebKit/537.36 (KHTML, like Gecko) Chrome/85.0.4183.102 Safari/537.36"
::1 - - [20/Sep/2020:18:43:52 +0000] "GET /api/v1/posts?page=1&limit=5 HTTP/1.1" 304 - "http://localhost:3000/" "Mozilla/5.0 (Windows NT 10.0; Win64; x64) AppleWebKit/537.36 (KHTML, like Gecko) Chrome/85.0.4183.102 Safari/537.36"
::1 - - [20/Sep/2020:18:49:34 +0000] "GET /api/v1/posts?page=1&limit=5 HTTP/1.1" 304 - "http://localhost:3000/" "Mozilla/5.0 (Windows NT 10.0; Win64; x64) AppleWebKit/537.36 (KHTML, like Gecko) Chrome/85.0.4183.102 Safari/537.36"
::1 - - [20/Sep/2020:18:49:41 +0000] "GET /api/v1/user/5f626636470cb71e389b2230 HTTP/1.1" 404 175 "http://localhost:3000/" "Mozilla/5.0 (Windows NT 10.0; Win64; x64) AppleWebKit/537.36 (KHTML, like Gecko) Chrome/85.0.4183.102 Safari/537.36"
::1 - - [20/Sep/2020:18:51:17 +0000] "GET /api/v1/posts?page=1&limit=5 HTTP/1.1" 304 - "http://localhost:3000/" "Mozilla/5.0 (Windows NT 10.0; Win64; x64) AppleWebKit/537.36 (KHTML, like Gecko) Chrome/85.0.4183.102 Safari/537.36"
::1 - - [20/Sep/2020:18:51:17 +0000] "GET /api/v1/user/5f626636470cb71e389b2230 HTTP/1.1" 404 175 "http://localhost:3000/" "Mozilla/5.0 (Windows NT 10.0; Win64; x64) AppleWebKit/537.36 (KHTML, like Gecko) Chrome/85.0.4183.102 Safari/537.36"
::1 - - [20/Sep/2020:18:51:27 +0000] "GET /api/v1/user/5f64f8e13fca1e19e4d9aedf HTTP/1.1" 404 175 "http://localhost:3000/" "Mozilla/5.0 (Windows NT 10.0; Win64; x64) AppleWebKit/537.36 (KHTML, like Gecko) Chrome/85.0.4183.102 Safari/537.36"
::1 - - [20/Sep/2020:18:54:37 +0000] "GET /api/v1/posts?page=1&limit=5 HTTP/1.1" 304 - "http://localhost:3000/" "Mozilla/5.0 (Windows NT 10.0; Win64; x64) AppleWebKit/537.36 (KHTML, like Gecko) Chrome/85.0.4183.102 Safari/537.36"
::1 - - [20/Sep/2020:18:54:37 +0000] "GET /api/v1/user/5f64f8e13fca1e19e4d9aedf HTTP/1.1" 404 175 "http://localhost:3000/" "Mozilla/5.0 (Windows NT 10.0; Win64; x64) AppleWebKit/537.36 (KHTML, like Gecko) Chrome/85.0.4183.102 Safari/537.36"
::1 - - [20/Sep/2020:18:55:20 +0000] "GET /api/v1/posts?page=1&limit=5 HTTP/1.1" 304 - "http://localhost:3000/" "Mozilla/5.0 (Windows NT 10.0; Win64; x64) AppleWebKit/537.36 (KHTML, like Gecko) Chrome/85.0.4183.102 Safari/537.36"
::1 - - [20/Sep/2020:18:55:20 +0000] "GET /api/v1/user/5f64f8e13fca1e19e4d9aedf HTTP/1.1" 404 175 "http://localhost:3000/" "Mozilla/5.0 (Windows NT 10.0; Win64; x64) AppleWebKit/537.36 (KHTML, like Gecko) Chrome/85.0.4183.102 Safari/537.36"
::1 - - [20/Sep/2020:18:55:28 +0000] "GET /api/v1/posts?page=1&limit=5 HTTP/1.1" 304 - "http://localhost:3000/" "Mozilla/5.0 (Windows NT 10.0; Win64; x64) AppleWebKit/537.36 (KHTML, like Gecko) Chrome/85.0.4183.102 Safari/537.36"
::1 - - [20/Sep/2020:18:55:34 +0000] "GET /api/v1/user/5f64f8e13fca1e19e4d9aedf HTTP/1.1" 404 175 "http://localhost:3000/" "Mozilla/5.0 (Windows NT 10.0; Win64; x64) AppleWebKit/537.36 (KHTML, like Gecko) Chrome/85.0.4183.102 Safari/537.36"
::1 - - [20/Sep/2020:19:04:55 +0000] "GET /api/v1/posts?page=1&limit=5 HTTP/1.1" 304 - "http://localhost:3000/" "Mozilla/5.0 (Windows NT 10.0; Win64; x64) AppleWebKit/537.36 (KHTML, like Gecko) Chrome/85.0.4183.102 Safari/537.36"
::1 - - [20/Sep/2020:19:04:55 +0000] "GET /api/v1/user/5f64f8e13fca1e19e4d9aedf HTTP/1.1" 404 175 "http://localhost:3000/" "Mozilla/5.0 (Windows NT 10.0; Win64; x64) AppleWebKit/537.36 (KHTML, like Gecko) Chrome/85.0.4183.102 Safari/537.36"
::1 - - [20/Sep/2020:19:05:05 +0000] "GET /api/v1/posts?page=1&limit=5 HTTP/1.1" 304 - "http://localhost:3000/" "Mozilla/5.0 (Windows NT 10.0; Win64; x64) AppleWebKit/537.36 (KHTML, like Gecko) Chrome/85.0.4183.102 Safari/537.36"
::1 - - [20/Sep/2020:19:05:08 +0000] "GET /api/v1/user/5f64f8e13fca1e19e4d9aedf HTTP/1.1" 404 175 "http://localhost:3000/" "Mozilla/5.0 (Windows NT 10.0; Win64; x64) AppleWebKit/537.36 (KHTML, like Gecko) Chrome/85.0.4183.102 Safari/537.36"
::1 - - [20/Sep/2020:19:05:28 +0000] "GET /api/v1/posts?page=1&limit=5 HTTP/1.1" 304 - "http://localhost:3000/" "Mozilla/5.0 (Windows NT 10.0; Win64; x64) AppleWebKit/537.36 (KHTML, like Gecko) Chrome/85.0.4183.102 Safari/537.36"
::1 - - [20/Sep/2020:19:05:28 +0000] "GET /api/v1/user/5f64f8e13fca1e19e4d9aedf HTTP/1.1" 404 175 "http://localhost:3000/" "Mozilla/5.0 (Windows NT 10.0; Win64; x64) AppleWebKit/537.36 (KHTML, like Gecko) Chrome/85.0.4183.102 Safari/537.36"
::1 - - [20/Sep/2020:19:08:57 +0000] "GET /api/v1/posts?page=1&limit=5 HTTP/1.1" 304 - "http://localhost:3000/" "Mozilla/5.0 (Windows NT 10.0; Win64; x64) AppleWebKit/537.36 (KHTML, like Gecko) Chrome/85.0.4183.102 Safari/537.36"
::1 - - [20/Sep/2020:19:09:04 +0000] "GET /api/v1/user/5f64f8e13fca1e19e4d9aedf HTTP/1.1" 404 175 "http://localhost:3000/" "Mozilla/5.0 (Windows NT 10.0; Win64; x64) AppleWebKit/537.36 (KHTML, like Gecko) Chrome/85.0.4183.102 Safari/537.36"
::1 - - [20/Sep/2020:19:09:32 +0000] "GET /api/v1/posts?page=1&limit=5 HTTP/1.1" 304 - "http://localhost:3000/" "Mozilla/5.0 (Windows NT 10.0; Win64; x64) AppleWebKit/537.36 (KHTML, like Gecko) Chrome/85.0.4183.102 Safari/537.36"
::1 - - [20/Sep/2020:19:09:38 +0000] "GET /api/v1/user/5f626636470cb71e389b2230 HTTP/1.1" 404 175 "http://localhost:3000/" "Mozilla/5.0 (Windows NT 10.0; Win64; x64) AppleWebKit/537.36 (KHTML, like Gecko) Chrome/85.0.4183.102 Safari/537.36"
::1 - - [20/Sep/2020:19:13:10 +0000] "GET /api/v1/posts?page=1&limit=5 HTTP/1.1" 304 - "http://localhost:3000/" "Mozilla/5.0 (Windows NT 10.0; Win64; x64) AppleWebKit/537.36 (KHTML, like Gecko) Chrome/85.0.4183.102 Safari/537.36"
::1 - - [20/Sep/2020:19:13:12 +0000] "GET /api/v1/user/5f626636470cb71e389b2230 HTTP/1.1" 404 175 "http://localhost:3000/" "Mozilla/5.0 (Windows NT 10.0; Win64; x64) AppleWebKit/537.36 (KHTML, like Gecko) Chrome/85.0.4183.102 Safari/537.36"
::1 - - [20/Sep/2020:19:14:32 +0000] "GET /api/v1/posts?page=1&limit=5 HTTP/1.1" 200 2170 "http://localhost:3000/" "Mozilla/5.0 (Windows NT 10.0; Win64; x64) AppleWebKit/537.36 (KHTML, like Gecko) Chrome/85.0.4183.102 Safari/537.36"
::1 - - [20/Sep/2020:19:14:42 +0000] "GET /api/v1/posts?page=1&limit=5 HTTP/1.1" 304 - "http://localhost:3000/" "Mozilla/5.0 (Windows NT 10.0; Win64; x64) AppleWebKit/537.36 (KHTML, like Gecko) Chrome/85.0.4183.102 Safari/537.36"
::1 - - [20/Sep/2020:19:15:16 +0000] "GET /api/v1/user/5f64f8e13fca1e19e4d9aedf HTTP/1.1" 404 175 "http://localhost:3000/" "Mozilla/5.0 (Windows NT 10.0; Win64; x64) AppleWebKit/537.36 (KHTML, like Gecko) Chrome/85.0.4183.102 Safari/537.36"
::1 - - [20/Sep/2020:19:15:24 +0000] "GET /api/v1/user/5f626636470cb71e389b2230 HTTP/1.1" 404 175 "http://localhost:3000/" "Mozilla/5.0 (Windows NT 10.0; Win64; x64) AppleWebKit/537.36 (KHTML, like Gecko) Chrome/85.0.4183.102 Safari/537.36"
::1 - - [20/Sep/2020:19:18:50 +0000] "GET /api/v1/posts?page=1&limit=5 HTTP/1.1" 304 - "http://localhost:3000/" "Mozilla/5.0 (Windows NT 10.0; Win64; x64) AppleWebKit/537.36 (KHTML, like Gecko) Chrome/85.0.4183.102 Safari/537.36"
::1 - - [20/Sep/2020:19:18:52 +0000] "GET /api/v1/user/5f64f8e13fca1e19e4d9aedf HTTP/1.1" 404 175 "http://localhost:3000/" "Mozilla/5.0 (Windows NT 10.0; Win64; x64) AppleWebKit/537.36 (KHTML, like Gecko) Chrome/85.0.4183.102 Safari/537.36"
::1 - - [20/Sep/2020:19:19:19 +0000] "GET /api/v1/user/5f64f8e13fca1e19e4d9aedf HTTP/1.1" 404 175 "http://localhost:3000/" "Mozilla/5.0 (Windows NT 10.0; Win64; x64) AppleWebKit/537.36 (KHTML, like Gecko) Chrome/85.0.4183.102 Safari/537.36"
::1 - - [20/Sep/2020:19:21:45 +0000] "GET /api/v1/posts?page=1&limit=5 HTTP/1.1" 304 - "http://localhost:3000/" "Mozilla/5.0 (Windows NT 10.0; Win64; x64) AppleWebKit/537.36 (KHTML, like Gecko) Chrome/85.0.4183.102 Safari/537.36"
::1 - - [20/Sep/2020:19:21:49 +0000] "GET /api/v1/user/5f64f8e13fca1e19e4d9aedf HTTP/1.1" 404 175 "http://localhost:3000/" "Mozilla/5.0 (Windows NT 10.0; Win64; x64) AppleWebKit/537.36 (KHTML, like Gecko) Chrome/85.0.4183.102 Safari/537.36"
::1 - - [20/Sep/2020:19:23:05 +0000] "GET /api/v1/posts?page=1&limit=5 HTTP/1.1" 304 - "http://localhost:3000/" "Mozilla/5.0 (Windows NT 10.0; Win64; x64) AppleWebKit/537.36 (KHTML, like Gecko) Chrome/85.0.4183.102 Safari/537.36"
::1 - - [20/Sep/2020:19:23:05 +0000] "GET /api/v1/user/fetch/5f64f8e13fca1e19e4d9aedf HTTP/1.1" 404 181 "http://localhost:3000/" "Mozilla/5.0 (Windows NT 10.0; Win64; x64) AppleWebKit/537.36 (KHTML, like Gecko) Chrome/85.0.4183.102 Safari/537.36"
::1 - - [20/Sep/2020:19:23:56 +0000] "GET /api/v1/user/fetch/5f626636470cb71e389b2230 HTTP/1.1" 404 181 "http://localhost:3000/" "Mozilla/5.0 (Windows NT 10.0; Win64; x64) AppleWebKit/537.36 (KHTML, like Gecko) Chrome/85.0.4183.102 Safari/537.36"
::1 - - [21/Sep/2020:18:35:00 +0000] "GET /api/v1/posts?page=1&limit=5 HTTP/1.1" 304 - "http://localhost:3000/" "Mozilla/5.0 (Windows NT 10.0; Win64; x64) AppleWebKit/537.36 (KHTML, like Gecko) Chrome/85.0.4183.102 Safari/537.36"
::1 - - [21/Sep/2020:18:35:22 +0000] "GET /api/v1/user/fetch/5f64f8e13fca1e19e4d9aedf HTTP/1.1" 404 181 "http://localhost:3000/" "Mozilla/5.0 (Windows NT 10.0; Win64; x64) AppleWebKit/537.36 (KHTML, like Gecko) Chrome/85.0.4183.102 Safari/537.36"
::1 - - [21/Sep/2020:18:44:15 +0000] "GET /api/v1/posts?page=1&limit=5 HTTP/1.1" 304 - "http://localhost:3000/" "Mozilla/5.0 (Windows NT 10.0; Win64; x64) AppleWebKit/537.36 (KHTML, like Gecko) Chrome/85.0.4183.102 Safari/537.36"
::1 - - [21/Sep/2020:18:44:19 +0000] "GET /api/v1/user/fetch/5f64f8e13fca1e19e4d9aedf HTTP/1.1" 404 181 "http://localhost:3000/" "Mozilla/5.0 (Windows NT 10.0; Win64; x64) AppleWebKit/537.36 (KHTML, like Gecko) Chrome/85.0.4183.102 Safari/537.36"
::1 - - [21/Sep/2020:18:44:32 +0000] "GET /api/v1/posts?page=1&limit=5 HTTP/1.1" 304 - "http://localhost:3000/" "Mozilla/5.0 (Windows NT 10.0; Win64; x64) AppleWebKit/537.36 (KHTML, like Gecko) Chrome/85.0.4183.102 Safari/537.36"
::1 - - [21/Sep/2020:18:44:58 +0000] "GET /api/v1/posts?page=1&limit=5 HTTP/1.1" 304 - "http://localhost:3000/" "Mozilla/5.0 (Windows NT 10.0; Win64; x64) AppleWebKit/537.36 (KHTML, like Gecko) Chrome/85.0.4183.102 Safari/537.36"
::1 - - [21/Sep/2020:18:45:02 +0000] "GET /api/v1/user/fetch/5f626636470cb71e389b2230 HTTP/1.1" 404 181 "http://localhost:3000/" "Mozilla/5.0 (Windows NT 10.0; Win64; x64) AppleWebKit/537.36 (KHTML, like Gecko) Chrome/85.0.4183.102 Safari/537.36"
::1 - - [21/Sep/2020:18:46:58 +0000] "GET /api/v1/posts?page=1&limit=5 HTTP/1.1" 304 - "http://localhost:3000/" "Mozilla/5.0 (Windows NT 10.0; Win64; x64) AppleWebKit/537.36 (KHTML, like Gecko) Chrome/85.0.4183.102 Safari/537.36"
::1 - - [21/Sep/2020:18:47:03 +0000] "GET /api/v1/user/fetch/5f64f8e13fca1e19e4d9aedf HTTP/1.1" 200 124 "http://localhost:3000/" "Mozilla/5.0 (Windows NT 10.0; Win64; x64) AppleWebKit/537.36 (KHTML, like Gecko) Chrome/85.0.4183.102 Safari/537.36"
::1 - - [21/Sep/2020:18:48:35 +0000] "GET /api/v1/posts?page=1&limit=5 HTTP/1.1" 304 - "http://localhost:3000/" "Mozilla/5.0 (Windows NT 10.0; Win64; x64) AppleWebKit/537.36 (KHTML, like Gecko) Chrome/85.0.4183.102 Safari/537.36"
::1 - - [21/Sep/2020:18:48:39 +0000] "GET /api/v1/user/fetch/5f64f8e13fca1e19e4d9aedf HTTP/1.1" 304 - "http://localhost:3000/" "Mozilla/5.0 (Windows NT 10.0; Win64; x64) AppleWebKit/537.36 (KHTML, like Gecko) Chrome/85.0.4183.102 Safari/537.36"
::1 - - [21/Sep/2020:18:48:46 +0000] "GET /api/v1/user/fetch/5f626636470cb71e389b2230 HTTP/1.1" 200 124 "http://localhost:3000/" "Mozilla/5.0 (Windows NT 10.0; Win64; x64) AppleWebKit/537.36 (KHTML, like Gecko) Chrome/85.0.4183.102 Safari/537.36"
::1 - - [21/Sep/2020:19:22:25 +0000] "POST /api/v1/user/create-session HTTP/1.1" 422 42 "http://localhost:3000/" "Mozilla/5.0 (Windows NT 10.0; Win64; x64) AppleWebKit/537.36 (KHTML, like Gecko) Chrome/85.0.4183.102 Safari/537.36"
::1 - - [21/Sep/2020:19:22:53 +0000] "GET /api/v1/posts?page=1&limit=5 HTTP/1.1" 304 - "http://localhost:3000/" "Mozilla/5.0 (Windows NT 10.0; Win64; x64) AppleWebKit/537.36 (KHTML, like Gecko) Chrome/85.0.4183.102 Safari/537.36"
::1 - - [21/Sep/2020:19:23:10 +0000] "POST /api/v1/user/create-session HTTP/1.1" 422 42 "http://localhost:3000/" "Mozilla/5.0 (Windows NT 10.0; Win64; x64) AppleWebKit/537.36 (KHTML, like Gecko) Chrome/85.0.4183.102 Safari/537.36"
::1 - - [21/Sep/2020:19:26:33 +0000] "POST /api/v1/user/create-session HTTP/1.1" 200 576 "http://localhost:3000/" "Mozilla/5.0 (Windows NT 10.0; Win64; x64) AppleWebKit/537.36 (KHTML, like Gecko) Chrome/85.0.4183.102 Safari/537.36"
::1 - - [21/Sep/2020:19:27:03 +0000] "GET /api/v1/user/fetch/5f64f8e13fca1e19e4d9aedf HTTP/1.1" 304 - "http://localhost:3000/" "Mozilla/5.0 (Windows NT 10.0; Win64; x64) AppleWebKit/537.36 (KHTML, like Gecko) Chrome/85.0.4183.102 Safari/537.36"
::1 - - [21/Sep/2020:19:27:11 +0000] "GET /api/v1/posts?page=1&limit=5 HTTP/1.1" 304 - "http://localhost:3000/" "Mozilla/5.0 (Windows NT 10.0; Win64; x64) AppleWebKit/537.36 (KHTML, like Gecko) Chrome/85.0.4183.102 Safari/537.36"
::1 - - [21/Sep/2020:19:27:15 +0000] "GET /api/v1/user/fetch/5f64f8e13fca1e19e4d9aedf HTTP/1.1" 304 - "http://localhost:3000/" "Mozilla/5.0 (Windows NT 10.0; Win64; x64) AppleWebKit/537.36 (KHTML, like Gecko) Chrome/85.0.4183.102 Safari/537.36"
::1 - - [21/Sep/2020:19:49:20 +0000] "GET /api/v1/posts?page=1&limit=5 HTTP/1.1" 304 - "http://localhost:3000/" "Mozilla/5.0 (Windows NT 10.0; Win64; x64) AppleWebKit/537.36 (KHTML, like Gecko) Chrome/85.0.4183.102 Safari/537.36"
::1 - - [21/Sep/2020:19:49:23 +0000] "GET /api/v1/user/fetch/5f626636470cb71e389b2230 HTTP/1.1" 304 - "http://localhost:3000/" "Mozilla/5.0 (Windows NT 10.0; Win64; x64) AppleWebKit/537.36 (KHTML, like Gecko) Chrome/85.0.4183.102 Safari/537.36"
::1 - - [21/Sep/2020:19:49:28 +0000] "POST /api/v1/friendship/create_friendship?user_id=5f626636470cb71e389b2230 HTTP/1.1" 500 35 "http://localhost:3000/" "Mozilla/5.0 (Windows NT 10.0; Win64; x64) AppleWebKit/537.36 (KHTML, like Gecko) Chrome/85.0.4183.102 Safari/537.36"
::1 - - [21/Sep/2020:19:56:44 +0000] "GET /api/v1/posts?page=1&limit=5 HTTP/1.1" 304 - "http://localhost:3000/" "Mozilla/5.0 (Windows NT 10.0; Win64; x64) AppleWebKit/537.36 (KHTML, like Gecko) Chrome/85.0.4183.102 Safari/537.36"
::1 - - [21/Sep/2020:19:56:45 +0000] "GET /api/v1/user/fetch/5f626636470cb71e389b2230 HTTP/1.1" 304 - "http://localhost:3000/" "Mozilla/5.0 (Windows NT 10.0; Win64; x64) AppleWebKit/537.36 (KHTML, like Gecko) Chrome/85.0.4183.102 Safari/537.36"
::1 - - [21/Sep/2020:19:57:13 +0000] "GET /api/v1/posts?page=1&limit=5 HTTP/1.1" 304 - "http://localhost:3000/" "Mozilla/5.0 (Windows NT 10.0; Win64; x64) AppleWebKit/537.36 (KHTML, like Gecko) Chrome/85.0.4183.102 Safari/537.36"
::1 - - [21/Sep/2020:19:57:13 +0000] "GET /api/v1/user/fetch/5f626636470cb71e389b2230 HTTP/1.1" 304 - "http://localhost:3000/" "Mozilla/5.0 (Windows NT 10.0; Win64; x64) AppleWebKit/537.36 (KHTML, like Gecko) Chrome/85.0.4183.102 Safari/537.36"
::1 - - [21/Sep/2020:19:59:39 +0000] "GET /api/v1/posts?page=1&limit=5 HTTP/1.1" 304 - "http://localhost:3000/" "Mozilla/5.0 (Windows NT 10.0; Win64; x64) AppleWebKit/537.36 (KHTML, like Gecko) Chrome/85.0.4183.102 Safari/537.36"
::1 - - [21/Sep/2020:19:59:39 +0000] "GET /api/v1/user/fetch/5f626636470cb71e389b2230 HTTP/1.1" 304 - "http://localhost:3000/" "Mozilla/5.0 (Windows NT 10.0; Win64; x64) AppleWebKit/537.36 (KHTML, like Gecko) Chrome/85.0.4183.102 Safari/537.36"
::1 - - [21/Sep/2020:20:00:29 +0000] "GET /api/v1/posts?page=1&limit=5 HTTP/1.1" 304 - "http://localhost:3000/" "Mozilla/5.0 (Windows NT 10.0; Win64; x64) AppleWebKit/537.36 (KHTML, like Gecko) Chrome/85.0.4183.102 Safari/537.36"
::1 - - [21/Sep/2020:20:00:29 +0000] "GET /api/v1/user/fetch/5f626636470cb71e389b2230 HTTP/1.1" 304 - "http://localhost:3000/" "Mozilla/5.0 (Windows NT 10.0; Win64; x64) AppleWebKit/537.36 (KHTML, like Gecko) Chrome/85.0.4183.102 Safari/537.36"
::1 - - [21/Sep/2020:20:00:34 +0000] "POST /api/v1/friendship/create_friendship?user_id=5f626636470cb71e389b2230&curr_user=[object%20Object] HTTP/1.1" 500 35 "http://localhost:3000/" "Mozilla/5.0 (Windows NT 10.0; Win64; x64) AppleWebKit/537.36 (KHTML, like Gecko) Chrome/85.0.4183.102 Safari/537.36"
::1 - - [21/Sep/2020:20:02:58 +0000] "GET /api/v1/posts?page=1&limit=5 HTTP/1.1" 304 - "http://localhost:3000/" "Mozilla/5.0 (Windows NT 10.0; Win64; x64) AppleWebKit/537.36 (KHTML, like Gecko) Chrome/85.0.4183.102 Safari/537.36"
::1 - - [21/Sep/2020:20:02:58 +0000] "GET /api/v1/user/fetch/5f626636470cb71e389b2230 HTTP/1.1" 304 - "http://localhost:3000/" "Mozilla/5.0 (Windows NT 10.0; Win64; x64) AppleWebKit/537.36 (KHTML, like Gecko) Chrome/85.0.4183.102 Safari/537.36"
::1 - - [21/Sep/2020:20:03:30 +0000] "GET /api/v1/posts?page=1&limit=5 HTTP/1.1" 304 - "http://localhost:3000/" "Mozilla/5.0 (Windows NT 10.0; Win64; x64) AppleWebKit/537.36 (KHTML, like Gecko) Chrome/85.0.4183.102 Safari/537.36"
::1 - - [21/Sep/2020:20:03:30 +0000] "GET /api/v1/user/fetch/5f626636470cb71e389b2230 HTTP/1.1" 304 - "http://localhost:3000/" "Mozilla/5.0 (Windows NT 10.0; Win64; x64) AppleWebKit/537.36 (KHTML, like Gecko) Chrome/85.0.4183.102 Safari/537.36"
::1 - - [21/Sep/2020:20:03:41 +0000] "POST /api/v1/friendship/create_friendship?user_id=5f626636470cb71e389b2230&curr_user=5f64f8e13fca1e19e4d9aedf HTTP/1.1" 200 266 "http://localhost:3000/" "Mozilla/5.0 (Windows NT 10.0; Win64; x64) AppleWebKit/537.36 (KHTML, like Gecko) Chrome/85.0.4183.102 Safari/537.36"
::1 - - [21/Sep/2020:20:03:48 +0000] "GET /api/v1/posts?page=1&limit=5 HTTP/1.1" 200 2248 "http://localhost:3000/" "Mozilla/5.0 (Windows NT 10.0; Win64; x64) AppleWebKit/537.36 (KHTML, like Gecko) Chrome/85.0.4183.102 Safari/537.36"
::1 - - [21/Sep/2020:20:03:48 +0000] "GET /api/v1/user/fetch/5f626636470cb71e389b2230 HTTP/1.1" 304 - "http://localhost:3000/" "Mozilla/5.0 (Windows NT 10.0; Win64; x64) AppleWebKit/537.36 (KHTML, like Gecko) Chrome/85.0.4183.102 Safari/537.36"
::1 - - [21/Sep/2020:20:03:54 +0000] "GET /api/v1/posts?page=1&limit=5 HTTP/1.1" 304 - "http://localhost:3000/" "Mozilla/5.0 (Windows NT 10.0; Win64; x64) AppleWebKit/537.36 (KHTML, like Gecko) Chrome/85.0.4183.102 Safari/537.36"
::1 - - [21/Sep/2020:20:04:04 +0000] "GET /api/v1/user/fetch/5f626636470cb71e389b2230 HTTP/1.1" 304 - "http://localhost:3000/" "Mozilla/5.0 (Windows NT 10.0; Win64; x64) AppleWebKit/537.36 (KHTML, like Gecko) Chrome/85.0.4183.102 Safari/537.36"
::1 - - [21/Sep/2020:20:04:05 +0000] "POST /api/v1/friendship/create_friendship?user_id=5f626636470cb71e389b2230&curr_user=5f64f8e13fca1e19e4d9aedf HTTP/1.1" 200 266 "http://localhost:3000/" "Mozilla/5.0 (Windows NT 10.0; Win64; x64) AppleWebKit/537.36 (KHTML, like Gecko) Chrome/85.0.4183.102 Safari/537.36"
::1 - - [21/Sep/2020:20:04:14 +0000] "POST /api/v1/friendship/create_friendship?user_id=5f626636470cb71e389b2230&curr_user=5f64f8e13fca1e19e4d9aedf HTTP/1.1" 200 266 "http://localhost:3000/" "Mozilla/5.0 (Windows NT 10.0; Win64; x64) AppleWebKit/537.36 (KHTML, like Gecko) Chrome/85.0.4183.102 Safari/537.36"
::1 - - [21/Sep/2020:20:10:19 +0000] "GET /api/v1/posts?page=1&limit=5 HTTP/1.1" 200 2410 "http://localhost:3000/" "Mozilla/5.0 (Windows NT 10.0; Win64; x64) AppleWebKit/537.36 (KHTML, like Gecko) Chrome/85.0.4183.102 Safari/537.36"
::1 - - [21/Sep/2020:20:10:23 +0000] "GET /api/v1/user/fetch/5f626636470cb71e389b2230 HTTP/1.1" 304 - "http://localhost:3000/" "Mozilla/5.0 (Windows NT 10.0; Win64; x64) AppleWebKit/537.36 (KHTML, like Gecko) Chrome/85.0.4183.102 Safari/537.36"
::1 - - [22/Sep/2020:15:43:05 +0000] "GET /api/v1/posts?page=1&limit=5 HTTP/1.1" 304 - "http://localhost:3000/" "Mozilla/5.0 (Windows NT 10.0; Win64; x64) AppleWebKit/537.36 (KHTML, like Gecko) Chrome/85.0.4183.121 Safari/537.36"
::1 - - [22/Sep/2020:16:05:14 +0000] "GET /api/v1/posts?page=1&limit=5 HTTP/1.1" 304 - "http://localhost:3000/" "Mozilla/5.0 (Windows NT 10.0; Win64; x64) AppleWebKit/537.36 (KHTML, like Gecko) Chrome/85.0.4183.121 Safari/537.36"
::1 - - [22/Sep/2020:16:10:06 +0000] "GET /api/v1/posts?page=1&limit=5 HTTP/1.1" 304 - "http://localhost:3000/" "Mozilla/5.0 (Windows NT 10.0; Win64; x64) AppleWebKit/537.36 (KHTML, like Gecko) Chrome/85.0.4183.121 Safari/537.36"
::1 - - [22/Sep/2020:16:19:13 +0000] "GET /api/v1/posts?page=1&limit=5 HTTP/1.1" 304 - "http://localhost:3000/" "Mozilla/5.0 (Windows NT 10.0; Win64; x64) AppleWebKit/537.36 (KHTML, like Gecko) Chrome/85.0.4183.121 Safari/537.36"
::1 - - [22/Sep/2020:16:21:53 +0000] "GET /api/v1/posts?page=1&limit=5 HTTP/1.1" 304 - "http://localhost:3000/" "Mozilla/5.0 (Windows NT 10.0; Win64; x64) AppleWebKit/537.36 (KHTML, like Gecko) Chrome/85.0.4183.121 Safari/537.36"
::1 - - [22/Sep/2020:16:23:45 +0000] "GET /api/v1/posts?page=1&limit=5 HTTP/1.1" 304 - "http://localhost:3000/" "Mozilla/5.0 (Windows NT 10.0; Win64; x64) AppleWebKit/537.36 (KHTML, like Gecko) Chrome/85.0.4183.121 Safari/537.36"
::1 - - [22/Sep/2020:16:40:29 +0000] "GET /api/v1/posts?page=1&limit=5 HTTP/1.1" 304 - "http://localhost:3000/" "Mozilla/5.0 (Windows NT 10.0; Win64; x64) AppleWebKit/537.36 (KHTML, like Gecko) Chrome/85.0.4183.121 Safari/537.36"
::1 - - [22/Sep/2020:16:45:08 +0000] "GET /api/v1/posts?page=1&limit=5 HTTP/1.1" 304 - "http://localhost:3000/" "Mozilla/5.0 (Windows NT 10.0; Win64; x64) AppleWebKit/537.36 (KHTML, like Gecko) Chrome/85.0.4183.121 Safari/537.36"
::1 - - [22/Sep/2020:16:49:27 +0000] "GET /api/v1/posts?page=1&limit=5 HTTP/1.1" 401 - "http://localhost:3000/" "Mozilla/5.0 (Windows NT 10.0; Win64; x64) AppleWebKit/537.36 (KHTML, like Gecko) Chrome/85.0.4183.121 Safari/537.36"
::1 - - [22/Sep/2020:16:53:49 +0000] "GET /api/v1/posts?page=1&limit=5 HTTP/1.1" 304 - "http://localhost:3000/" "Mozilla/5.0 (Windows NT 10.0; Win64; x64) AppleWebKit/537.36 (KHTML, like Gecko) Chrome/85.0.4183.121 Safari/537.36"
::1 - - [22/Sep/2020:16:54:10 +0000] "POST /api/v1/posts/create HTTP/1.1" 200 314 "http://localhost:3000/" "Mozilla/5.0 (Windows NT 10.0; Win64; x64) AppleWebKit/537.36 (KHTML, like Gecko) Chrome/85.0.4183.121 Safari/537.36"
::1 - - [22/Sep/2020:17:28:39 +0000] "GET /api/v1/friendship/fetch_user_friends HTTP/1.1" 404 175 "http://localhost:3000/" "Mozilla/5.0 (Windows NT 10.0; Win64; x64) AppleWebKit/537.36 (KHTML, like Gecko) Chrome/85.0.4183.121 Safari/537.36"
::1 - - [22/Sep/2020:17:28:39 +0000] "GET /api/v1/posts?page=1&limit=5 HTTP/1.1" 200 2892 "http://localhost:3000/" "Mozilla/5.0 (Windows NT 10.0; Win64; x64) AppleWebKit/537.36 (KHTML, like Gecko) Chrome/85.0.4183.121 Safari/537.36"
::1 - - [22/Sep/2020:17:29:18 +0000] "GET /api/v1/posts?page=1&limit=5 HTTP/1.1" 304 - "http://localhost:3000/" "Mozilla/5.0 (Windows NT 10.0; Win64; x64) AppleWebKit/537.36 (KHTML, like Gecko) Chrome/85.0.4183.121 Safari/537.36"
::1 - - [22/Sep/2020:17:29:18 +0000] "GET /api/v1/friendship/fetch_user_friends HTTP/1.1" 404 175 "http://localhost:3000/" "Mozilla/5.0 (Windows NT 10.0; Win64; x64) AppleWebKit/537.36 (KHTML, like Gecko) Chrome/85.0.4183.121 Safari/537.36"
::1 - - [22/Sep/2020:17:30:54 +0000] "GET /api/v1/posts?page=1&limit=5 HTTP/1.1" 304 - "http://localhost:3000/" "Mozilla/5.0 (Windows NT 10.0; Win64; x64) AppleWebKit/537.36 (KHTML, like Gecko) Chrome/85.0.4183.121 Safari/537.36"
::1 - - [22/Sep/2020:17:30:54 +0000] "GET /api/v1/friendship/fetch_user_friends HTTP/1.1" 500 35 "http://localhost:3000/" "Mozilla/5.0 (Windows NT 10.0; Win64; x64) AppleWebKit/537.36 (KHTML, like Gecko) Chrome/85.0.4183.121 Safari/537.36"
::1 - - [22/Sep/2020:17:33:18 +0000] "GET /api/v1/posts?page=1&limit=5 HTTP/1.1" 304 - "http://localhost:3000/" "Mozilla/5.0 (Windows NT 10.0; Win64; x64) AppleWebKit/537.36 (KHTML, like Gecko) Chrome/85.0.4183.121 Safari/537.36"
::1 - - [22/Sep/2020:17:33:19 +0000] "GET /api/v1/friendship/fetch_user_friends HTTP/1.1" 200 54 "http://localhost:3000/" "Mozilla/5.0 (Windows NT 10.0; Win64; x64) AppleWebKit/537.36 (KHTML, like Gecko) Chrome/85.0.4183.121 Safari/537.36"
::1 - - [22/Sep/2020:17:34:54 +0000] "GET /api/v1/posts?page=1&limit=5 HTTP/1.1" 304 - "http://localhost:3000/" "Mozilla/5.0 (Windows NT 10.0; Win64; x64) AppleWebKit/537.36 (KHTML, like Gecko) Chrome/85.0.4183.121 Safari/537.36"
::1 - - [22/Sep/2020:17:34:54 +0000] "GET /api/v1/friendship/fetch_user_friends HTTP/1.1" 304 - "http://localhost:3000/" "Mozilla/5.0 (Windows NT 10.0; Win64; x64) AppleWebKit/537.36 (KHTML, like Gecko) Chrome/85.0.4183.121 Safari/537.36"
::1 - - [22/Sep/2020:17:35:02 +0000] "GET /api/v1/posts?page=1&limit=5 HTTP/1.1" 304 - "http://localhost:3000/" "Mozilla/5.0 (Windows NT 10.0; Win64; x64) AppleWebKit/537.36 (KHTML, like Gecko) Chrome/85.0.4183.121 Safari/537.36"
::1 - - [22/Sep/2020:17:35:02 +0000] "GET /api/v1/friendship/fetch_user_friends HTTP/1.1" 304 - "http://localhost:3000/" "Mozilla/5.0 (Windows NT 10.0; Win64; x64) AppleWebKit/537.36 (KHTML, like Gecko) Chrome/85.0.4183.121 Safari/537.36"
::1 - - [22/Sep/2020:17:37:29 +0000] "GET /api/v1/posts?page=1&limit=5 HTTP/1.1" 304 - "http://localhost:3000/" "Mozilla/5.0 (Windows NT 10.0; Win64; x64) AppleWebKit/537.36 (KHTML, like Gecko) Chrome/85.0.4183.121 Safari/537.36"
::1 - - [22/Sep/2020:17:37:29 +0000] "GET /api/v1/friendship/fetch_user_friends HTTP/1.1" 304 - "http://localhost:3000/" "Mozilla/5.0 (Windows NT 10.0; Win64; x64) AppleWebKit/537.36 (KHTML, like Gecko) Chrome/85.0.4183.121 Safari/537.36"
::1 - - [22/Sep/2020:17:41:01 +0000] "GET / HTTP/1.1" 200 5280 "-" "Mozilla/5.0 (Windows NT 10.0; Win64; x64) AppleWebKit/537.36 (KHTML, like Gecko) Chrome/85.0.4183.121 Safari/537.36"
::1 - - [22/Sep/2020:17:41:06 +0000] "GET /favicon.ico HTTP/1.1" 404 150 "http://localhost:7000/" "Mozilla/5.0 (Windows NT 10.0; Win64; x64) AppleWebKit/537.36 (KHTML, like Gecko) Chrome/85.0.4183.121 Safari/537.36"
::1 - - [22/Sep/2020:17:41:15 +0000] "GET /users/profile/5f64f8e13fca1e19e4d9aedf HTTP/1.1" 302 70 "http://localhost:7000/" "Mozilla/5.0 (Windows NT 10.0; Win64; x64) AppleWebKit/537.36 (KHTML, like Gecko) Chrome/85.0.4183.121 Safari/537.36"
::1 - - [22/Sep/2020:17:41:15 +0000] "GET /users/signin HTTP/1.1" 200 1984 "http://localhost:7000/" "Mozilla/5.0 (Windows NT 10.0; Win64; x64) AppleWebKit/537.36 (KHTML, like Gecko) Chrome/85.0.4183.121 Safari/537.36"
::1 - - [22/Sep/2020:17:41:25 +0000] "POST /users/create-session HTTP/1.1" 302 46 "http://localhost:7000/users/signin" "Mozilla/5.0 (Windows NT 10.0; Win64; x64) AppleWebKit/537.36 (KHTML, like Gecko) Chrome/85.0.4183.121 Safari/537.36"
::1 - - [22/Sep/2020:17:41:25 +0000] "GET / HTTP/1.1" 200 9852 "http://localhost:7000/users/signin" "Mozilla/5.0 (Windows NT 10.0; Win64; x64) AppleWebKit/537.36 (KHTML, like Gecko) Chrome/85.0.4183.121 Safari/537.36"
::1 - - [22/Sep/2020:17:43:14 +0000] "GET / HTTP/1.1" 200 9501 "http://localhost:7000/users/signin" "Mozilla/5.0 (Windows NT 10.0; Win64; x64) AppleWebKit/537.36 (KHTML, like Gecko) Chrome/85.0.4183.121 Safari/537.36"
::1 - - [22/Sep/2020:17:43:38 +0000] "GET / HTTP/1.1" 304 - "http://localhost:7000/users/signin" "Mozilla/5.0 (Windows NT 10.0; Win64; x64) AppleWebKit/537.36 (KHTML, like Gecko) Chrome/85.0.4183.121 Safari/537.36"
::1 - - [22/Sep/2020:17:58:43 +0000] "GET /api/v1/friendship/fetch_user_friends HTTP/1.1" 200 70 "http://localhost:3000/" "Mozilla/5.0 (Windows NT 10.0; Win64; x64) AppleWebKit/537.36 (KHTML, like Gecko) Chrome/85.0.4183.121 Safari/537.36"
::1 - - [22/Sep/2020:17:58:43 +0000] "GET /api/v1/posts?page=1&limit=5 HTTP/1.1" 304 - "http://localhost:3000/" "Mozilla/5.0 (Windows NT 10.0; Win64; x64) AppleWebKit/537.36 (KHTML, like Gecko) Chrome/85.0.4183.121 Safari/537.36"
::1 - - [22/Sep/2020:17:59:18 +0000] "GET /api/v1/posts?page=1&limit=5 HTTP/1.1" 304 - "http://localhost:3000/" "Mozilla/5.0 (Windows NT 10.0; Win64; x64) AppleWebKit/537.36 (KHTML, like Gecko) Chrome/85.0.4183.121 Safari/537.36"
::1 - - [22/Sep/2020:17:59:18 +0000] "GET /api/v1/friendship/fetch_user_friends HTTP/1.1" 304 - "http://localhost:3000/" "Mozilla/5.0 (Windows NT 10.0; Win64; x64) AppleWebKit/537.36 (KHTML, like Gecko) Chrome/85.0.4183.121 Safari/537.36"
::1 - - [22/Sep/2020:18:00:07 +0000] "GET /api/v1/posts?page=1&limit=5 HTTP/1.1" 304 - "http://localhost:3000/" "Mozilla/5.0 (Windows NT 10.0; Win64; x64) AppleWebKit/537.36 (KHTML, like Gecko) Chrome/85.0.4183.121 Safari/537.36"
::1 - - [22/Sep/2020:18:00:07 +0000] "GET /api/v1/friendship/fetch_user_friends HTTP/1.1" 304 - "http://localhost:3000/" "Mozilla/5.0 (Windows NT 10.0; Win64; x64) AppleWebKit/537.36 (KHTML, like Gecko) Chrome/85.0.4183.121 Safari/537.36"
::1 - - [22/Sep/2020:18:00:58 +0000] "GET /api/v1/posts?page=1&limit=5 HTTP/1.1" 304 - "http://localhost:3000/" "Mozilla/5.0 (Windows NT 10.0; Win64; x64) AppleWebKit/537.36 (KHTML, like Gecko) Chrome/85.0.4183.121 Safari/537.36"
::1 - - [22/Sep/2020:18:00:58 +0000] "GET /api/v1/friendship/fetch_user_friends HTTP/1.1" 200 1453 "http://localhost:3000/" "Mozilla/5.0 (Windows NT 10.0; Win64; x64) AppleWebKit/537.36 (KHTML, like Gecko) Chrome/85.0.4183.121 Safari/537.36"
::1 - - [22/Sep/2020:18:02:10 +0000] "GET /api/v1/posts?page=1&limit=5 HTTP/1.1" 304 - "http://localhost:3000/" "Mozilla/5.0 (Windows NT 10.0; Win64; x64) AppleWebKit/537.36 (KHTML, like Gecko) Chrome/85.0.4183.121 Safari/537.36"
::1 - - [22/Sep/2020:18:02:10 +0000] "GET /api/v1/friendship/fetch_user_friends HTTP/1.1" 200 1451 "http://localhost:3000/" "Mozilla/5.0 (Windows NT 10.0; Win64; x64) AppleWebKit/537.36 (KHTML, like Gecko) Chrome/85.0.4183.121 Safari/537.36"
::1 - - [22/Sep/2020:18:05:09 +0000] "GET /api/v1/posts?page=1&limit=5 HTTP/1.1" 304 - "http://localhost:3000/" "Mozilla/5.0 (Windows NT 10.0; Win64; x64) AppleWebKit/537.36 (KHTML, like Gecko) Chrome/85.0.4183.121 Safari/537.36"
::1 - - [22/Sep/2020:18:05:09 +0000] "GET /api/v1/friendship/fetch_user_friends HTTP/1.1" 200 1430 "http://localhost:3000/" "Mozilla/5.0 (Windows NT 10.0; Win64; x64) AppleWebKit/537.36 (KHTML, like Gecko) Chrome/85.0.4183.121 Safari/537.36"
::1 - - [22/Sep/2020:18:05:53 +0000] "GET /api/v1/posts?page=1&limit=5 HTTP/1.1" 304 - "http://localhost:3000/" "Mozilla/5.0 (Windows NT 10.0; Win64; x64) AppleWebKit/537.36 (KHTML, like Gecko) Chrome/85.0.4183.121 Safari/537.36"
::1 - - [22/Sep/2020:18:05:53 +0000] "GET /api/v1/friendship/fetch_user_friends HTTP/1.1" 200 1451 "http://localhost:3000/" "Mozilla/5.0 (Windows NT 10.0; Win64; x64) AppleWebKit/537.36 (KHTML, like Gecko) Chrome/85.0.4183.121 Safari/537.36"
::1 - - [22/Sep/2020:18:09:02 +0000] "GET /api/v1/posts?page=1&limit=5 HTTP/1.1" 304 - "http://localhost:3000/" "Mozilla/5.0 (Windows NT 10.0; Win64; x64) AppleWebKit/537.36 (KHTML, like Gecko) Chrome/85.0.4183.121 Safari/537.36"
::1 - - [22/Sep/2020:18:09:02 +0000] "GET /api/v1/friendship/fetch_user_friends HTTP/1.1" 200 680 "http://localhost:3000/" "Mozilla/5.0 (Windows NT 10.0; Win64; x64) AppleWebKit/537.36 (KHTML, like Gecko) Chrome/85.0.4183.121 Safari/537.36"
::1 - - [22/Sep/2020:18:10:29 +0000] "GET /api/v1/posts?page=1&limit=5 HTTP/1.1" 304 - "http://localhost:3000/" "Mozilla/5.0 (Windows NT 10.0; Win64; x64) AppleWebKit/537.36 (KHTML, like Gecko) Chrome/85.0.4183.121 Safari/537.36"
::1 - - [22/Sep/2020:18:10:29 +0000] "GET /api/v1/friendship/fetch_user_friends HTTP/1.1" 200 1451 "http://localhost:3000/" "Mozilla/5.0 (Windows NT 10.0; Win64; x64) AppleWebKit/537.36 (KHTML, like Gecko) Chrome/85.0.4183.121 Safari/537.36"
::1 - - [22/Sep/2020:18:11:45 +0000] "GET /api/v1/posts?page=1&limit=5 HTTP/1.1" 304 - "http://localhost:3000/" "Mozilla/5.0 (Windows NT 10.0; Win64; x64) AppleWebKit/537.36 (KHTML, like Gecko) Chrome/85.0.4183.121 Safari/537.36"
::1 - - [22/Sep/2020:18:11:45 +0000] "GET /api/v1/friendship/fetch_user_friends HTTP/1.1" 200 752 "http://localhost:3000/" "Mozilla/5.0 (Windows NT 10.0; Win64; x64) AppleWebKit/537.36 (KHTML, like Gecko) Chrome/85.0.4183.121 Safari/537.36"
::1 - - [22/Sep/2020:18:12:19 +0000] "GET /api/v1/posts?page=1&limit=5 HTTP/1.1" 304 - "http://localhost:3000/" "Mozilla/5.0 (Windows NT 10.0; Win64; x64) AppleWebKit/537.36 (KHTML, like Gecko) Chrome/85.0.4183.121 Safari/537.36"
::1 - - [22/Sep/2020:18:12:19 +0000] "GET /api/v1/friendship/fetch_user_friends HTTP/1.1" 200 779 "http://localhost:3000/" "Mozilla/5.0 (Windows NT 10.0; Win64; x64) AppleWebKit/537.36 (KHTML, like Gecko) Chrome/85.0.4183.121 Safari/537.36"
::1 - - [22/Sep/2020:18:12:53 +0000] "GET /api/v1/posts?page=1&limit=5 HTTP/1.1" 304 - "http://localhost:3000/" "Mozilla/5.0 (Windows NT 10.0; Win64; x64) AppleWebKit/537.36 (KHTML, like Gecko) Chrome/85.0.4183.121 Safari/537.36"
::1 - - [22/Sep/2020:18:12:53 +0000] "GET /api/v1/friendship/fetch_user_friends HTTP/1.1" 200 680 "http://localhost:3000/" "Mozilla/5.0 (Windows NT 10.0; Win64; x64) AppleWebKit/537.36 (KHTML, like Gecko) Chrome/85.0.4183.121 Safari/537.36"
::1 - - [22/Sep/2020:18:13:20 +0000] "GET /api/v1/posts?page=1&limit=5 HTTP/1.1" 304 - "http://localhost:3000/" "Mozilla/5.0 (Windows NT 10.0; Win64; x64) AppleWebKit/537.36 (KHTML, like Gecko) Chrome/85.0.4183.121 Safari/537.36"
::1 - - [22/Sep/2020:18:13:20 +0000] "GET /api/v1/friendship/fetch_user_friends HTTP/1.1" 200 851 "http://localhost:3000/" "Mozilla/5.0 (Windows NT 10.0; Win64; x64) AppleWebKit/537.36 (KHTML, like Gecko) Chrome/85.0.4183.121 Safari/537.36"
::1 - - [22/Sep/2020:18:14:26 +0000] "GET /api/v1/posts?page=1&limit=5 HTTP/1.1" 304 - "http://localhost:3000/" "Mozilla/5.0 (Windows NT 10.0; Win64; x64) AppleWebKit/537.36 (KHTML, like Gecko) Chrome/85.0.4183.121 Safari/537.36"
::1 - - [22/Sep/2020:18:14:27 +0000] "GET /api/v1/friendship/fetch_user_friends HTTP/1.1" 304 - "http://localhost:3000/" "Mozilla/5.0 (Windows NT 10.0; Win64; x64) AppleWebKit/537.36 (KHTML, like Gecko) Chrome/85.0.4183.121 Safari/537.36"
::1 - - [22/Sep/2020:18:15:47 +0000] "GET /api/v1/posts?page=1&limit=5 HTTP/1.1" 304 - "http://localhost:3000/" "Mozilla/5.0 (Windows NT 10.0; Win64; x64) AppleWebKit/537.36 (KHTML, like Gecko) Chrome/85.0.4183.121 Safari/537.36"
::1 - - [22/Sep/2020:18:15:48 +0000] "GET /api/v1/friendship/fetch_user_friends HTTP/1.1" 304 - "http://localhost:3000/" "Mozilla/5.0 (Windows NT 10.0; Win64; x64) AppleWebKit/537.36 (KHTML, like Gecko) Chrome/85.0.4183.121 Safari/537.36"
::1 - - [22/Sep/2020:18:20:36 +0000] "GET /api/v1/posts?page=1&limit=5 HTTP/1.1" 200 94 "http://localhost:3000/" "Mozilla/5.0 (Windows NT 10.0; Win64; x64) AppleWebKit/537.36 (KHTML, like Gecko) Chrome/85.0.4183.121 Safari/537.36"
::1 - - [22/Sep/2020:18:22:38 +0000] "GET /api/v1/posts?page=1&limit=5 HTTP/1.1" 304 - "http://localhost:3000/" "Mozilla/5.0 (Windows NT 10.0; Win64; x64) AppleWebKit/537.36 (KHTML, like Gecko) Chrome/85.0.4183.121 Safari/537.36"
::1 - - [22/Sep/2020:18:23:14 +0000] "POST /api/v1/user/signup HTTP/1.1" 200 540 "http://localhost:3000/" "Mozilla/5.0 (Windows NT 10.0; Win64; x64) AppleWebKit/537.36 (KHTML, like Gecko) Chrome/85.0.4183.121 Safari/537.36"
::1 - - [22/Sep/2020:18:23:33 +0000] "POST /api/v1/posts/create HTTP/1.1" 200 305 "http://localhost:3000/" "Mozilla/5.0 (Windows NT 10.0; Win64; x64) AppleWebKit/537.36 (KHTML, like Gecko) Chrome/85.0.4183.121 Safari/537.36"
::1 - - [22/Sep/2020:18:23:40 +0000] "POST /api/v1/comments HTTP/1.1" 200 354 "http://localhost:3000/" "Mozilla/5.0 (Windows NT 10.0; Win64; x64) AppleWebKit/537.36 (KHTML, like Gecko) Chrome/85.0.4183.121 Safari/537.36"
::1 - - [22/Sep/2020:18:23:45 +0000] "POST /api/v1/comments HTTP/1.1" 200 356 "http://localhost:3000/" "Mozilla/5.0 (Windows NT 10.0; Win64; x64) AppleWebKit/537.36 (KHTML, like Gecko) Chrome/85.0.4183.121 Safari/537.36"
::1 - - [22/Sep/2020:18:24:05 +0000] "POST /api/v1/comments HTTP/1.1" 200 364 "http://localhost:3000/" "Mozilla/5.0 (Windows NT 10.0; Win64; x64) AppleWebKit/537.36 (KHTML, like Gecko) Chrome/85.0.4183.121 Safari/537.36"
::1 - - [22/Sep/2020:18:24:27 +0000] "POST /api/v1/posts/create HTTP/1.1" 200 293 "http://localhost:3000/" "Mozilla/5.0 (Windows NT 10.0; Win64; x64) AppleWebKit/537.36 (KHTML, like Gecko) Chrome/85.0.4183.121 Safari/537.36"
::1 - - [22/Sep/2020:18:24:32 +0000] "POST /api/v1/comments HTTP/1.1" 200 353 "http://localhost:3000/" "Mozilla/5.0 (Windows NT 10.0; Win64; x64) AppleWebKit/537.36 (KHTML, like Gecko) Chrome/85.0.4183.121 Safari/537.36"
::1 - - [22/Sep/2020:18:24:58 +0000] "POST /api/v1/user/signup HTTP/1.1" 200 556 "http://localhost:3000/" "Mozilla/5.0 (Windows NT 10.0; Win64; x64) AppleWebKit/537.36 (KHTML, like Gecko) Chrome/85.0.4183.121 Safari/537.36"
::1 - - [22/Sep/2020:18:25:15 +0000] "POST /api/v1/posts/create HTTP/1.1" 200 309 "http://localhost:3000/" "Mozilla/5.0 (Windows NT 10.0; Win64; x64) AppleWebKit/537.36 (KHTML, like Gecko) Chrome/85.0.4183.121 Safari/537.36"
::1 - - [22/Sep/2020:18:25:18 +0000] "GET /api/v1/user/fetch/5f6a4111eff5af20d863addd HTTP/1.1" 200 116 "http://localhost:3000/" "Mozilla/5.0 (Windows NT 10.0; Win64; x64) AppleWebKit/537.36 (KHTML, like Gecko) Chrome/85.0.4183.121 Safari/537.36"
::1 - - [22/Sep/2020:18:25:20 +0000] "POST /api/v1/friendship/create_friendship?user_id=5f6a4111eff5af20d863addd&curr_user=5f6a417aeff5af20d863ade6 HTTP/1.1" 200 258 "http://localhost:3000/" "Mozilla/5.0 (Windows NT 10.0; Win64; x64) AppleWebKit/537.36 (KHTML, like Gecko) Chrome/85.0.4183.121 Safari/537.36"
::1 - - [22/Sep/2020:18:25:27 +0000] "GET /api/v1/posts?page=1&limit=5 HTTP/1.1" 200 2253 "http://localhost:3000/" "Mozilla/5.0 (Windows NT 10.0; Win64; x64) AppleWebKit/537.36 (KHTML, like Gecko) Chrome/85.0.4183.121 Safari/537.36"
::1 - - [22/Sep/2020:18:25:27 +0000] "GET /api/v1/friendship/fetch_user_friends HTTP/1.1" 200 319 "http://localhost:3000/" "Mozilla/5.0 (Windows NT 10.0; Win64; x64) AppleWebKit/537.36 (KHTML, like Gecko) Chrome/85.0.4183.121 Safari/537.36"
::1 - - [22/Sep/2020:18:25:30 +0000] "GET /api/v1/user/fetch/5f6a4111eff5af20d863addd HTTP/1.1" 304 - "http://localhost:3000/" "Mozilla/5.0 (Windows NT 10.0; Win64; x64) AppleWebKit/537.36 (KHTML, like Gecko) Chrome/85.0.4183.121 Safari/537.36"
