::1 - - [23/Sep/2020:18:31:08 +0000] "GET /api/v1/posts?page=1&limit=5 HTTP/1.1" 200 2467 "http://localhost:3000/" "Mozilla/5.0 (Windows NT 10.0; Win64; x64) AppleWebKit/537.36 (KHTML, like Gecko) Chrome/85.0.4183.121 Safari/537.36"
::1 - - [23/Sep/2020:18:31:09 +0000] "GET /api/v1/friendship/fetch_user_friends HTTP/1.1" 304 - "http://localhost:3000/" "Mozilla/5.0 (Windows NT 10.0; Win64; x64) AppleWebKit/537.36 (KHTML, like Gecko) Chrome/85.0.4183.121 Safari/537.36"
::1 - - [23/Sep/2020:19:28:31 +0000] "POST /api/v1/likes/toggle?id=5f6a418beff5af20d863ade7&type=Post HTTP/1.1" 200 259 "http://localhost:3000/" "Mozilla/5.0 (Windows NT 10.0; Win64; x64) AppleWebKit/537.36 (KHTML, like Gecko) Chrome/85.0.4183.121 Safari/537.36"
::1 - - [23/Sep/2020:19:36:22 +0000] "GET / HTTP/1.1" 200 4772 "-" "Mozilla/5.0 (Windows NT 10.0; Win64; x64) AppleWebKit/537.36 (KHTML, like Gecko) Chrome/85.0.4183.121 Safari/537.36"
::1 - - [23/Sep/2020:19:36:27 +0000] "GET /favicon.ico HTTP/1.1" 404 150 "http://localhost:7000/" "Mozilla/5.0 (Windows NT 10.0; Win64; x64) AppleWebKit/537.36 (KHTML, like Gecko) Chrome/85.0.4183.121 Safari/537.36"
::1 - - [23/Sep/2020:19:36:30 +0000] "GET /users/signin HTTP/1.1" 200 1984 "http://localhost:7000/" "Mozilla/5.0 (Windows NT 10.0; Win64; x64) AppleWebKit/537.36 (KHTML, like Gecko) Chrome/85.0.4183.121 Safari/537.36"
::1 - - [23/Sep/2020:19:36:47 +0000] "POST /users/create-session HTTP/1.1" 302 46 "http://localhost:7000/users/signin" "Mozilla/5.0 (Windows NT 10.0; Win64; x64) AppleWebKit/537.36 (KHTML, like Gecko) Chrome/85.0.4183.121 Safari/537.36"
::1 - - [23/Sep/2020:19:36:47 +0000] "GET / HTTP/1.1" 200 8492 "http://localhost:7000/users/signin" "Mozilla/5.0 (Windows NT 10.0; Win64; x64) AppleWebKit/537.36 (KHTML, like Gecko) Chrome/85.0.4183.121 Safari/537.36"
::1 - - [23/Sep/2020:19:36:53 +0000] "POST /likes/toggle/?id=5f6a415beff5af20d863ade3&type=Post HTTP/1.1" 200 49 "http://localhost:7000/" "Mozilla/5.0 (Windows NT 10.0; Win64; x64) AppleWebKit/537.36 (KHTML, like Gecko) Chrome/85.0.4183.121 Safari/537.36"
::1 - - [23/Sep/2020:19:36:54 +0000] "POST /likes/toggle/?id=5f6a415beff5af20d863ade3&type=Post HTTP/1.1" 200 48 "http://localhost:7000/" "Mozilla/5.0 (Windows NT 10.0; Win64; x64) AppleWebKit/537.36 (KHTML, like Gecko) Chrome/85.0.4183.121 Safari/537.36"
::1 - - [23/Sep/2020:19:36:56 +0000] "POST /likes/toggle/?id=5f6a415beff5af20d863ade3&type=Post HTTP/1.1" 200 49 "http://localhost:7000/" "Mozilla/5.0 (Windows NT 10.0; Win64; x64) AppleWebKit/537.36 (KHTML, like Gecko) Chrome/85.0.4183.121 Safari/537.36"
::1 - - [23/Sep/2020:19:36:57 +0000] "POST /likes/toggle/?id=5f6a415beff5af20d863ade3&type=Post HTTP/1.1" 200 48 "http://localhost:7000/" "Mozilla/5.0 (Windows NT 10.0; Win64; x64) AppleWebKit/537.36 (KHTML, like Gecko) Chrome/85.0.4183.121 Safari/537.36"
::1 - - [23/Sep/2020:19:36:58 +0000] "POST /likes/toggle/?id=5f6a415beff5af20d863ade3&type=Post HTTP/1.1" 200 49 "http://localhost:7000/" "Mozilla/5.0 (Windows NT 10.0; Win64; x64) AppleWebKit/537.36 (KHTML, like Gecko) Chrome/85.0.4183.121 Safari/537.36"
::1 - - [23/Sep/2020:19:36:58 +0000] "POST /likes/toggle/?id=5f6a415beff5af20d863ade3&type=Post HTTP/1.1" 200 48 "http://localhost:7000/" "Mozilla/5.0 (Windows NT 10.0; Win64; x64) AppleWebKit/537.36 (KHTML, like Gecko) Chrome/85.0.4183.121 Safari/537.36"
::1 - - [23/Sep/2020:19:36:58 +0000] "POST /likes/toggle/?id=5f6a415beff5af20d863ade3&type=Post HTTP/1.1" 200 49 "http://localhost:7000/" "Mozilla/5.0 (Windows NT 10.0; Win64; x64) AppleWebKit/537.36 (KHTML, like Gecko) Chrome/85.0.4183.121 Safari/537.36"
::1 - - [23/Sep/2020:19:36:58 +0000] "POST /likes/toggle/?id=5f6a415beff5af20d863ade3&type=Post HTTP/1.1" 200 48 "http://localhost:7000/" "Mozilla/5.0 (Windows NT 10.0; Win64; x64) AppleWebKit/537.36 (KHTML, like Gecko) Chrome/85.0.4183.121 Safari/537.36"
::1 - - [23/Sep/2020:19:36:59 +0000] "POST /likes/toggle/?id=5f6a415beff5af20d863ade3&type=Post HTTP/1.1" 200 49 "http://localhost:7000/" "Mozilla/5.0 (Windows NT 10.0; Win64; x64) AppleWebKit/537.36 (KHTML, like Gecko) Chrome/85.0.4183.121 Safari/537.36"
::1 - - [23/Sep/2020:19:36:59 +0000] "POST /likes/toggle/?id=5f6a415beff5af20d863ade3&type=Post HTTP/1.1" 200 48 "http://localhost:7000/" "Mozilla/5.0 (Windows NT 10.0; Win64; x64) AppleWebKit/537.36 (KHTML, like Gecko) Chrome/85.0.4183.121 Safari/537.36"
::1 - - [23/Sep/2020:19:36:59 +0000] "POST /likes/toggle/?id=5f6a415beff5af20d863ade3&type=Post HTTP/1.1" 200 49 "http://localhost:7000/" "Mozilla/5.0 (Windows NT 10.0; Win64; x64) AppleWebKit/537.36 (KHTML, like Gecko) Chrome/85.0.4183.121 Safari/537.36"
::1 - - [23/Sep/2020:19:37:00 +0000] "POST /likes/toggle/?id=5f6a415beff5af20d863ade3&type=Post HTTP/1.1" 200 48 "http://localhost:7000/" "Mozilla/5.0 (Windows NT 10.0; Win64; x64) AppleWebKit/537.36 (KHTML, like Gecko) Chrome/85.0.4183.121 Safari/537.36"
::1 - - [23/Sep/2020:19:37:00 +0000] "POST /likes/toggle/?id=5f6a415beff5af20d863ade3&type=Post HTTP/1.1" 200 49 "http://localhost:7000/" "Mozilla/5.0 (Windows NT 10.0; Win64; x64) AppleWebKit/537.36 (KHTML, like Gecko) Chrome/85.0.4183.121 Safari/537.36"
::1 - - [23/Sep/2020:19:37:00 +0000] "POST /likes/toggle/?id=5f6a415beff5af20d863ade3&type=Post HTTP/1.1" 200 48 "http://localhost:7000/" "Mozilla/5.0 (Windows NT 10.0; Win64; x64) AppleWebKit/537.36 (KHTML, like Gecko) Chrome/85.0.4183.121 Safari/537.36"
::1 - - [23/Sep/2020:19:37:00 +0000] "POST /likes/toggle/?id=5f6a415beff5af20d863ade3&type=Post HTTP/1.1" 200 49 "http://localhost:7000/" "Mozilla/5.0 (Windows NT 10.0; Win64; x64) AppleWebKit/537.36 (KHTML, like Gecko) Chrome/85.0.4183.121 Safari/537.36"
::1 - - [23/Sep/2020:19:37:00 +0000] "POST /likes/toggle/?id=5f6a415beff5af20d863ade3&type=Post HTTP/1.1" 200 48 "http://localhost:7000/" "Mozilla/5.0 (Windows NT 10.0; Win64; x64) AppleWebKit/537.36 (KHTML, like Gecko) Chrome/85.0.4183.121 Safari/537.36"
::1 - - [23/Sep/2020:19:37:01 +0000] "POST /likes/toggle/?id=5f6a415beff5af20d863ade3&type=Post HTTP/1.1" 200 49 "http://localhost:7000/" "Mozilla/5.0 (Windows NT 10.0; Win64; x64) AppleWebKit/537.36 (KHTML, like Gecko) Chrome/85.0.4183.121 Safari/537.36"
::1 - - [23/Sep/2020:19:37:01 +0000] "POST /likes/toggle/?id=5f6a415beff5af20d863ade3&type=Post HTTP/1.1" 200 48 "http://localhost:7000/" "Mozilla/5.0 (Windows NT 10.0; Win64; x64) AppleWebKit/537.36 (KHTML, like Gecko) Chrome/85.0.4183.121 Safari/537.36"
::1 - - [23/Sep/2020:19:37:01 +0000] "POST /likes/toggle/?id=5f6a415beff5af20d863ade3&type=Post HTTP/1.1" 200 49 "http://localhost:7000/" "Mozilla/5.0 (Windows NT 10.0; Win64; x64) AppleWebKit/537.36 (KHTML, like Gecko) Chrome/85.0.4183.121 Safari/537.36"
::1 - - [23/Sep/2020:19:37:01 +0000] "POST /likes/toggle/?id=5f6a415beff5af20d863ade3&type=Post HTTP/1.1" 200 48 "http://localhost:7000/" "Mozilla/5.0 (Windows NT 10.0; Win64; x64) AppleWebKit/537.36 (KHTML, like Gecko) Chrome/85.0.4183.121 Safari/537.36"
::1 - - [23/Sep/2020:19:37:02 +0000] "POST /likes/toggle/?id=5f6a415beff5af20d863ade3&type=Post HTTP/1.1" 200 49 "http://localhost:7000/" "Mozilla/5.0 (Windows NT 10.0; Win64; x64) AppleWebKit/537.36 (KHTML, like Gecko) Chrome/85.0.4183.121 Safari/537.36"
::1 - - [23/Sep/2020:19:37:02 +0000] "POST /likes/toggle/?id=5f6a415beff5af20d863ade3&type=Post HTTP/1.1" 200 48 "http://localhost:7000/" "Mozilla/5.0 (Windows NT 10.0; Win64; x64) AppleWebKit/537.36 (KHTML, like Gecko) Chrome/85.0.4183.121 Safari/537.36"
::1 - - [23/Sep/2020:19:37:02 +0000] "POST /likes/toggle/?id=5f6a415beff5af20d863ade3&type=Post HTTP/1.1" 200 49 "http://localhost:7000/" "Mozilla/5.0 (Windows NT 10.0; Win64; x64) AppleWebKit/537.36 (KHTML, like Gecko) Chrome/85.0.4183.121 Safari/537.36"
::1 - - [23/Sep/2020:19:37:02 +0000] "POST /likes/toggle/?id=5f6a415beff5af20d863ade3&type=Post HTTP/1.1" 200 48 "http://localhost:7000/" "Mozilla/5.0 (Windows NT 10.0; Win64; x64) AppleWebKit/537.36 (KHTML, like Gecko) Chrome/85.0.4183.121 Safari/537.36"
::1 - - [23/Sep/2020:19:37:02 +0000] "POST /likes/toggle/?id=5f6a415beff5af20d863ade3&type=Post HTTP/1.1" 200 49 "http://localhost:7000/" "Mozilla/5.0 (Windows NT 10.0; Win64; x64) AppleWebKit/537.36 (KHTML, like Gecko) Chrome/85.0.4183.121 Safari/537.36"
::1 - - [23/Sep/2020:19:37:02 +0000] "POST /likes/toggle/?id=5f6a415beff5af20d863ade3&type=Post HTTP/1.1" 200 48 "http://localhost:7000/" "Mozilla/5.0 (Windows NT 10.0; Win64; x64) AppleWebKit/537.36 (KHTML, like Gecko) Chrome/85.0.4183.121 Safari/537.36"
::1 - - [23/Sep/2020:19:37:03 +0000] "POST /likes/toggle/?id=5f6a415beff5af20d863ade3&type=Post HTTP/1.1" 200 49 "http://localhost:7000/" "Mozilla/5.0 (Windows NT 10.0; Win64; x64) AppleWebKit/537.36 (KHTML, like Gecko) Chrome/85.0.4183.121 Safari/537.36"
::1 - - [23/Sep/2020:19:37:03 +0000] "POST /likes/toggle/?id=5f6a415beff5af20d863ade3&type=Post HTTP/1.1" 200 48 "http://localhost:7000/" "Mozilla/5.0 (Windows NT 10.0; Win64; x64) AppleWebKit/537.36 (KHTML, like Gecko) Chrome/85.0.4183.121 Safari/537.36"
::1 - - [23/Sep/2020:19:37:03 +0000] "POST /likes/toggle/?id=5f6a415beff5af20d863ade3&type=Post HTTP/1.1" 200 49 "http://localhost:7000/" "Mozilla/5.0 (Windows NT 10.0; Win64; x64) AppleWebKit/537.36 (KHTML, like Gecko) Chrome/85.0.4183.121 Safari/537.36"
::1 - - [23/Sep/2020:19:37:03 +0000] "POST /likes/toggle/?id=5f6a415beff5af20d863ade3&type=Post HTTP/1.1" 200 48 "http://localhost:7000/" "Mozilla/5.0 (Windows NT 10.0; Win64; x64) AppleWebKit/537.36 (KHTML, like Gecko) Chrome/85.0.4183.121 Safari/537.36"
::1 - - [23/Sep/2020:19:37:04 +0000] "POST /likes/toggle/?id=5f6a415beff5af20d863ade3&type=Post HTTP/1.1" 200 49 "http://localhost:7000/" "Mozilla/5.0 (Windows NT 10.0; Win64; x64) AppleWebKit/537.36 (KHTML, like Gecko) Chrome/85.0.4183.121 Safari/537.36"
::1 - - [23/Sep/2020:19:37:05 +0000] "POST /likes/toggle/?id=5f6a415beff5af20d863ade3&type=Post HTTP/1.1" 200 48 "http://localhost:7000/" "Mozilla/5.0 (Windows NT 10.0; Win64; x64) AppleWebKit/537.36 (KHTML, like Gecko) Chrome/85.0.4183.121 Safari/537.36"
::1 - - [23/Sep/2020:19:37:05 +0000] "POST /likes/toggle/?id=5f6a415beff5af20d863ade3&type=Post HTTP/1.1" 200 49 "http://localhost:7000/" "Mozilla/5.0 (Windows NT 10.0; Win64; x64) AppleWebKit/537.36 (KHTML, like Gecko) Chrome/85.0.4183.121 Safari/537.36"
::1 - - [23/Sep/2020:19:37:05 +0000] "POST /likes/toggle/?id=5f6a415beff5af20d863ade3&type=Post HTTP/1.1" 200 48 "http://localhost:7000/" "Mozilla/5.0 (Windows NT 10.0; Win64; x64) AppleWebKit/537.36 (KHTML, like Gecko) Chrome/85.0.4183.121 Safari/537.36"
::1 - - [23/Sep/2020:19:37:06 +0000] "POST /likes/toggle/?id=5f6a415beff5af20d863ade3&type=Post HTTP/1.1" 200 49 "http://localhost:7000/" "Mozilla/5.0 (Windows NT 10.0; Win64; x64) AppleWebKit/537.36 (KHTML, like Gecko) Chrome/85.0.4183.121 Safari/537.36"
::1 - - [23/Sep/2020:19:37:06 +0000] "POST /likes/toggle/?id=5f6a415beff5af20d863ade3&type=Post HTTP/1.1" 200 48 "http://localhost:7000/" "Mozilla/5.0 (Windows NT 10.0; Win64; x64) AppleWebKit/537.36 (KHTML, like Gecko) Chrome/85.0.4183.121 Safari/537.36"
::1 - - [23/Sep/2020:19:37:07 +0000] "POST /likes/toggle/?id=5f6a415beff5af20d863ade3&type=Post HTTP/1.1" 200 49 "http://localhost:7000/" "Mozilla/5.0 (Windows NT 10.0; Win64; x64) AppleWebKit/537.36 (KHTML, like Gecko) Chrome/85.0.4183.121 Safari/537.36"
::1 - - [23/Sep/2020:19:37:07 +0000] "POST /likes/toggle/?id=5f6a415beff5af20d863ade3&type=Post HTTP/1.1" 200 48 "http://localhost:7000/" "Mozilla/5.0 (Windows NT 10.0; Win64; x64) AppleWebKit/537.36 (KHTML, like Gecko) Chrome/85.0.4183.121 Safari/537.36"
::1 - - [23/Sep/2020:19:37:07 +0000] "POST /likes/toggle/?id=5f6a415beff5af20d863ade3&type=Post HTTP/1.1" 200 49 "http://localhost:7000/" "Mozilla/5.0 (Windows NT 10.0; Win64; x64) AppleWebKit/537.36 (KHTML, like Gecko) Chrome/85.0.4183.121 Safari/537.36"
::1 - - [23/Sep/2020:19:37:08 +0000] "POST /likes/toggle/?id=5f6a415beff5af20d863ade3&type=Post HTTP/1.1" 200 48 "http://localhost:7000/" "Mozilla/5.0 (Windows NT 10.0; Win64; x64) AppleWebKit/537.36 (KHTML, like Gecko) Chrome/85.0.4183.121 Safari/537.36"
::1 - - [23/Sep/2020:19:37:08 +0000] "POST /likes/toggle/?id=5f6a415beff5af20d863ade3&type=Post HTTP/1.1" 200 49 "http://localhost:7000/" "Mozilla/5.0 (Windows NT 10.0; Win64; x64) AppleWebKit/537.36 (KHTML, like Gecko) Chrome/85.0.4183.121 Safari/537.36"
::1 - - [23/Sep/2020:19:37:08 +0000] "POST /likes/toggle/?id=5f6a415beff5af20d863ade3&type=Post HTTP/1.1" 200 48 "http://localhost:7000/" "Mozilla/5.0 (Windows NT 10.0; Win64; x64) AppleWebKit/537.36 (KHTML, like Gecko) Chrome/85.0.4183.121 Safari/537.36"
::1 - - [23/Sep/2020:19:37:09 +0000] "POST /likes/toggle/?id=5f6a415beff5af20d863ade3&type=Post HTTP/1.1" 200 49 "http://localhost:7000/" "Mozilla/5.0 (Windows NT 10.0; Win64; x64) AppleWebKit/537.36 (KHTML, like Gecko) Chrome/85.0.4183.121 Safari/537.36"
::1 - - [23/Sep/2020:19:37:09 +0000] "POST /likes/toggle/?id=5f6a415beff5af20d863ade3&type=Post HTTP/1.1" 200 48 "http://localhost:7000/" "Mozilla/5.0 (Windows NT 10.0; Win64; x64) AppleWebKit/537.36 (KHTML, like Gecko) Chrome/85.0.4183.121 Safari/537.36"
::1 - - [23/Sep/2020:19:37:09 +0000] "POST /likes/toggle/?id=5f6a415beff5af20d863ade3&type=Post HTTP/1.1" 200 49 "http://localhost:7000/" "Mozilla/5.0 (Windows NT 10.0; Win64; x64) AppleWebKit/537.36 (KHTML, like Gecko) Chrome/85.0.4183.121 Safari/537.36"
::1 - - [23/Sep/2020:19:37:10 +0000] "POST /likes/toggle/?id=5f6a415beff5af20d863ade3&type=Post HTTP/1.1" 200 48 "http://localhost:7000/" "Mozilla/5.0 (Windows NT 10.0; Win64; x64) AppleWebKit/537.36 (KHTML, like Gecko) Chrome/85.0.4183.121 Safari/537.36"
::1 - - [23/Sep/2020:19:42:53 +0000] "GET /api/v1/posts?page=1&limit=5 HTTP/1.1" 200 2258 "http://localhost:3000/" "Mozilla/5.0 (Windows NT 10.0; Win64; x64) AppleWebKit/537.36 (KHTML, like Gecko) Chrome/85.0.4183.121 Safari/537.36"
::1 - - [23/Sep/2020:19:42:53 +0000] "GET /api/v1/friendship/fetch_user_friends HTTP/1.1" 304 - "http://localhost:3000/" "Mozilla/5.0 (Windows NT 10.0; Win64; x64) AppleWebKit/537.36 (KHTML, like Gecko) Chrome/85.0.4183.121 Safari/537.36"
::1 - - [25/Sep/2020:18:38:18 +0000] "GET /api/v1/posts?page=1&limit=5 HTTP/1.1" - - "http://localhost:3000/" "Mozilla/5.0 (Windows NT 10.0; Win64; x64) AppleWebKit/537.36 (KHTML, like Gecko) Chrome/85.0.4183.121 Safari/537.36"
::1 - - [25/Sep/2020:18:38:19 +0000] "GET /api/v1/friendship/fetch_user_friends HTTP/1.1" - - "http://localhost:3000/" "Mozilla/5.0 (Windows NT 10.0; Win64; x64) AppleWebKit/537.36 (KHTML, like Gecko) Chrome/85.0.4183.121 Safari/537.36"
::1 - - [25/Sep/2020:18:38:36 +0000] "GET /api/v1/friendship/fetch_user_friends HTTP/1.1" - - "http://localhost:3000/" "Mozilla/5.0 (Windows NT 10.0; Win64; x64) AppleWebKit/537.36 (KHTML, like Gecko) Chrome/85.0.4183.121 Safari/537.36"
::1 - - [25/Sep/2020:18:39:13 +0000] "GET /api/v1/friendship/fetch_user_friends HTTP/1.1" 200 327 "http://localhost:3000/" "Mozilla/5.0 (Windows NT 10.0; Win64; x64) AppleWebKit/537.36 (KHTML, like Gecko) Chrome/85.0.4183.121 Safari/537.36"
::1 - - [25/Sep/2020:18:39:13 +0000] "GET /api/v1/posts?page=1&limit=5 HTTP/1.1" 304 - "http://localhost:3000/" "Mozilla/5.0 (Windows NT 10.0; Win64; x64) AppleWebKit/537.36 (KHTML, like Gecko) Chrome/85.0.4183.121 Safari/537.36"
::1 - - [25/Sep/2020:18:39:45 +0000] "POST /api/v1/user/signup HTTP/1.1" 200 524 "http://localhost:3000/" "Mozilla/5.0 (Windows NT 10.0; Win64; x64) AppleWebKit/537.36 (KHTML, like Gecko) Chrome/85.0.4183.121 Safari/537.36"
::1 - - [25/Sep/2020:18:40:52 +0000] "GET /api/v1/friendship/fetch_user_friends HTTP/1.1" 200 66 "http://localhost:3000/" "Mozilla/5.0 (Windows NT 10.0; Win64; x64) AppleWebKit/537.36 (KHTML, like Gecko) Chrome/85.0.4183.121 Safari/537.36"
::1 - - [25/Sep/2020:18:40:52 +0000] "GET /api/v1/posts?page=1&limit=5 HTTP/1.1" 304 - "http://localhost:3000/" "Mozilla/5.0 (Windows NT 10.0; Win64; x64) AppleWebKit/537.36 (KHTML, like Gecko) Chrome/85.0.4183.121 Safari/537.36"
::1 - - [25/Sep/2020:18:41:04 +0000] "GET /api/v1/user/search?text=l HTTP/1.1" 404 157 "http://localhost:3000/" "Mozilla/5.0 (Windows NT 10.0; Win64; x64) AppleWebKit/537.36 (KHTML, like Gecko) Chrome/85.0.4183.121 Safari/537.36"
::1 - - [25/Sep/2020:18:42:04 +0000] "GET /api/v1/friendship/fetch_user_friends HTTP/1.1" 304 - "http://localhost:3000/" "Mozilla/5.0 (Windows NT 10.0; Win64; x64) AppleWebKit/537.36 (KHTML, like Gecko) Chrome/85.0.4183.121 Safari/537.36"
::1 - - [25/Sep/2020:18:42:04 +0000] "GET /api/v1/posts?page=1&limit=5 HTTP/1.1" 304 - "http://localhost:3000/" "Mozilla/5.0 (Windows NT 10.0; Win64; x64) AppleWebKit/537.36 (KHTML, like Gecko) Chrome/85.0.4183.121 Safari/537.36"
::1 - - [25/Sep/2020:18:42:12 +0000] "GET /api/v1/user/search?text=l HTTP/1.1" 404 157 "http://localhost:3000/" "Mozilla/5.0 (Windows NT 10.0; Win64; x64) AppleWebKit/537.36 (KHTML, like Gecko) Chrome/85.0.4183.121 Safari/537.36"
::1 - - [25/Sep/2020:18:42:29 +0000] "GET /api/v1/user/search?text= HTTP/1.1" 404 157 "http://localhost:3000/" "Mozilla/5.0 (Windows NT 10.0; Win64; x64) AppleWebKit/537.36 (KHTML, like Gecko) Chrome/85.0.4183.121 Safari/537.36"
::1 - - [25/Sep/2020:18:42:31 +0000] "GET /api/v1/user/search?text=a HTTP/1.1" 404 157 "http://localhost:3000/" "Mozilla/5.0 (Windows NT 10.0; Win64; x64) AppleWebKit/537.36 (KHTML, like Gecko) Chrome/85.0.4183.121 Safari/537.36"
::1 - - [25/Sep/2020:18:46:27 +0000] "GET /api/v1/posts?page=1&limit=5 HTTP/1.1" 304 - "http://localhost:3000/" "Mozilla/5.0 (Windows NT 10.0; Win64; x64) AppleWebKit/537.36 (KHTML, like Gecko) Chrome/85.0.4183.121 Safari/537.36"
::1 - - [25/Sep/2020:18:46:27 +0000] "GET /api/v1/friendship/fetch_user_friends HTTP/1.1" 304 - "http://localhost:3000/" "Mozilla/5.0 (Windows NT 10.0; Win64; x64) AppleWebKit/537.36 (KHTML, like Gecko) Chrome/85.0.4183.121 Safari/537.36"
::1 - - [25/Sep/2020:18:46:35 +0000] "GET /api/v1/user/search?text=u HTTP/1.1" 404 157 "http://localhost:3000/" "Mozilla/5.0 (Windows NT 10.0; Win64; x64) AppleWebKit/537.36 (KHTML, like Gecko) Chrome/85.0.4183.121 Safari/537.36"
::1 - - [25/Sep/2020:18:48:10 +0000] "GET /api/v1/friendship/fetch_user_friends HTTP/1.1" 304 - "http://localhost:3000/" "Mozilla/5.0 (Windows NT 10.0; Win64; x64) AppleWebKit/537.36 (KHTML, like Gecko) Chrome/85.0.4183.121 Safari/537.36"
::1 - - [25/Sep/2020:18:48:10 +0000] "GET /api/v1/posts?page=1&limit=5 HTTP/1.1" 304 - "http://localhost:3000/" "Mozilla/5.0 (Windows NT 10.0; Win64; x64) AppleWebKit/537.36 (KHTML, like Gecko) Chrome/85.0.4183.121 Safari/537.36"
::1 - - [25/Sep/2020:18:48:15 +0000] "GET /api/v1/user/search?text=s HTTP/1.1" 404 157 "http://localhost:3000/" "Mozilla/5.0 (Windows NT 10.0; Win64; x64) AppleWebKit/537.36 (KHTML, like Gecko) Chrome/85.0.4183.121 Safari/537.36"
::1 - - [25/Sep/2020:18:48:56 +0000] "GET /api/v1/posts?page=1&limit=5 HTTP/1.1" 304 - "http://localhost:3000/" "Mozilla/5.0 (Windows NT 10.0; Win64; x64) AppleWebKit/537.36 (KHTML, like Gecko) Chrome/85.0.4183.121 Safari/537.36"
::1 - - [25/Sep/2020:18:48:56 +0000] "GET /api/v1/friendship/fetch_user_friends HTTP/1.1" 304 - "http://localhost:3000/" "Mozilla/5.0 (Windows NT 10.0; Win64; x64) AppleWebKit/537.36 (KHTML, like Gecko) Chrome/85.0.4183.121 Safari/537.36"
::1 - - [25/Sep/2020:18:49:35 +0000] "GET /api/v1/posts?page=1&limit=5 HTTP/1.1" 304 - "http://localhost:3000/" "Mozilla/5.0 (Windows NT 10.0; Win64; x64) AppleWebKit/537.36 (KHTML, like Gecko) Chrome/85.0.4183.121 Safari/537.36"
::1 - - [25/Sep/2020:18:49:35 +0000] "GET /api/v1/friendship/fetch_user_friends HTTP/1.1" 304 - "http://localhost:3000/" "Mozilla/5.0 (Windows NT 10.0; Win64; x64) AppleWebKit/537.36 (KHTML, like Gecko) Chrome/85.0.4183.121 Safari/537.36"
::1 - - [25/Sep/2020:18:50:27 +0000] "GET /api/v1/posts?page=1&limit=5 HTTP/1.1" 304 - "http://localhost:3000/" "Mozilla/5.0 (Windows NT 10.0; Win64; x64) AppleWebKit/537.36 (KHTML, like Gecko) Chrome/85.0.4183.121 Safari/537.36"
::1 - - [25/Sep/2020:18:50:27 +0000] "GET /api/v1/friendship/fetch_user_friends HTTP/1.1" 304 - "http://localhost:3000/" "Mozilla/5.0 (Windows NT 10.0; Win64; x64) AppleWebKit/537.36 (KHTML, like Gecko) Chrome/85.0.4183.121 Safari/537.36"
::1 - - [25/Sep/2020:18:50:32 +0000] "GET /api/v1/user/search?text=l HTTP/1.1" 404 157 "http://localhost:3000/" "Mozilla/5.0 (Windows NT 10.0; Win64; x64) AppleWebKit/537.36 (KHTML, like Gecko) Chrome/85.0.4183.121 Safari/537.36"
::1 - - [25/Sep/2020:18:57:53 +0000] "GET /api/v1/posts?page=1&limit=5 HTTP/1.1" 304 - "http://localhost:3000/" "Mozilla/5.0 (Windows NT 10.0; Win64; x64) AppleWebKit/537.36 (KHTML, like Gecko) Chrome/85.0.4183.121 Safari/537.36"
::1 - - [25/Sep/2020:18:57:53 +0000] "GET /api/v1/friendship/fetch_user_friends HTTP/1.1" 304 - "http://localhost:3000/" "Mozilla/5.0 (Windows NT 10.0; Win64; x64) AppleWebKit/537.36 (KHTML, like Gecko) Chrome/85.0.4183.121 Safari/537.36"
::1 - - [25/Sep/2020:18:58:00 +0000] "GET /api/v1/user/search?text=h HTTP/1.1" 404 157 "http://localhost:3000/" "Mozilla/5.0 (Windows NT 10.0; Win64; x64) AppleWebKit/537.36 (KHTML, like Gecko) Chrome/85.0.4183.121 Safari/537.36"
::1 - - [25/Sep/2020:18:58:13 +0000] "POST /api/v1/user/search?text=%27l%27 HTTP/1.1" 500 35 "-" "PostmanRuntime/7.26.5"
::1 - - [25/Sep/2020:19:00:05 +0000] "POST /api/v1/user/search?text=%27l%27 HTTP/1.1" 200 40 "-" "PostmanRuntime/7.26.5"
::1 - - [25/Sep/2020:19:00:20 +0000] "GET /api/v1/user/search?text= HTTP/1.1" 404 157 "http://localhost:3000/" "Mozilla/5.0 (Windows NT 10.0; Win64; x64) AppleWebKit/537.36 (KHTML, like Gecko) Chrome/85.0.4183.121 Safari/537.36"
::1 - - [25/Sep/2020:19:00:21 +0000] "GET /api/v1/user/search?text=l HTTP/1.1" 404 157 "http://localhost:3000/" "Mozilla/5.0 (Windows NT 10.0; Win64; x64) AppleWebKit/537.36 (KHTML, like Gecko) Chrome/85.0.4183.121 Safari/537.36"
::1 - - [25/Sep/2020:19:00:23 +0000] "GET /api/v1/user/search?text=ll HTTP/1.1" 404 157 "http://localhost:3000/" "Mozilla/5.0 (Windows NT 10.0; Win64; x64) AppleWebKit/537.36 (KHTML, like Gecko) Chrome/85.0.4183.121 Safari/537.36"
::1 - - [25/Sep/2020:19:00:27 +0000] "GET /api/v1/user/search?text=lll HTTP/1.1" 404 157 "http://localhost:3000/" "Mozilla/5.0 (Windows NT 10.0; Win64; x64) AppleWebKit/537.36 (KHTML, like Gecko) Chrome/85.0.4183.121 Safari/537.36"
::1 - - [25/Sep/2020:19:00:46 +0000] "GET /api/v1/user/search?text=ll HTTP/1.1" 404 157 "http://localhost:3000/" "Mozilla/5.0 (Windows NT 10.0; Win64; x64) AppleWebKit/537.36 (KHTML, like Gecko) Chrome/85.0.4183.121 Safari/537.36"
::1 - - [25/Sep/2020:19:00:46 +0000] "GET /api/v1/user/search?text=l HTTP/1.1" 404 157 "http://localhost:3000/" "Mozilla/5.0 (Windows NT 10.0; Win64; x64) AppleWebKit/537.36 (KHTML, like Gecko) Chrome/85.0.4183.121 Safari/537.36"
::1 - - [25/Sep/2020:19:00:47 +0000] "GET /api/v1/user/search?text= HTTP/1.1" 404 157 "http://localhost:3000/" "Mozilla/5.0 (Windows NT 10.0; Win64; x64) AppleWebKit/537.36 (KHTML, like Gecko) Chrome/85.0.4183.121 Safari/537.36"
::1 - - [25/Sep/2020:19:01:16 +0000] "GET /api/v1/user/fetch/5f6a417aeff5af20d863ade6 HTTP/1.1" 200 124 "http://localhost:3000/" "Mozilla/5.0 (Windows NT 10.0; Win64; x64) AppleWebKit/537.36 (KHTML, like Gecko) Chrome/85.0.4183.121 Safari/537.36"
::1 - - [25/Sep/2020:19:01:20 +0000] "POST /api/v1/friendship/create_friendship?user_id=5f6a417aeff5af20d863ade6&curr_user=5f6e39719cd0f0438cee0924 HTTP/1.1" 200 251 "http://localhost:3000/" "Mozilla/5.0 (Windows NT 10.0; Win64; x64) AppleWebKit/537.36 (KHTML, like Gecko) Chrome/85.0.4183.121 Safari/537.36"
::1 - - [25/Sep/2020:19:01:25 +0000] "GET /api/v1/user/fetch/5f6a417aeff5af20d863ade6 HTTP/1.1" 304 - "http://localhost:3000/" "Mozilla/5.0 (Windows NT 10.0; Win64; x64) AppleWebKit/537.36 (KHTML, like Gecko) Chrome/85.0.4183.121 Safari/537.36"
::1 - - [25/Sep/2020:19:01:32 +0000] "GET /api/v1/friendship/fetch_user_friends HTTP/1.1" 200 327 "http://localhost:3000/" "Mozilla/5.0 (Windows NT 10.0; Win64; x64) AppleWebKit/537.36 (KHTML, like Gecko) Chrome/85.0.4183.121 Safari/537.36"
::1 - - [25/Sep/2020:19:01:32 +0000] "GET /api/v1/posts?page=1&limit=5 HTTP/1.1" 200 2285 "http://localhost:3000/" "Mozilla/5.0 (Windows NT 10.0; Win64; x64) AppleWebKit/537.36 (KHTML, like Gecko) Chrome/85.0.4183.121 Safari/537.36"
::1 - - [25/Sep/2020:19:01:32 +0000] "GET /api/v1/user/fetch/5f6a417aeff5af20d863ade6 HTTP/1.1" 304 - "http://localhost:3000/" "Mozilla/5.0 (Windows NT 10.0; Win64; x64) AppleWebKit/537.36 (KHTML, like Gecko) Chrome/85.0.4183.121 Safari/537.36"
::1 - - [25/Sep/2020:19:02:10 +0000] "GET /api/v1/user/search?text=d HTTP/1.1" 404 157 "http://localhost:3000/" "Mozilla/5.0 (Windows NT 10.0; Win64; x64) AppleWebKit/537.36 (KHTML, like Gecko) Chrome/85.0.4183.121 Safari/537.36"
::1 - - [25/Sep/2020:19:03:21 +0000] "POST /api/v1/user/search?text=%27l%27 HTTP/1.1" 200 40 "-" "PostmanRuntime/7.26.5"
::1 - - [25/Sep/2020:19:04:05 +0000] "POST /api/v1/user/search?text=%27l%27 HTTP/1.1" 500 35 "-" "PostmanRuntime/7.26.5"
::1 - - [25/Sep/2020:19:05:51 +0000] "POST /api/v1/user/search?text=%27l%27 HTTP/1.1" 200 40 "-" "PostmanRuntime/7.26.5"
::1 - - [25/Sep/2020:19:06:28 +0000] "POST /api/v1/user/search?text=%27l%27 HTTP/1.1" 200 40 "-" "PostmanRuntime/7.26.5"
::1 - - [25/Sep/2020:19:06:33 +0000] "GET /api/v1/posts?page=1&limit=5 HTTP/1.1" 304 - "http://localhost:3000/" "Mozilla/5.0 (Windows NT 10.0; Win64; x64) AppleWebKit/537.36 (KHTML, like Gecko) Chrome/85.0.4183.121 Safari/537.36"
::1 - - [25/Sep/2020:19:06:33 +0000] "GET /api/v1/friendship/fetch_user_friends HTTP/1.1" 304 - "http://localhost:3000/" "Mozilla/5.0 (Windows NT 10.0; Win64; x64) AppleWebKit/537.36 (KHTML, like Gecko) Chrome/85.0.4183.121 Safari/537.36"
::1 - - [25/Sep/2020:19:06:52 +0000] "POST /api/v1/user/search?text=%27a%27 HTTP/1.1" 200 40 "-" "PostmanRuntime/7.26.5"
::1 - - [25/Sep/2020:19:07:33 +0000] "POST /api/v1/user/search?text=%27a%27 HTTP/1.1" 200 40 "-" "PostmanRuntime/7.26.5"
::1 - - [25/Sep/2020:19:08:25 +0000] "POST /api/v1/user/search?text=%27a%27 HTTP/1.1" 200 40 "-" "PostmanRuntime/7.26.5"
::1 - - [25/Sep/2020:19:09:23 +0000] "POST /api/v1/user/search?text=%27a%27 HTTP/1.1" 200 36 "-" "PostmanRuntime/7.26.5"
::1 - - [25/Sep/2020:19:10:06 +0000] "POST /api/v1/user/search?text=%27a%27 HTTP/1.1" 200 36 "-" "PostmanRuntime/7.26.5"
::1 - - [25/Sep/2020:19:10:10 +0000] "POST /api/v1/user/search?text=%27a%27 HTTP/1.1" 200 36 "-" "PostmanRuntime/7.26.5"
::1 - - [25/Sep/2020:19:10:11 +0000] "POST /api/v1/user/search?text=%27a%27 HTTP/1.1" 200 36 "-" "PostmanRuntime/7.26.5"
::1 - - [25/Sep/2020:19:11:14 +0000] "POST /api/v1/user/search?text=%27a%27 HTTP/1.1" 200 36 "-" "PostmanRuntime/7.26.5"
::1 - - [25/Sep/2020:19:11:52 +0000] "POST /api/v1/user/search?text=%27a%27 HTTP/1.1" 200 36 "-" "PostmanRuntime/7.26.5"
::1 - - [25/Sep/2020:19:17:29 +0000] "POST /api/v1/user/search?text=%27a%27 HTTP/1.1" 200 36 "-" "PostmanRuntime/7.26.5"
::ffff:127.0.0.1 - - [25/Sep/2020:19:17:59 +0000] "POST /api/v1/user/search?text=%27a%27 HTTP/1.1" 200 36 "-" "PostmanRuntime/7.26.5"
::1 - - [25/Sep/2020:19:18:17 +0000] "GET /api/v1/posts?page=1&limit=5 HTTP/1.1" 304 - "http://localhost:3000/" "Mozilla/5.0 (Windows NT 10.0; Win64; x64) AppleWebKit/537.36 (KHTML, like Gecko) Chrome/85.0.4183.121 Safari/537.36"
::1 - - [25/Sep/2020:19:18:17 +0000] "GET /api/v1/friendship/fetch_user_friends HTTP/1.1" 304 - "http://localhost:3000/" "Mozilla/5.0 (Windows NT 10.0; Win64; x64) AppleWebKit/537.36 (KHTML, like Gecko) Chrome/85.0.4183.121 Safari/537.36"
::1 - - [25/Sep/2020:19:18:32 +0000] "POST /api/v1/user/search?text=a HTTP/1.1" 200 36 "-" "PostmanRuntime/7.26.5"
::1 - - [25/Sep/2020:19:18:35 +0000] "POST /api/v1/user/search?text=a HTTP/1.1" 200 36 "-" "PostmanRuntime/7.26.5"
::1 - - [25/Sep/2020:19:22:51 +0000] "POST /api/v1/user/search?text=a HTTP/1.1" 200 36 "-" "PostmanRuntime/7.26.5"
::1 - - [25/Sep/2020:19:23:32 +0000] "POST /api/v1/user/search?text=a HTTP/1.1" 200 294 "-" "PostmanRuntime/7.26.5"
::1 - - [25/Sep/2020:19:23:34 +0000] "POST /api/v1/user/search?text=a HTTP/1.1" 200 294 "-" "PostmanRuntime/7.26.5"
::1 - - [25/Sep/2020:19:25:03 +0000] "POST /api/v1/user/search?text=a HTTP/1.1" 500 35 "-" "PostmanRuntime/7.26.5"
::1 - - [25/Sep/2020:19:27:41 +0000] "POST /api/v1/user/search?text=a HTTP/1.1" 200 95 "-" "PostmanRuntime/7.26.5"
::1 - - [25/Sep/2020:19:27:59 +0000] "GET /api/v1/posts?page=1&limit=5 HTTP/1.1" 304 - "http://localhost:3000/" "Mozilla/5.0 (Windows NT 10.0; Win64; x64) AppleWebKit/537.36 (KHTML, like Gecko) Chrome/85.0.4183.121 Safari/537.36"
::1 - - [25/Sep/2020:19:27:59 +0000] "GET /api/v1/friendship/fetch_user_friends HTTP/1.1" 304 - "http://localhost:3000/" "Mozilla/5.0 (Windows NT 10.0; Win64; x64) AppleWebKit/537.36 (KHTML, like Gecko) Chrome/85.0.4183.121 Safari/537.36"
::1 - - [25/Sep/2020:19:28:42 +0000] "GET /api/v1/user/search?text=s HTTP/1.1" 404 157 "http://localhost:3000/" "Mozilla/5.0 (Windows NT 10.0; Win64; x64) AppleWebKit/537.36 (KHTML, like Gecko) Chrome/85.0.4183.121 Safari/537.36"
::1 - - [25/Sep/2020:19:30:57 +0000] "GET /api/v1/posts?page=1&limit=5 HTTP/1.1" 304 - "http://localhost:3000/" "Mozilla/5.0 (Windows NT 10.0; Win64; x64) AppleWebKit/537.36 (KHTML, like Gecko) Chrome/85.0.4183.121 Safari/537.36"
::1 - - [25/Sep/2020:19:30:57 +0000] "GET /api/v1/friendship/fetch_user_friends HTTP/1.1" 304 - "http://localhost:3000/" "Mozilla/5.0 (Windows NT 10.0; Win64; x64) AppleWebKit/537.36 (KHTML, like Gecko) Chrome/85.0.4183.121 Safari/537.36"
::1 - - [25/Sep/2020:19:31:01 +0000] "GET /api/v1/user/search?text=k HTTP/1.1" 404 157 "http://localhost:3000/" "Mozilla/5.0 (Windows NT 10.0; Win64; x64) AppleWebKit/537.36 (KHTML, like Gecko) Chrome/85.0.4183.121 Safari/537.36"
::1 - - [25/Sep/2020:19:31:04 +0000] "GET /api/v1/user/search?text=kk HTTP/1.1" 404 157 "http://localhost:3000/" "Mozilla/5.0 (Windows NT 10.0; Win64; x64) AppleWebKit/537.36 (KHTML, like Gecko) Chrome/85.0.4183.121 Safari/537.36"
::1 - - [25/Sep/2020:19:31:10 +0000] "GET /api/v1/user/search?text=k HTTP/1.1" 404 157 "http://localhost:3000/" "Mozilla/5.0 (Windows NT 10.0; Win64; x64) AppleWebKit/537.36 (KHTML, like Gecko) Chrome/85.0.4183.121 Safari/537.36"
::1 - - [25/Sep/2020:19:31:11 +0000] "GET /api/v1/user/search?text= HTTP/1.1" 404 157 "http://localhost:3000/" "Mozilla/5.0 (Windows NT 10.0; Win64; x64) AppleWebKit/537.36 (KHTML, like Gecko) Chrome/85.0.4183.121 Safari/537.36"
::1 - - [25/Sep/2020:19:31:20 +0000] "POST /api/v1/user/search?text=a HTTP/1.1" 200 95 "-" "PostmanRuntime/7.26.5"
::1 - - [25/Sep/2020:19:32:13 +0000] "POST /api/v1/user/search?text=an HTTP/1.1" 200 36 "-" "PostmanRuntime/7.26.5"
::1 - - [25/Sep/2020:19:32:24 +0000] "POST /api/v1/user/search?text=%27an%27 HTTP/1.1" 200 36 "-" "PostmanRuntime/7.26.5"
::1 - - [25/Sep/2020:19:33:49 +0000] "POST /api/v1/user/search?text=%27an%27 HTTP/1.1" 200 36 "-" "PostmanRuntime/7.26.5"
::1 - - [25/Sep/2020:19:33:57 +0000] "POST /api/v1/user/search?text=an HTTP/1.1" 200 36 "-" "PostmanRuntime/7.26.5"
::1 - - [25/Sep/2020:19:33:58 +0000] "POST /api/v1/user/search?text=an HTTP/1.1" 200 36 "-" "PostmanRuntime/7.26.5"
::1 - - [25/Sep/2020:19:33:59 +0000] "POST /api/v1/user/search?text=an HTTP/1.1" 200 36 "-" "PostmanRuntime/7.26.5"
::1 - - [25/Sep/2020:19:34:19 +0000] "POST /api/v1/user/search?text=an HTTP/1.1" 200 36 "-" "PostmanRuntime/7.26.5"
::1 - - [25/Sep/2020:19:34:20 +0000] "POST /api/v1/user/search?text=an HTTP/1.1" 200 36 "-" "PostmanRuntime/7.26.5"
::1 - - [25/Sep/2020:19:34:22 +0000] "POST /api/v1/user/search?text=an HTTP/1.1" 200 36 "-" "PostmanRuntime/7.26.5"
::1 - - [25/Sep/2020:19:34:23 +0000] "POST /api/v1/user/search?text=an HTTP/1.1" 200 36 "-" "PostmanRuntime/7.26.5"
::1 - - [25/Sep/2020:19:35:00 +0000] "POST /api/v1/user/search?text=an HTTP/1.1" 200 36 "-" "PostmanRuntime/7.26.5"
::1 - - [25/Sep/2020:19:35:01 +0000] "POST /api/v1/user/search?text=an HTTP/1.1" 200 36 "-" "PostmanRuntime/7.26.5"
::1 - - [25/Sep/2020:19:35:03 +0000] "POST /api/v1/user/search?text=an HTTP/1.1" 200 36 "-" "PostmanRuntime/7.26.5"
::1 - - [25/Sep/2020:19:37:12 +0000] "POST /api/v1/user/search?text=an HTTP/1.1" 200 95 "-" "PostmanRuntime/7.26.5"
::1 - - [25/Sep/2020:19:47:12 +0000] "POST /api/v1/user/search?text=an HTTP/1.1" 200 36 "-" "PostmanRuntime/7.26.5"
::1 - - [25/Sep/2020:19:47:44 +0000] "POST /api/v1/user/search?text=an HTTP/1.1" 200 36 "-" "PostmanRuntime/7.26.5"
::1 - - [25/Sep/2020:19:47:47 +0000] "POST /api/v1/user/search?text=an HTTP/1.1" 200 36 "-" "PostmanRuntime/7.26.5"
::1 - - [25/Sep/2020:19:48:24 +0000] "POST /api/v1/user/search?text=an HTTP/1.1" 200 36 "-" "PostmanRuntime/7.26.5"
::1 - - [25/Sep/2020:19:48:25 +0000] "POST /api/v1/user/search?text=an HTTP/1.1" 200 36 "-" "PostmanRuntime/7.26.5"
::1 - - [25/Sep/2020:19:49:05 +0000] "POST /api/v1/user/search?text=an HTTP/1.1" 200 36 "-" "PostmanRuntime/7.26.5"
::1 - - [25/Sep/2020:19:49:07 +0000] "POST /api/v1/user/search?text=an HTTP/1.1" 200 36 "-" "PostmanRuntime/7.26.5"
::1 - - [25/Sep/2020:19:49:31 +0000] "POST /api/v1/user/search?text=an HTTP/1.1" 200 36 "-" "PostmanRuntime/7.26.5"
