::1 - - [12/Apr/2020:05:05:18 +0000] "GET / HTTP/1.1" 200 2604 "-" "Mozilla/5.0 (Windows NT 10.0; Win64; x64) AppleWebKit/537.36 (KHTML, like Gecko) Chrome/80.0.3987.163 Safari/537.36"
::1 - - [12/Apr/2020:05:05:27 +0000] "GET /users/signin HTTP/1.1" 304 - "http://localhost:7000/" "Mozilla/5.0 (Windows NT 10.0; Win64; x64) AppleWebKit/537.36 (KHTML, like Gecko) Chrome/80.0.3987.163 Safari/537.36"
::1 - - [12/Apr/2020:05:05:36 +0000] "POST /users/create-session HTTP/1.1" 302 68 "http://localhost:7000/users/signin" "Mozilla/5.0 (Windows NT 10.0; Win64; x64) AppleWebKit/537.36 (KHTML, like Gecko) Chrome/80.0.3987.163 Safari/537.36"
::1 - - [12/Apr/2020:05:05:36 +0000] "GET /user/signin HTTP/1.1" 404 150 "http://localhost:7000/users/signin" "Mozilla/5.0 (Windows NT 10.0; Win64; x64) AppleWebKit/537.36 (KHTML, like Gecko) Chrome/80.0.3987.163 Safari/537.36"
::1 - - [12/Apr/2020:05:05:50 +0000] "POST /users/create-session HTTP/1.1" 302 68 "http://localhost:7000/users/signin" "Mozilla/5.0 (Windows NT 10.0; Win64; x64) AppleWebKit/537.36 (KHTML, like Gecko) Chrome/80.0.3987.163 Safari/537.36"
::1 - - [12/Apr/2020:05:06:07 +0000] "GET /users/signin HTTP/1.1" 200 2218 "http://localhost:7000/" "Mozilla/5.0 (Windows NT 10.0; Win64; x64) AppleWebKit/537.36 (KHTML, like Gecko) Chrome/80.0.3987.163 Safari/537.36"
::1 - - [12/Apr/2020:05:06:12 +0000] "GET /users/auth/google HTTP/1.1" 302 0 "http://localhost:7000/users/signin" "Mozilla/5.0 (Windows NT 10.0; Win64; x64) AppleWebKit/537.36 (KHTML, like Gecko) Chrome/80.0.3987.163 Safari/537.36"
::1 - - [12/Apr/2020:05:06:26 +0000] "GET /users/auth/google/callback?code=4%2FygHTMbjEjx2TCvAPCE2U6duEdofjnd-vlgqfH0JBS9H_X0mmVXOs2D1Y1weVOdjdRrWNgYTGE_lCCDSafX6ck-E&scope=email+profile+https%3A%2F%2Fwww.googleapis.com%2Fauth%2Fuserinfo.profile+https%3A%2F%2Fwww.googleapis.com%2Fauth%2Fuserinfo.email+openid&authuser=0&prompt=consent HTTP/1.1" 302 46 "-" "Mozilla/5.0 (Windows NT 10.0; Win64; x64) AppleWebKit/537.36 (KHTML, like Gecko) Chrome/80.0.3987.163 Safari/537.36"
::1 - - [12/Apr/2020:05:06:27 +0000] "GET / HTTP/1.1" 200 3559 "-" "Mozilla/5.0 (Windows NT 10.0; Win64; x64) AppleWebKit/537.36 (KHTML, like Gecko) Chrome/80.0.3987.163 Safari/537.36"
::1 - - [12/Apr/2020:18:17:42 +0000] "GET / HTTP/1.1" 200 2613 "-" "Mozilla/5.0 (Windows NT 10.0; Win64; x64) AppleWebKit/537.36 (KHTML, like Gecko) Chrome/80.0.3987.163 Safari/537.36"
::1 - - [12/Apr/2020:18:17:43 +0000] "GET /css/header.css HTTP/1.1" 404 153 "http://localhost:7000/" "Mozilla/5.0 (Windows NT 10.0; Win64; x64) AppleWebKit/537.36 (KHTML, like Gecko) Chrome/80.0.3987.163 Safari/537.36"
::1 - - [12/Apr/2020:18:17:43 +0000] "GET /css/chat_box.css HTTP/1.1" 404 155 "http://localhost:7000/" "Mozilla/5.0 (Windows NT 10.0; Win64; x64) AppleWebKit/537.36 (KHTML, like Gecko) Chrome/80.0.3987.163 Safari/537.36"
::1 - - [12/Apr/2020:18:17:43 +0000] "GET /javascript/toggle_like.js HTTP/1.1" 404 164 "http://localhost:7000/" "Mozilla/5.0 (Windows NT 10.0; Win64; x64) AppleWebKit/537.36 (KHTML, like Gecko) Chrome/80.0.3987.163 Safari/537.36"
::1 - - [12/Apr/2020:18:17:43 +0000] "GET /javascript/chat_engine.js HTTP/1.1" 404 164 "http://localhost:7000/" "Mozilla/5.0 (Windows NT 10.0; Win64; x64) AppleWebKit/537.36 (KHTML, like Gecko) Chrome/80.0.3987.163 Safari/537.36"
::1 - - [12/Apr/2020:18:17:44 +0000] "GET /javascript/home_post.js HTTP/1.1" 404 162 "http://localhost:7000/" "Mozilla/5.0 (Windows NT 10.0; Win64; x64) AppleWebKit/537.36 (KHTML, like Gecko) Chrome/80.0.3987.163 Safari/537.36"
::1 - - [12/Apr/2020:18:17:44 +0000] "GET /css/home.css HTTP/1.1" 404 151 "http://localhost:7000/" "Mozilla/5.0 (Windows NT 10.0; Win64; x64) AppleWebKit/537.36 (KHTML, like Gecko) Chrome/80.0.3987.163 Safari/537.36"
::1 - - [12/Apr/2020:18:17:44 +0000] "GET /javascript/home_comment.js HTTP/1.1" 404 165 "http://localhost:7000/" "Mozilla/5.0 (Windows NT 10.0; Win64; x64) AppleWebKit/537.36 (KHTML, like Gecko) Chrome/80.0.3987.163 Safari/537.36"
::1 - - [12/Apr/2020:18:17:44 +0000] "GET /css/footer.css HTTP/1.1" 404 153 "http://localhost:7000/" "Mozilla/5.0 (Windows NT 10.0; Win64; x64) AppleWebKit/537.36 (KHTML, like Gecko) Chrome/80.0.3987.163 Safari/537.36"
::1 - - [12/Apr/2020:18:17:44 +0000] "GET /javascript/home_post.js HTTP/1.1" 404 162 "http://localhost:7000/" "Mozilla/5.0 (Windows NT 10.0; Win64; x64) AppleWebKit/537.36 (KHTML, like Gecko) Chrome/80.0.3987.163 Safari/537.36"
::1 - - [12/Apr/2020:18:17:44 +0000] "GET /javascript/toggle_like.js HTTP/1.1" 404 164 "http://localhost:7000/" "Mozilla/5.0 (Windows NT 10.0; Win64; x64) AppleWebKit/537.36 (KHTML, like Gecko) Chrome/80.0.3987.163 Safari/537.36"
::1 - - [12/Apr/2020:18:17:44 +0000] "GET /javascript/chat_engine.js HTTP/1.1" 404 164 "http://localhost:7000/" "Mozilla/5.0 (Windows NT 10.0; Win64; x64) AppleWebKit/537.36 (KHTML, like Gecko) Chrome/80.0.3987.163 Safari/537.36"
::1 - - [12/Apr/2020:18:17:44 +0000] "GET /favicon.ico HTTP/1.1" 404 150 "http://localhost:7000/" "Mozilla/5.0 (Windows NT 10.0; Win64; x64) AppleWebKit/537.36 (KHTML, like Gecko) Chrome/80.0.3987.163 Safari/537.36"
::1 - - [12/Apr/2020:18:17:59 +0000] "GET /css/header.css HTTP/1.1" 404 153 "http://localhost:7000/" "Mozilla/5.0 (Windows NT 10.0; Win64; x64) AppleWebKit/537.36 (KHTML, like Gecko) Chrome/80.0.3987.163 Safari/537.36"
::1 - - [12/Apr/2020:18:17:59 +0000] "GET /css/footer.css HTTP/1.1" 404 153 "http://localhost:7000/" "Mozilla/5.0 (Windows NT 10.0; Win64; x64) AppleWebKit/537.36 (KHTML, like Gecko) Chrome/80.0.3987.163 Safari/537.36"
::1 - - [12/Apr/2020:18:17:59 +0000] "GET /css/home.css HTTP/1.1" 404 151 "http://localhost:7000/" "Mozilla/5.0 (Windows NT 10.0; Win64; x64) AppleWebKit/537.36 (KHTML, like Gecko) Chrome/80.0.3987.163 Safari/537.36"
::1 - - [12/Apr/2020:18:17:59 +0000] "GET /css/chat_box.css HTTP/1.1" 404 155 "http://localhost:7000/" "Mozilla/5.0 (Windows NT 10.0; Win64; x64) AppleWebKit/537.36 (KHTML, like Gecko) Chrome/80.0.3987.163 Safari/537.36"
::1 - - [12/Apr/2020:18:18:39 +0000] "GET / HTTP/1.1" 304 - "-" "Mozilla/5.0 (Windows NT 10.0; Win64; x64) AppleWebKit/537.36 (KHTML, like Gecko) Chrome/80.0.3987.163 Safari/537.36"
::1 - - [12/Apr/2020:18:18:39 +0000] "GET /css/chat_box.css HTTP/1.1" 404 155 "http://localhost:7000/" "Mozilla/5.0 (Windows NT 10.0; Win64; x64) AppleWebKit/537.36 (KHTML, like Gecko) Chrome/80.0.3987.163 Safari/537.36"
::1 - - [12/Apr/2020:18:18:39 +0000] "GET /css/header.css HTTP/1.1" 404 153 "http://localhost:7000/" "Mozilla/5.0 (Windows NT 10.0; Win64; x64) AppleWebKit/537.36 (KHTML, like Gecko) Chrome/80.0.3987.163 Safari/537.36"
::1 - - [12/Apr/2020:18:18:39 +0000] "GET /css/footer.css HTTP/1.1" 404 153 "http://localhost:7000/" "Mozilla/5.0 (Windows NT 10.0; Win64; x64) AppleWebKit/537.36 (KHTML, like Gecko) Chrome/80.0.3987.163 Safari/537.36"
::1 - - [12/Apr/2020:18:18:39 +0000] "GET /css/home.css HTTP/1.1" 404 151 "http://localhost:7000/" "Mozilla/5.0 (Windows NT 10.0; Win64; x64) AppleWebKit/537.36 (KHTML, like Gecko) Chrome/80.0.3987.163 Safari/537.36"
::1 - - [12/Apr/2020:18:18:39 +0000] "GET /javascript/home_comment.js HTTP/1.1" 404 165 "http://localhost:7000/" "Mozilla/5.0 (Windows NT 10.0; Win64; x64) AppleWebKit/537.36 (KHTML, like Gecko) Chrome/80.0.3987.163 Safari/537.36"
::1 - - [12/Apr/2020:18:18:39 +0000] "GET /javascript/chat_engine.js HTTP/1.1" 404 164 "http://localhost:7000/" "Mozilla/5.0 (Windows NT 10.0; Win64; x64) AppleWebKit/537.36 (KHTML, like Gecko) Chrome/80.0.3987.163 Safari/537.36"
::1 - - [12/Apr/2020:18:18:39 +0000] "GET /javascript/home_post.js HTTP/1.1" 404 162 "http://localhost:7000/" "Mozilla/5.0 (Windows NT 10.0; Win64; x64) AppleWebKit/537.36 (KHTML, like Gecko) Chrome/80.0.3987.163 Safari/537.36"
::1 - - [12/Apr/2020:18:18:39 +0000] "GET /javascript/toggle_like.js HTTP/1.1" 404 164 "http://localhost:7000/" "Mozilla/5.0 (Windows NT 10.0; Win64; x64) AppleWebKit/537.36 (KHTML, like Gecko) Chrome/80.0.3987.163 Safari/537.36"
::1 - - [12/Apr/2020:18:18:39 +0000] "GET /css/header.css HTTP/1.1" 404 153 "http://localhost:7000/" "Mozilla/5.0 (Windows NT 10.0; Win64; x64) AppleWebKit/537.36 (KHTML, like Gecko) Chrome/80.0.3987.163 Safari/537.36"
::1 - - [12/Apr/2020:18:18:39 +0000] "GET /css/footer.css HTTP/1.1" 404 153 "http://localhost:7000/" "Mozilla/5.0 (Windows NT 10.0; Win64; x64) AppleWebKit/537.36 (KHTML, like Gecko) Chrome/80.0.3987.163 Safari/537.36"
::1 - - [12/Apr/2020:18:18:39 +0000] "GET /css/chat_box.css HTTP/1.1" 404 155 "http://localhost:7000/" "Mozilla/5.0 (Windows NT 10.0; Win64; x64) AppleWebKit/537.36 (KHTML, like Gecko) Chrome/80.0.3987.163 Safari/537.36"
::1 - - [12/Apr/2020:18:18:39 +0000] "GET /javascript/home_comment.js HTTP/1.1" 404 165 "http://localhost:7000/" "Mozilla/5.0 (Windows NT 10.0; Win64; x64) AppleWebKit/537.36 (KHTML, like Gecko) Chrome/80.0.3987.163 Safari/537.36"
::1 - - [12/Apr/2020:18:18:39 +0000] "GET /javascript/home_post.js HTTP/1.1" 404 162 "http://localhost:7000/" "Mozilla/5.0 (Windows NT 10.0; Win64; x64) AppleWebKit/537.36 (KHTML, like Gecko) Chrome/80.0.3987.163 Safari/537.36"
::1 - - [12/Apr/2020:18:18:39 +0000] "GET /javascript/toggle_like.js HTTP/1.1" 404 164 "http://localhost:7000/" "Mozilla/5.0 (Windows NT 10.0; Win64; x64) AppleWebKit/537.36 (KHTML, like Gecko) Chrome/80.0.3987.163 Safari/537.36"
::1 - - [12/Apr/2020:18:18:39 +0000] "GET /javascript/chat_engine.js HTTP/1.1" 404 164 "http://localhost:7000/" "Mozilla/5.0 (Windows NT 10.0; Win64; x64) AppleWebKit/537.36 (KHTML, like Gecko) Chrome/80.0.3987.163 Safari/537.36"
::1 - - [12/Apr/2020:18:18:44 +0000] "GET / HTTP/1.1" 304 - "-" "Mozilla/5.0 (Windows NT 10.0; Win64; x64) AppleWebKit/537.36 (KHTML, like Gecko) Chrome/80.0.3987.163 Safari/537.36"
::1 - - [12/Apr/2020:18:18:44 +0000] "GET /css/header.css HTTP/1.1" 404 153 "http://localhost:7000/" "Mozilla/5.0 (Windows NT 10.0; Win64; x64) AppleWebKit/537.36 (KHTML, like Gecko) Chrome/80.0.3987.163 Safari/537.36"
::1 - - [12/Apr/2020:18:18:44 +0000] "GET /css/footer.css HTTP/1.1" 404 153 "http://localhost:7000/" "Mozilla/5.0 (Windows NT 10.0; Win64; x64) AppleWebKit/537.36 (KHTML, like Gecko) Chrome/80.0.3987.163 Safari/537.36"
::1 - - [12/Apr/2020:18:18:44 +0000] "GET /css/chat_box.css HTTP/1.1" 404 155 "http://localhost:7000/" "Mozilla/5.0 (Windows NT 10.0; Win64; x64) AppleWebKit/537.36 (KHTML, like Gecko) Chrome/80.0.3987.163 Safari/537.36"
::1 - - [12/Apr/2020:18:18:44 +0000] "GET /javascript/home_comment.js HTTP/1.1" 404 165 "http://localhost:7000/" "Mozilla/5.0 (Windows NT 10.0; Win64; x64) AppleWebKit/537.36 (KHTML, like Gecko) Chrome/80.0.3987.163 Safari/537.36"
::1 - - [12/Apr/2020:18:18:44 +0000] "GET /css/home.css HTTP/1.1" 404 151 "http://localhost:7000/" "Mozilla/5.0 (Windows NT 10.0; Win64; x64) AppleWebKit/537.36 (KHTML, like Gecko) Chrome/80.0.3987.163 Safari/537.36"
::1 - - [12/Apr/2020:18:18:44 +0000] "GET /javascript/home_post.js HTTP/1.1" 404 162 "http://localhost:7000/" "Mozilla/5.0 (Windows NT 10.0; Win64; x64) AppleWebKit/537.36 (KHTML, like Gecko) Chrome/80.0.3987.163 Safari/537.36"
::1 - - [12/Apr/2020:18:18:44 +0000] "GET /javascript/toggle_like.js HTTP/1.1" 404 164 "http://localhost:7000/" "Mozilla/5.0 (Windows NT 10.0; Win64; x64) AppleWebKit/537.36 (KHTML, like Gecko) Chrome/80.0.3987.163 Safari/537.36"
::1 - - [12/Apr/2020:18:18:44 +0000] "GET /javascript/chat_engine.js HTTP/1.1" 404 164 "http://localhost:7000/" "Mozilla/5.0 (Windows NT 10.0; Win64; x64) AppleWebKit/537.36 (KHTML, like Gecko) Chrome/80.0.3987.163 Safari/537.36"
::1 - - [12/Apr/2020:18:18:45 +0000] "GET /css/header.css HTTP/1.1" 404 153 "http://localhost:7000/" "Mozilla/5.0 (Windows NT 10.0; Win64; x64) AppleWebKit/537.36 (KHTML, like Gecko) Chrome/80.0.3987.163 Safari/537.36"
::1 - - [12/Apr/2020:18:18:45 +0000] "GET /css/footer.css HTTP/1.1" 404 153 "http://localhost:7000/" "Mozilla/5.0 (Windows NT 10.0; Win64; x64) AppleWebKit/537.36 (KHTML, like Gecko) Chrome/80.0.3987.163 Safari/537.36"
::1 - - [12/Apr/2020:18:18:45 +0000] "GET /css/home.css HTTP/1.1" 404 151 "http://localhost:7000/" "Mozilla/5.0 (Windows NT 10.0; Win64; x64) AppleWebKit/537.36 (KHTML, like Gecko) Chrome/80.0.3987.163 Safari/537.36"
::1 - - [12/Apr/2020:18:18:45 +0000] "GET /css/chat_box.css HTTP/1.1" 404 155 "http://localhost:7000/" "Mozilla/5.0 (Windows NT 10.0; Win64; x64) AppleWebKit/537.36 (KHTML, like Gecko) Chrome/80.0.3987.163 Safari/537.36"
::1 - - [12/Apr/2020:18:18:45 +0000] "GET /javascript/home_comment.js HTTP/1.1" 404 165 "http://localhost:7000/" "Mozilla/5.0 (Windows NT 10.0; Win64; x64) AppleWebKit/537.36 (KHTML, like Gecko) Chrome/80.0.3987.163 Safari/537.36"
::1 - - [12/Apr/2020:18:18:45 +0000] "GET /javascript/home_post.js HTTP/1.1" 404 162 "http://localhost:7000/" "Mozilla/5.0 (Windows NT 10.0; Win64; x64) AppleWebKit/537.36 (KHTML, like Gecko) Chrome/80.0.3987.163 Safari/537.36"
::1 - - [12/Apr/2020:18:18:45 +0000] "GET /javascript/toggle_like.js HTTP/1.1" 404 164 "http://localhost:7000/" "Mozilla/5.0 (Windows NT 10.0; Win64; x64) AppleWebKit/537.36 (KHTML, like Gecko) Chrome/80.0.3987.163 Safari/537.36"
::1 - - [12/Apr/2020:18:18:45 +0000] "GET /javascript/chat_engine.js HTTP/1.1" 404 164 "http://localhost:7000/" "Mozilla/5.0 (Windows NT 10.0; Win64; x64) AppleWebKit/537.36 (KHTML, like Gecko) Chrome/80.0.3987.163 Safari/537.36"
[0mGET / [32m200[0m 1108.120 ms - 4193[0m
::1 - - [12/Apr/2020:18:24:13 +0000] "GET / HTTP/1.1" 500 1690 "-" "Mozilla/5.0 (Windows NT 10.0; Win64; x64) AppleWebKit/537.36 (KHTML, like Gecko) Chrome/80.0.3987.163 Safari/537.36"
::1 - - [12/Apr/2020:18:24:30 +0000] "GET / HTTP/1.1" 200 2635 "-" "Mozilla/5.0 (Windows NT 10.0; Win64; x64) AppleWebKit/537.36 (KHTML, like Gecko) Chrome/80.0.3987.163 Safari/537.36"
::1 - - [12/Apr/2020:18:24:30 +0000] "GET /css/home.css HTTP/1.1" 404 151 "http://localhost:7000/" "Mozilla/5.0 (Windows NT 10.0; Win64; x64) AppleWebKit/537.36 (KHTML, like Gecko) Chrome/80.0.3987.163 Safari/537.36"
::1 - - [12/Apr/2020:18:24:30 +0000] "GET /css/chat_box.css HTTP/1.1" 404 155 "http://localhost:7000/" "Mozilla/5.0 (Windows NT 10.0; Win64; x64) AppleWebKit/537.36 (KHTML, like Gecko) Chrome/80.0.3987.163 Safari/537.36"
::1 - - [12/Apr/2020:18:24:30 +0000] "GET /javascript/home_comment.js HTTP/1.1" 404 165 "http://localhost:7000/" "Mozilla/5.0 (Windows NT 10.0; Win64; x64) AppleWebKit/537.36 (KHTML, like Gecko) Chrome/80.0.3987.163 Safari/537.36"
::1 - - [12/Apr/2020:18:24:30 +0000] "GET /javascript/home_post.js HTTP/1.1" 404 162 "http://localhost:7000/" "Mozilla/5.0 (Windows NT 10.0; Win64; x64) AppleWebKit/537.36 (KHTML, like Gecko) Chrome/80.0.3987.163 Safari/537.36"
::1 - - [12/Apr/2020:18:24:30 +0000] "GET /javascript/toggle_like.js HTTP/1.1" 404 164 "http://localhost:7000/" "Mozilla/5.0 (Windows NT 10.0; Win64; x64) AppleWebKit/537.36 (KHTML, like Gecko) Chrome/80.0.3987.163 Safari/537.36"
::1 - - [12/Apr/2020:18:24:30 +0000] "GET /javascript/chat_engine.js HTTP/1.1" 404 164 "http://localhost:7000/" "Mozilla/5.0 (Windows NT 10.0; Win64; x64) AppleWebKit/537.36 (KHTML, like Gecko) Chrome/80.0.3987.163 Safari/537.36"
::1 - - [12/Apr/2020:18:24:30 +0000] "GET /javascript/home_post.js HTTP/1.1" 404 162 "http://localhost:7000/" "Mozilla/5.0 (Windows NT 10.0; Win64; x64) AppleWebKit/537.36 (KHTML, like Gecko) Chrome/80.0.3987.163 Safari/537.36"
::1 - - [12/Apr/2020:18:24:30 +0000] "GET /javascript/toggle_like.js HTTP/1.1" 404 164 "http://localhost:7000/" "Mozilla/5.0 (Windows NT 10.0; Win64; x64) AppleWebKit/537.36 (KHTML, like Gecko) Chrome/80.0.3987.163 Safari/537.36"
::1 - - [12/Apr/2020:18:24:30 +0000] "GET /javascript/chat_engine.js HTTP/1.1" 404 164 "http://localhost:7000/" "Mozilla/5.0 (Windows NT 10.0; Win64; x64) AppleWebKit/537.36 (KHTML, like Gecko) Chrome/80.0.3987.163 Safari/537.36"
::1 - - [13/Apr/2020:04:59:37 +0000] "GET / HTTP/1.1" 200 2646 "-" "Mozilla/5.0 (Windows NT 10.0; Win64; x64) AppleWebKit/537.36 (KHTML, like Gecko) Chrome/80.0.3987.163 Safari/537.36"
::1 - - [13/Apr/2020:04:59:40 +0000] "GET /javascript/toggle_like.js HTTP/1.1" 404 164 "http://localhost:7000/" "Mozilla/5.0 (Windows NT 10.0; Win64; x64) AppleWebKit/537.36 (KHTML, like Gecko) Chrome/80.0.3987.163 Safari/537.36"
::1 - - [13/Apr/2020:04:59:40 +0000] "GET /javascript/chat_engine.js HTTP/1.1" 404 164 "http://localhost:7000/" "Mozilla/5.0 (Windows NT 10.0; Win64; x64) AppleWebKit/537.36 (KHTML, like Gecko) Chrome/80.0.3987.163 Safari/537.36"
::1 - - [13/Apr/2020:04:59:40 +0000] "GET /javascript/home_post.js HTTP/1.1" 404 162 "http://localhost:7000/" "Mozilla/5.0 (Windows NT 10.0; Win64; x64) AppleWebKit/537.36 (KHTML, like Gecko) Chrome/80.0.3987.163 Safari/537.36"
::1 - - [13/Apr/2020:04:59:41 +0000] "GET /css/chat_box.css HTTP/1.1" 404 155 "http://localhost:7000/" "Mozilla/5.0 (Windows NT 10.0; Win64; x64) AppleWebKit/537.36 (KHTML, like Gecko) Chrome/80.0.3987.163 Safari/537.36"
::1 - - [13/Apr/2020:04:59:41 +0000] "GET /css/home.css HTTP/1.1" 404 151 "http://localhost:7000/" "Mozilla/5.0 (Windows NT 10.0; Win64; x64) AppleWebKit/537.36 (KHTML, like Gecko) Chrome/80.0.3987.163 Safari/537.36"
::1 - - [13/Apr/2020:04:59:42 +0000] "GET /css/home.css HTTP/1.1" 404 151 "http://localhost:7000/" "Mozilla/5.0 (Windows NT 10.0; Win64; x64) AppleWebKit/537.36 (KHTML, like Gecko) Chrome/80.0.3987.163 Safari/537.36"
::1 - - [13/Apr/2020:04:59:42 +0000] "GET /css/chat_box.css HTTP/1.1" 404 155 "http://localhost:7000/" "Mozilla/5.0 (Windows NT 10.0; Win64; x64) AppleWebKit/537.36 (KHTML, like Gecko) Chrome/80.0.3987.163 Safari/537.36"
::1 - - [13/Apr/2020:04:59:42 +0000] "GET /javascript/home_post.js HTTP/1.1" 404 162 "http://localhost:7000/" "Mozilla/5.0 (Windows NT 10.0; Win64; x64) AppleWebKit/537.36 (KHTML, like Gecko) Chrome/80.0.3987.163 Safari/537.36"
::1 - - [13/Apr/2020:04:59:42 +0000] "GET /javascript/toggle_like.js HTTP/1.1" 404 164 "http://localhost:7000/" "Mozilla/5.0 (Windows NT 10.0; Win64; x64) AppleWebKit/537.36 (KHTML, like Gecko) Chrome/80.0.3987.163 Safari/537.36"
::1 - - [13/Apr/2020:04:59:43 +0000] "GET /javascript/chat_engine.js HTTP/1.1" 404 164 "http://localhost:7000/" "Mozilla/5.0 (Windows NT 10.0; Win64; x64) AppleWebKit/537.36 (KHTML, like Gecko) Chrome/80.0.3987.163 Safari/537.36"
::1 - - [13/Apr/2020:04:59:43 +0000] "GET /favicon.ico HTTP/1.1" 404 150 "http://localhost:7000/" "Mozilla/5.0 (Windows NT 10.0; Win64; x64) AppleWebKit/537.36 (KHTML, like Gecko) Chrome/80.0.3987.163 Safari/537.36"
::1 - - [13/Apr/2020:04:59:48 +0000] "GET /users/profile/5e9099fa39885c3f8466d14e HTTP/1.1" 302 70 "http://localhost:7000/" "Mozilla/5.0 (Windows NT 10.0; Win64; x64) AppleWebKit/537.36 (KHTML, like Gecko) Chrome/80.0.3987.163 Safari/537.36"
::1 - - [13/Apr/2020:04:59:48 +0000] "GET /users/signin HTTP/1.1" 200 1984 "http://localhost:7000/" "Mozilla/5.0 (Windows NT 10.0; Win64; x64) AppleWebKit/537.36 (KHTML, like Gecko) Chrome/80.0.3987.163 Safari/537.36"
::1 - - [13/Apr/2020:04:59:57 +0000] "GET /users/auth/google HTTP/1.1" 302 0 "http://localhost:7000/users/signin" "Mozilla/5.0 (Windows NT 10.0; Win64; x64) AppleWebKit/537.36 (KHTML, like Gecko) Chrome/80.0.3987.163 Safari/537.36"
::1 - - [13/Apr/2020:05:00:07 +0000] "GET /users/auth/google/callback?code=4%2FygEqQYv_eWnEF6E4sq8nfpAI3-JAPIbcs1phFbQNywvirFIUhn_pBOROiMxq3J9OWpoa9alGA3h4GisANUDBBEU&scope=email+profile+https%3A%2F%2Fwww.googleapis.com%2Fauth%2Fuserinfo.profile+https%3A%2F%2Fwww.googleapis.com%2Fauth%2Fuserinfo.email+openid&authuser=0&prompt=consent HTTP/1.1" 302 46 "-" "Mozilla/5.0 (Windows NT 10.0; Win64; x64) AppleWebKit/537.36 (KHTML, like Gecko) Chrome/80.0.3987.163 Safari/537.36"
::1 - - [13/Apr/2020:05:00:07 +0000] "GET / HTTP/1.1" 200 3601 "-" "Mozilla/5.0 (Windows NT 10.0; Win64; x64) AppleWebKit/537.36 (KHTML, like Gecko) Chrome/80.0.3987.163 Safari/537.36"
::1 - - [13/Apr/2020:05:00:07 +0000] "GET /css/chat_box.css HTTP/1.1" 404 155 "http://localhost:7000/" "Mozilla/5.0 (Windows NT 10.0; Win64; x64) AppleWebKit/537.36 (KHTML, like Gecko) Chrome/80.0.3987.163 Safari/537.36"
::1 - - [13/Apr/2020:05:00:07 +0000] "GET /css/home.css HTTP/1.1" 404 151 "http://localhost:7000/" "Mozilla/5.0 (Windows NT 10.0; Win64; x64) AppleWebKit/537.36 (KHTML, like Gecko) Chrome/80.0.3987.163 Safari/537.36"
::1 - - [13/Apr/2020:05:00:07 +0000] "GET /javascript/home_post.js HTTP/1.1" 404 162 "http://localhost:7000/" "Mozilla/5.0 (Windows NT 10.0; Win64; x64) AppleWebKit/537.36 (KHTML, like Gecko) Chrome/80.0.3987.163 Safari/537.36"
::1 - - [13/Apr/2020:05:00:07 +0000] "GET /javascript/toggle_like.js HTTP/1.1" 404 164 "http://localhost:7000/" "Mozilla/5.0 (Windows NT 10.0; Win64; x64) AppleWebKit/537.36 (KHTML, like Gecko) Chrome/80.0.3987.163 Safari/537.36"
::1 - - [13/Apr/2020:05:00:07 +0000] "GET /javascript/chat_engine.js HTTP/1.1" 404 164 "http://localhost:7000/" "Mozilla/5.0 (Windows NT 10.0; Win64; x64) AppleWebKit/537.36 (KHTML, like Gecko) Chrome/80.0.3987.163 Safari/537.36"
::1 - - [13/Apr/2020:05:00:09 +0000] "GET /css/home.css HTTP/1.1" 404 151 "http://localhost:7000/" "Mozilla/5.0 (Windows NT 10.0; Win64; x64) AppleWebKit/537.36 (KHTML, like Gecko) Chrome/80.0.3987.163 Safari/537.36"
::1 - - [13/Apr/2020:05:00:09 +0000] "GET /css/chat_box.css HTTP/1.1" 404 155 "http://localhost:7000/" "Mozilla/5.0 (Windows NT 10.0; Win64; x64) AppleWebKit/537.36 (KHTML, like Gecko) Chrome/80.0.3987.163 Safari/537.36"
::1 - - [13/Apr/2020:05:00:09 +0000] "GET /javascript/home_post.js HTTP/1.1" 404 162 "http://localhost:7000/" "Mozilla/5.0 (Windows NT 10.0; Win64; x64) AppleWebKit/537.36 (KHTML, like Gecko) Chrome/80.0.3987.163 Safari/537.36"
::1 - - [13/Apr/2020:05:00:09 +0000] "GET /javascript/toggle_like.js HTTP/1.1" 404 164 "http://localhost:7000/" "Mozilla/5.0 (Windows NT 10.0; Win64; x64) AppleWebKit/537.36 (KHTML, like Gecko) Chrome/80.0.3987.163 Safari/537.36"
::1 - - [13/Apr/2020:05:00:09 +0000] "GET /javascript/chat_engine.js HTTP/1.1" 404 164 "http://localhost:7000/" "Mozilla/5.0 (Windows NT 10.0; Win64; x64) AppleWebKit/537.36 (KHTML, like Gecko) Chrome/80.0.3987.163 Safari/537.36"
::1 - - [13/Apr/2020:05:00:23 +0000] "GET / HTTP/1.1" 200 3337 "-" "Mozilla/5.0 (Windows NT 10.0; Win64; x64) AppleWebKit/537.36 (KHTML, like Gecko) Chrome/80.0.3987.163 Safari/537.36"
::1 - - [13/Apr/2020:05:00:23 +0000] "GET /css/home.css HTTP/1.1" 404 151 "http://localhost:7000/" "Mozilla/5.0 (Windows NT 10.0; Win64; x64) AppleWebKit/537.36 (KHTML, like Gecko) Chrome/80.0.3987.163 Safari/537.36"
::1 - - [13/Apr/2020:05:00:23 +0000] "GET /css/chat_box.css HTTP/1.1" 404 155 "http://localhost:7000/" "Mozilla/5.0 (Windows NT 10.0; Win64; x64) AppleWebKit/537.36 (KHTML, like Gecko) Chrome/80.0.3987.163 Safari/537.36"
::1 - - [13/Apr/2020:05:00:24 +0000] "GET /javascript/home_post.js HTTP/1.1" 404 162 "http://localhost:7000/" "Mozilla/5.0 (Windows NT 10.0; Win64; x64) AppleWebKit/537.36 (KHTML, like Gecko) Chrome/80.0.3987.163 Safari/537.36"
::1 - - [13/Apr/2020:05:00:24 +0000] "GET /javascript/toggle_like.js HTTP/1.1" 404 164 "http://localhost:7000/" "Mozilla/5.0 (Windows NT 10.0; Win64; x64) AppleWebKit/537.36 (KHTML, like Gecko) Chrome/80.0.3987.163 Safari/537.36"
::1 - - [13/Apr/2020:05:00:24 +0000] "GET /javascript/chat_engine.js HTTP/1.1" 404 164 "http://localhost:7000/" "Mozilla/5.0 (Windows NT 10.0; Win64; x64) AppleWebKit/537.36 (KHTML, like Gecko) Chrome/80.0.3987.163 Safari/537.36"
::1 - - [13/Apr/2020:05:00:24 +0000] "GET /css/home.css HTTP/1.1" 404 151 "http://localhost:7000/" "Mozilla/5.0 (Windows NT 10.0; Win64; x64) AppleWebKit/537.36 (KHTML, like Gecko) Chrome/80.0.3987.163 Safari/537.36"
::1 - - [13/Apr/2020:05:00:24 +0000] "GET /css/chat_box.css HTTP/1.1" 404 155 "http://localhost:7000/" "Mozilla/5.0 (Windows NT 10.0; Win64; x64) AppleWebKit/537.36 (KHTML, like Gecko) Chrome/80.0.3987.163 Safari/537.36"
::1 - - [13/Apr/2020:05:00:24 +0000] "GET /javascript/home_post.js HTTP/1.1" 404 162 "http://localhost:7000/" "Mozilla/5.0 (Windows NT 10.0; Win64; x64) AppleWebKit/537.36 (KHTML, like Gecko) Chrome/80.0.3987.163 Safari/537.36"
::1 - - [13/Apr/2020:05:00:24 +0000] "GET /javascript/toggle_like.js HTTP/1.1" 404 164 "http://localhost:7000/" "Mozilla/5.0 (Windows NT 10.0; Win64; x64) AppleWebKit/537.36 (KHTML, like Gecko) Chrome/80.0.3987.163 Safari/537.36"
::1 - - [13/Apr/2020:05:00:24 +0000] "GET /javascript/chat_engine.js HTTP/1.1" 404 164 "http://localhost:7000/" "Mozilla/5.0 (Windows NT 10.0; Win64; x64) AppleWebKit/537.36 (KHTML, like Gecko) Chrome/80.0.3987.163 Safari/537.36"
::1 - - [13/Apr/2020:05:00:56 +0000] "GET / HTTP/1.1" 200 3348 "-" "Mozilla/5.0 (Windows NT 10.0; Win64; x64) AppleWebKit/537.36 (KHTML, like Gecko) Chrome/80.0.3987.163 Safari/537.36"
::1 - - [13/Apr/2020:05:00:56 +0000] "GET /css/home.css HTTP/1.1" 404 151 "http://localhost:7000/" "Mozilla/5.0 (Windows NT 10.0; Win64; x64) AppleWebKit/537.36 (KHTML, like Gecko) Chrome/80.0.3987.163 Safari/537.36"
::1 - - [13/Apr/2020:05:00:56 +0000] "GET /css/chat_box.css HTTP/1.1" 404 155 "http://localhost:7000/" "Mozilla/5.0 (Windows NT 10.0; Win64; x64) AppleWebKit/537.36 (KHTML, like Gecko) Chrome/80.0.3987.163 Safari/537.36"
::1 - - [13/Apr/2020:05:00:56 +0000] "GET /javascript/toggle_like.js HTTP/1.1" 404 164 "http://localhost:7000/" "Mozilla/5.0 (Windows NT 10.0; Win64; x64) AppleWebKit/537.36 (KHTML, like Gecko) Chrome/80.0.3987.163 Safari/537.36"
::1 - - [13/Apr/2020:05:00:56 +0000] "GET /javascript/chat_engine.js HTTP/1.1" 404 164 "http://localhost:7000/" "Mozilla/5.0 (Windows NT 10.0; Win64; x64) AppleWebKit/537.36 (KHTML, like Gecko) Chrome/80.0.3987.163 Safari/537.36"
::1 - - [13/Apr/2020:05:00:56 +0000] "GET /css/home.css HTTP/1.1" 404 151 "http://localhost:7000/" "Mozilla/5.0 (Windows NT 10.0; Win64; x64) AppleWebKit/537.36 (KHTML, like Gecko) Chrome/80.0.3987.163 Safari/537.36"
::1 - - [13/Apr/2020:05:00:56 +0000] "GET /css/chat_box.css HTTP/1.1" 404 155 "http://localhost:7000/" "Mozilla/5.0 (Windows NT 10.0; Win64; x64) AppleWebKit/537.36 (KHTML, like Gecko) Chrome/80.0.3987.163 Safari/537.36"
::1 - - [13/Apr/2020:05:00:56 +0000] "GET /javascript/toggle_like.js HTTP/1.1" 404 164 "http://localhost:7000/" "Mozilla/5.0 (Windows NT 10.0; Win64; x64) AppleWebKit/537.36 (KHTML, like Gecko) Chrome/80.0.3987.163 Safari/537.36"
::1 - - [13/Apr/2020:05:00:56 +0000] "GET /javascript/chat_engine.js HTTP/1.1" 404 164 "http://localhost:7000/" "Mozilla/5.0 (Windows NT 10.0; Win64; x64) AppleWebKit/537.36 (KHTML, like Gecko) Chrome/80.0.3987.163 Safari/537.36"
::1 - - [13/Apr/2020:05:01:08 +0000] "POST /posts/create HTTP/1.1" 200 273 "http://localhost:7000/" "Mozilla/5.0 (Windows NT 10.0; Win64; x64) AppleWebKit/537.36 (KHTML, like Gecko) Chrome/80.0.3987.163 Safari/537.36"
::1 - - [13/Apr/2020:05:01:08 +0000] "POST /posts/create HTTP/1.1" 200 273 "http://localhost:7000/" "Mozilla/5.0 (Windows NT 10.0; Win64; x64) AppleWebKit/537.36 (KHTML, like Gecko) Chrome/80.0.3987.163 Safari/537.36"
::1 - - [13/Apr/2020:05:01:08 +0000] "POST /posts/create HTTP/1.1" 200 273 "http://localhost:7000/" "Mozilla/5.0 (Windows NT 10.0; Win64; x64) AppleWebKit/537.36 (KHTML, like Gecko) Chrome/80.0.3987.163 Safari/537.36"
::1 - - [13/Apr/2020:05:01:08 +0000] "POST /posts/create HTTP/1.1" 200 273 "http://localhost:7000/" "Mozilla/5.0 (Windows NT 10.0; Win64; x64) AppleWebKit/537.36 (KHTML, like Gecko) Chrome/80.0.3987.163 Safari/537.36"
::1 - - [13/Apr/2020:05:01:12 +0000] "GET /posts/destroy/5e93f214e9eeb828a4736d67 HTTP/1.1" 200 85 "http://localhost:7000/" "Mozilla/5.0 (Windows NT 10.0; Win64; x64) AppleWebKit/537.36 (KHTML, like Gecko) Chrome/80.0.3987.163 Safari/537.36"
::1 - - [13/Apr/2020:05:01:12 +0000] "GET /posts/destroy/5e93f214e9eeb828a4736d66 HTTP/1.1" 200 85 "http://localhost:7000/" "Mozilla/5.0 (Windows NT 10.0; Win64; x64) AppleWebKit/537.36 (KHTML, like Gecko) Chrome/80.0.3987.163 Safari/537.36"
::1 - - [13/Apr/2020:05:01:13 +0000] "GET /posts/destroy/5e93f213e9eeb828a4736d65 HTTP/1.1" 200 85 "http://localhost:7000/" "Mozilla/5.0 (Windows NT 10.0; Win64; x64) AppleWebKit/537.36 (KHTML, like Gecko) Chrome/80.0.3987.163 Safari/537.36"
::1 - - [13/Apr/2020:05:01:13 +0000] "GET /posts/destroy/5e93f213e9eeb828a4736d64 HTTP/1.1" 200 85 "http://localhost:7000/" "Mozilla/5.0 (Windows NT 10.0; Win64; x64) AppleWebKit/537.36 (KHTML, like Gecko) Chrome/80.0.3987.163 Safari/537.36"
::1 - - [13/Apr/2020:05:01:51 +0000] "GET / HTTP/1.1" 200 3359 "-" "Mozilla/5.0 (Windows NT 10.0; Win64; x64) AppleWebKit/537.36 (KHTML, like Gecko) Chrome/80.0.3987.163 Safari/537.36"
::1 - - [13/Apr/2020:05:01:51 +0000] "GET /css/home.css HTTP/1.1" 404 151 "http://localhost:7000/" "Mozilla/5.0 (Windows NT 10.0; Win64; x64) AppleWebKit/537.36 (KHTML, like Gecko) Chrome/80.0.3987.163 Safari/537.36"
::1 - - [13/Apr/2020:05:01:51 +0000] "GET /css/chat_box.css HTTP/1.1" 404 155 "http://localhost:7000/" "Mozilla/5.0 (Windows NT 10.0; Win64; x64) AppleWebKit/537.36 (KHTML, like Gecko) Chrome/80.0.3987.163 Safari/537.36"
::1 - - [13/Apr/2020:05:01:51 +0000] "GET /javascript/chat_engine.js HTTP/1.1" 404 164 "http://localhost:7000/" "Mozilla/5.0 (Windows NT 10.0; Win64; x64) AppleWebKit/537.36 (KHTML, like Gecko) Chrome/80.0.3987.163 Safari/537.36"
::1 - - [13/Apr/2020:05:01:51 +0000] "GET /css/home.css HTTP/1.1" 404 151 "http://localhost:7000/" "Mozilla/5.0 (Windows NT 10.0; Win64; x64) AppleWebKit/537.36 (KHTML, like Gecko) Chrome/80.0.3987.163 Safari/537.36"
::1 - - [13/Apr/2020:05:01:51 +0000] "GET /css/chat_box.css HTTP/1.1" 404 155 "http://localhost:7000/" "Mozilla/5.0 (Windows NT 10.0; Win64; x64) AppleWebKit/537.36 (KHTML, like Gecko) Chrome/80.0.3987.163 Safari/537.36"
::1 - - [13/Apr/2020:05:01:51 +0000] "GET /javascript/chat_engine.js HTTP/1.1" 404 164 "http://localhost:7000/" "Mozilla/5.0 (Windows NT 10.0; Win64; x64) AppleWebKit/537.36 (KHTML, like Gecko) Chrome/80.0.3987.163 Safari/537.36"
::1 - - [13/Apr/2020:05:01:55 +0000] "POST /posts/create HTTP/1.1" 200 273 "http://localhost:7000/" "Mozilla/5.0 (Windows NT 10.0; Win64; x64) AppleWebKit/537.36 (KHTML, like Gecko) Chrome/80.0.3987.163 Safari/537.36"
::1 - - [13/Apr/2020:05:01:57 +0000] "POST /likes/toggle/?id=5e93f243e9eeb828a4736d68&type=Post HTTP/1.1" 200 49 "http://localhost:7000/" "Mozilla/5.0 (Windows NT 10.0; Win64; x64) AppleWebKit/537.36 (KHTML, like Gecko) Chrome/80.0.3987.163 Safari/537.36"
::1 - - [13/Apr/2020:05:01:58 +0000] "POST /likes/toggle/?id=5e93f243e9eeb828a4736d68&type=Post HTTP/1.1" 200 48 "http://localhost:7000/" "Mozilla/5.0 (Windows NT 10.0; Win64; x64) AppleWebKit/537.36 (KHTML, like Gecko) Chrome/80.0.3987.163 Safari/537.36"
::1 - - [13/Apr/2020:05:03:27 +0000] "GET / HTTP/1.1" 200 4486 "-" "Mozilla/5.0 (Windows NT 10.0; Win64; x64) AppleWebKit/537.36 (KHTML, like Gecko) Chrome/80.0.3987.163 Safari/537.36"
::1 - - [13/Apr/2020:05:03:28 +0000] "GET /css/chat_box.css HTTP/1.1" 404 155 "http://localhost:7000/" "Mozilla/5.0 (Windows NT 10.0; Win64; x64) AppleWebKit/537.36 (KHTML, like Gecko) Chrome/80.0.3987.163 Safari/537.36"
::1 - - [13/Apr/2020:05:03:30 +0000] "GET /javascript/chat_engine.js HTTP/1.1" 404 164 "http://localhost:7000/" "Mozilla/5.0 (Windows NT 10.0; Win64; x64) AppleWebKit/537.36 (KHTML, like Gecko) Chrome/80.0.3987.163 Safari/537.36"
::1 - - [13/Apr/2020:05:04:25 +0000] "GET / HTTP/1.1" 200 4497 "-" "Mozilla/5.0 (Windows NT 10.0; Win64; x64) AppleWebKit/537.36 (KHTML, like Gecko) Chrome/80.0.3987.163 Safari/537.36"
::1 - - [13/Apr/2020:05:04:26 +0000] "GET /css/chat_box.css HTTP/1.1" 404 155 "http://localhost:7000/" "Mozilla/5.0 (Windows NT 10.0; Win64; x64) AppleWebKit/537.36 (KHTML, like Gecko) Chrome/80.0.3987.163 Safari/537.36"
::1 - - [13/Apr/2020:05:04:26 +0000] "GET /css/chat_box.css HTTP/1.1" 404 155 "http://localhost:7000/" "Mozilla/5.0 (Windows NT 10.0; Win64; x64) AppleWebKit/537.36 (KHTML, like Gecko) Chrome/80.0.3987.163 Safari/537.36"
::1 - - [13/Apr/2020:05:05:24 +0000] "GET / HTTP/1.1" 200 4508 "-" "Mozilla/5.0 (Windows NT 10.0; Win64; x64) AppleWebKit/537.36 (KHTML, like Gecko) Chrome/80.0.3987.163 Safari/537.36"
::1 - - [13/Apr/2020:05:06:06 +0000] "GET /users/profile/5e9099fa39885c3f8466d14e HTTP/1.1" 200 2427 "http://localhost:7000/" "Mozilla/5.0 (Windows NT 10.0; Win64; x64) AppleWebKit/537.36 (KHTML, like Gecko) Chrome/80.0.3987.163 Safari/537.36"
::1 - - [13/Apr/2020:05:06:06 +0000] "GET /css/user_profile.css HTTP/1.1" 404 159 "http://localhost:7000/users/profile/5e9099fa39885c3f8466d14e" "Mozilla/5.0 (Windows NT 10.0; Win64; x64) AppleWebKit/537.36 (KHTML, like Gecko) Chrome/80.0.3987.163 Safari/537.36"
::1 - - [13/Apr/2020:05:06:06 +0000] "GET /javascript/friend.js HTTP/1.1" 404 159 "http://localhost:7000/users/profile/5e9099fa39885c3f8466d14e" "Mozilla/5.0 (Windows NT 10.0; Win64; x64) AppleWebKit/537.36 (KHTML, like Gecko) Chrome/80.0.3987.163 Safari/537.36"
::1 - - [13/Apr/2020:05:06:06 +0000] "GET /css/user_profile.css HTTP/1.1" 404 159 "http://localhost:7000/users/profile/5e9099fa39885c3f8466d14e" "Mozilla/5.0 (Windows NT 10.0; Win64; x64) AppleWebKit/537.36 (KHTML, like Gecko) Chrome/80.0.3987.163 Safari/537.36"
::1 - - [13/Apr/2020:05:06:06 +0000] "GET /javascript/friend.js HTTP/1.1" 404 159 "http://localhost:7000/users/profile/5e9099fa39885c3f8466d14e" "Mozilla/5.0 (Windows NT 10.0; Win64; x64) AppleWebKit/537.36 (KHTML, like Gecko) Chrome/80.0.3987.163 Safari/537.36"
::1 - - [13/Apr/2020:05:07:43 +0000] "GET /users/profile/5e9099fa39885c3f8466d14e HTTP/1.1" 200 2438 "http://localhost:7000/" "Mozilla/5.0 (Windows NT 10.0; Win64; x64) AppleWebKit/537.36 (KHTML, like Gecko) Chrome/80.0.3987.163 Safari/537.36"
::1 - - [13/Apr/2020:05:07:43 +0000] "GET /javascript/friend.js HTTP/1.1" 404 159 "http://localhost:7000/users/profile/5e9099fa39885c3f8466d14e" "Mozilla/5.0 (Windows NT 10.0; Win64; x64) AppleWebKit/537.36 (KHTML, like Gecko) Chrome/80.0.3987.163 Safari/537.36"
::1 - - [13/Apr/2020:05:07:43 +0000] "GET /javascript/friend.js HTTP/1.1" 404 159 "http://localhost:7000/users/profile/5e9099fa39885c3f8466d14e" "Mozilla/5.0 (Windows NT 10.0; Win64; x64) AppleWebKit/537.36 (KHTML, like Gecko) Chrome/80.0.3987.163 Safari/537.36"
::1 - - [13/Apr/2020:05:07:45 +0000] "GET /users/profile/5e9099fa39885c3f8466d14e HTTP/1.1" 304 - "http://localhost:7000/" "Mozilla/5.0 (Windows NT 10.0; Win64; x64) AppleWebKit/537.36 (KHTML, like Gecko) Chrome/80.0.3987.163 Safari/537.36"
::1 - - [13/Apr/2020:05:07:45 +0000] "GET /javascript/friend.js HTTP/1.1" 404 159 "http://localhost:7000/users/profile/5e9099fa39885c3f8466d14e" "Mozilla/5.0 (Windows NT 10.0; Win64; x64) AppleWebKit/537.36 (KHTML, like Gecko) Chrome/80.0.3987.163 Safari/537.36"
::1 - - [13/Apr/2020:05:07:45 +0000] "GET /javascript/friend.js HTTP/1.1" 404 159 "http://localhost:7000/users/profile/5e9099fa39885c3f8466d14e" "Mozilla/5.0 (Windows NT 10.0; Win64; x64) AppleWebKit/537.36 (KHTML, like Gecko) Chrome/80.0.3987.163 Safari/537.36"
